WARNING - 11/15/20 19:46:39 - 0:00:00 - Process rank: 2, device: cuda:2, n_gpu: 1, distributed training: True, 16-bits training: False
WARNING - 11/15/20 19:46:39 - 0:00:00 - Process rank: 1, device: cuda:1, n_gpu: 1, distributed training: True, 16-bits training: False
WARNING - 11/15/20 19:46:39 - 0:00:00 - Process rank: 3, device: cuda:3, n_gpu: 1, distributed training: True, 16-bits training: False
INFO - 11/15/20 19:46:39 - 0:00:00 - ============ Initialized logger ============
INFO - 11/15/20 19:46:39 - 0:00:00 - adam_epsilon: 1e-08
                                     alpha: None
                                     available_entities: candidates_only
                                     cache_dir: 
                                     clustering_domain: within_doc
                                     command: python src/main.py --local_rank=0 --data_dir '/local/coref_entity_linking/data/BC5CDR-c/' --model_type 'bert' --model_name_or_path 'models/biobert_v1.1_pubmed/' --task_name 'cluster_linking' --output_dir '/mnt/nfs/scratch1/rangell/lerac/coref_entity_linking/experiments/BC5CDR-c/cluster_linking/exp_0_m-m/' --log_dir '/mnt/nfs/scratch1/rangell/lerac/coref_entity_linking/logs/' --do_train --max_seq_length '128' --seq_embed_dim '128' --embed_pooling_strategy 'pool_highlighted_outputs' --concat_pooling_strategy 'pool_highlighted_outputs' --clustering_domain 'within_doc' --available_entities 'candidates_only' --mention_negatives 'random' --training_method 'triplet_max_margin' --pair_gen_method 'mst' --training_edges_considered 'm-m' --k '128' --num_train_negs '24' --margin '0.7' --warmup_steps '100' --learning_rate '5e-5' --max_grad_norm '1.0' --num_clusters_per_macro_batch '16' --per_gpu_train_batch_size '16' --per_gpu_infer_batch_size '256' --num_train_epochs '5' --logging_steps '25' --knn_refresh_steps '-1' --train_domains 'train' 'entity_documents' --val_domains 'val' 'entity_documents'
                                     concat_pooling_strategy: pool_highlighted_outputs
                                     config_name: 
                                     data_dir: /local/coref_entity_linking/data/BC5CDR-c/
                                     device: cuda:0
                                     disable_logging: False
                                     do_lower_case: False
                                     do_test: False
                                     do_train: True
                                     do_train_eval: False
                                     do_val: False
                                     dump_coref_candidate_sets: False
                                     embed_pooling_strategy: pool_highlighted_outputs
                                     eval_all_checkpoints: False
                                     eval_coref_threshold: None
                                     evaluate_during_training: False
                                     fp16: False
                                     fp16_opt_level: O1
                                     git_hash: eac0eb1432d3e5d5697f972ba9f55260a6a71f7d
                                     gradient_accumulation_steps: 1
                                     k: 128
                                     knn_refresh_steps: -1
                                     learning_rate: 5e-05
                                     local_rank: 0
                                     log_dir: /mnt/nfs/scratch1/rangell/lerac/coref_entity_linking/logs/
                                     logging_steps: 25
                                     margin: 0.7
                                     max_grad_norm: 1.0
                                     max_seq_length: 128
                                     max_steps: -1
                                     mention_negatives: random
                                     model_name_or_path: models/biobert_v1.1_pubmed/
                                     model_type: bert
                                     n_gpu: 1
                                     no_cuda: False
                                     num_candidates: 64
                                     num_candidates_per_example: 16
                                     num_clusters_per_macro_batch: 16
                                     num_context_codes: 4
                                     num_dataloader_workers: 0
                                     num_train_epochs: 5
                                     num_train_negs: 24
                                     output_dir: /mnt/nfs/scratch1/rangell/lerac/coref_entity_linking/experiments/BC5CDR-c/cluster_linking/exp_0_m-m/
                                     overwrite_cache: False
                                     overwrite_output_dir: False
                                     pair_gen_method: mst
                                     per_gpu_infer_batch_size: 256
                                     per_gpu_train_batch_size: 16
                                     sample_size: None
                                     save_steps: 50
                                     seed: 42
                                     seq_embed_dim: 128
                                     server_ip: 
                                     server_port: 
                                     task_name: cluster_linking
                                     test_domains: None
                                     test_mention_entity_scores: None
                                     tiny_experiment: False
                                     tokenizer_name: 
                                     train_domains: ['train', 'entity_documents']
                                     train_mention_entity_scores: None
                                     trained_model_dir: None
                                     training_edges_considered: m-m
                                     training_method: triplet_max_margin
                                     val_domains: ['val', 'entity_documents']
                                     val_mention_entity_scores: None
                                     warmup_steps: 100
                                     weight_decay: 0.0
                                     world_size: 4
INFO - 11/15/20 19:46:39 - 0:00:00 - The experiment will be stored in /mnt/nfs/scratch1/rangell/lerac/coref_entity_linking/experiments/BC5CDR-c/cluster_linking/exp_0_m-m/
                                     
INFO - 11/15/20 19:46:39 - 0:00:00 - Running command: python src/main.py --local_rank=0 --data_dir '/local/coref_entity_linking/data/BC5CDR-c/' --model_type 'bert' --model_name_or_path 'models/biobert_v1.1_pubmed/' --task_name 'cluster_linking' --output_dir '/mnt/nfs/scratch1/rangell/lerac/coref_entity_linking/experiments/BC5CDR-c/cluster_linking/exp_0_m-m/' --log_dir '/mnt/nfs/scratch1/rangell/lerac/coref_entity_linking/logs/' --do_train --max_seq_length '128' --seq_embed_dim '128' --embed_pooling_strategy 'pool_highlighted_outputs' --concat_pooling_strategy 'pool_highlighted_outputs' --clustering_domain 'within_doc' --available_entities 'candidates_only' --mention_negatives 'random' --training_method 'triplet_max_margin' --pair_gen_method 'mst' --training_edges_considered 'm-m' --k '128' --num_train_negs '24' --margin '0.7' --warmup_steps '100' --learning_rate '5e-5' --max_grad_norm '1.0' --num_clusters_per_macro_batch '16' --per_gpu_train_batch_size '16' --per_gpu_infer_batch_size '256' --num_train_epochs '5' --logging_steps '25' --knn_refresh_steps '-1' --train_domains 'train' 'entity_documents' --val_domains 'val' 'entity_documents'
                                     
WARNING - 11/15/20 19:46:39 - 0:00:00 - Process rank: 0, device: cuda:0, n_gpu: 1, distributed training: True, 16-bits training: False
INFO - 11/15/20 19:46:39 - 0:00:00 - Creating models.
INFO - 11/15/20 19:46:39 - 0:00:00 - loading configuration file models/biobert_v1.1_pubmed/config.json
INFO - 11/15/20 19:46:39 - 0:00:00 - Model config BertConfig {
                                       "attention_probs_dropout_prob": 0.1,
                                       "finetuning_task": "cluster_linking",
                                       "hidden_act": "gelu",
                                       "hidden_dropout_prob": 0.1,
                                       "hidden_size": 768,
                                       "initializer_range": 0.02,
                                       "intermediate_size": 3072,
                                       "layer_norm_eps": 1e-12,
                                       "max_position_embeddings": 512,
                                       "model_type": "bert",
                                       "num_attention_heads": 12,
                                       "num_hidden_layers": 12,
                                       "pad_token_id": 0,
                                       "type_vocab_size": 2,
                                       "vocab_size": 28996
                                     }
                                     
INFO - 11/15/20 19:46:39 - 0:00:00 - Model name 'models/biobert_v1.1_pubmed/' not found in model shortcut name list (bert-base-uncased, bert-large-uncased, bert-base-cased, bert-large-cased, bert-base-multilingual-uncased, bert-base-multilingual-cased, bert-base-chinese, bert-base-german-cased, bert-large-uncased-whole-word-masking, bert-large-cased-whole-word-masking, bert-large-uncased-whole-word-masking-finetuned-squad, bert-large-cased-whole-word-masking-finetuned-squad, bert-base-cased-finetuned-mrpc, bert-base-german-dbmdz-cased, bert-base-german-dbmdz-uncased, TurkuNLP/bert-base-finnish-cased-v1, TurkuNLP/bert-base-finnish-uncased-v1, wietsedv/bert-base-dutch-cased). Assuming 'models/biobert_v1.1_pubmed/' is a path, a model identifier, or url to a directory containing tokenizer files.
INFO - 11/15/20 19:46:39 - 0:00:00 - Didn't find file models/biobert_v1.1_pubmed/added_tokens.json. We won't load it.
INFO - 11/15/20 19:46:39 - 0:00:00 - Didn't find file models/biobert_v1.1_pubmed/special_tokens_map.json. We won't load it.
INFO - 11/15/20 19:46:39 - 0:00:00 - Didn't find file models/biobert_v1.1_pubmed/tokenizer_config.json. We won't load it.
INFO - 11/15/20 19:46:39 - 0:00:00 - loading file models/biobert_v1.1_pubmed/vocab.txt
INFO - 11/15/20 19:46:39 - 0:00:00 - loading file None
INFO - 11/15/20 19:46:39 - 0:00:00 - loading file None
INFO - 11/15/20 19:46:39 - 0:00:00 - loading file None
INFO - 11/15/20 19:46:39 - 0:00:00 - loading weights file models/biobert_v1.1_pubmed/pytorch_model.bin
INFO - 11/15/20 19:46:43 - 0:00:04 - Weights of BertSequenceScoringModel not initialized from pretrained model: ['concatenation_cls_layer1.weight', 'concatenation_cls_layer1.bias', 'concatenation_cls_layer2.weight', 'concatenation_cls_layer2.bias']
INFO - 11/15/20 19:46:43 - 0:00:04 - Weights from pretrained model not used in BertSequenceScoringModel: ['cls.predictions.bias', 'cls.predictions.transform.dense.weight', 'cls.predictions.transform.dense.bias', 'cls.predictions.transform.LayerNorm.weight', 'cls.predictions.transform.LayerNorm.bias', 'cls.predictions.decoder.weight', 'cls.seq_relationship.weight', 'cls.seq_relationship.bias']
INFO - 11/15/20 19:46:43 - 0:00:04 - loading weights file models/biobert_v1.1_pubmed/pytorch_model.bin
INFO - 11/15/20 19:46:47 - 0:00:08 - Weights of BertSequenceScoringModel not initialized from pretrained model: ['concatenation_pool_layer1.weight', 'concatenation_pool_layer1.bias', 'concatenation_pool_layer2.weight', 'concatenation_pool_layer2.bias', 'concatenation_pool_layer3.weight', 'concatenation_pool_layer3.bias']
INFO - 11/15/20 19:46:47 - 0:00:08 - Weights from pretrained model not used in BertSequenceScoringModel: ['cls.predictions.bias', 'cls.predictions.transform.dense.weight', 'cls.predictions.transform.dense.bias', 'cls.predictions.transform.LayerNorm.weight', 'cls.predictions.transform.LayerNorm.bias', 'cls.predictions.decoder.weight', 'cls.seq_relationship.weight', 'cls.seq_relationship.bias']
INFO - 11/15/20 19:46:47 - 0:00:08 - Creating metadata and dataset...
INFO - 11/15/20 19:48:57 - 0:02:18 - Done.
INFO - 11/15/20 19:48:57 - 0:02:18 - Loading cached metadata and dataset.
INFO - 11/15/20 19:49:01 - 0:02:22 - Training/evaluation parameters Namespace(adam_epsilon=1e-08, alpha=None, available_entities='candidates_only', cache_dir='', clustering_domain='within_doc', command="python src/main.py --local_rank=0 --data_dir '/local/coref_entity_linking/data/BC5CDR-c/' --model_type 'bert' --model_name_or_path 'models/biobert_v1.1_pubmed/' --task_name 'cluster_linking' --output_dir '/mnt/nfs/scratch1/rangell/lerac/coref_entity_linking/experiments/BC5CDR-c/cluster_linking/exp_0_m-m/' --log_dir '/mnt/nfs/scratch1/rangell/lerac/coref_entity_linking/logs/' --do_train --max_seq_length '128' --seq_embed_dim '128' --embed_pooling_strategy 'pool_highlighted_outputs' --concat_pooling_strategy 'pool_highlighted_outputs' --clustering_domain 'within_doc' --available_entities 'candidates_only' --mention_negatives 'random' --training_method 'triplet_max_margin' --pair_gen_method 'mst' --training_edges_considered 'm-m' --k '128' --num_train_negs '24' --margin '0.7' --warmup_steps '100' --learning_rate '5e-5' --max_grad_norm '1.0' --num_clusters_per_macro_batch '16' --per_gpu_train_batch_size '16' --per_gpu_infer_batch_size '256' --num_train_epochs '5' --logging_steps '25' --knn_refresh_steps '-1' --train_domains 'train' 'entity_documents' --val_domains 'val' 'entity_documents'", concat_pooling_strategy='pool_highlighted_outputs', config_name='', data_dir='/local/coref_entity_linking/data/BC5CDR-c/', device=device(type='cuda', index=0), disable_logging=False, do_lower_case=False, do_test=False, do_train=True, do_train_eval=False, do_val=False, dump_coref_candidate_sets=False, embed_pooling_strategy='pool_highlighted_outputs', eval_all_checkpoints=False, eval_coref_threshold=None, evaluate_during_training=False, fp16=False, fp16_opt_level='O1', git_hash='eac0eb1432d3e5d5697f972ba9f55260a6a71f7d', gradient_accumulation_steps=1, infer_batch_size=256, k=128, knn_refresh_steps=-1, learning_rate=5e-05, local_rank=0, log_dir='/mnt/nfs/scratch1/rangell/lerac/coref_entity_linking/logs/', logging_steps=25, margin=0.7, max_grad_norm=1.0, max_seq_length=128, max_steps=-1, mention_negatives='random', model_name_or_path='models/biobert_v1.1_pubmed/', model_type='bert', n_gpu=1, no_cuda=False, num_candidates=64, num_candidates_per_example=16, num_clusters_per_macro_batch=16, num_context_codes=4, num_dataloader_workers=0, num_train_epochs=5, num_train_negs=24, output_dir='/mnt/nfs/scratch1/rangell/lerac/coref_entity_linking/experiments/BC5CDR-c/cluster_linking/exp_0_m-m/', overwrite_cache=False, overwrite_output_dir=False, pair_gen_method='mst', per_gpu_infer_batch_size=256, per_gpu_train_batch_size=16, sample_size=None, save_steps=50, seed=42, seq_embed_dim=128, server_ip='', server_port='', t_total=860, task_name='cluster_linking', test_domains=None, test_mention_entity_scores=None, tiny_experiment=False, tokenizer=<transformers.tokenization_bert.BertTokenizer object at 0x2aab1da11dd0>, tokenizer_name='', train_batch_size=16, train_cache_dir='/local/coref_entity_linking/data/BC5CDR-c/cache/train', train_domains=['train', 'entity_documents'], train_mention_entity_scores=None, trained_model_dir=None, training_edges_considered='m-m', training_method='triplet_max_margin', val_domains=['val', 'entity_documents'], val_mention_entity_scores=None, warmup_steps=100, weight_decay=0.0, world_size=4)
INFO - 11/15/20 19:49:01 - 0:02:22 - Creating sub-trainers.
INFO - 11/15/20 19:49:01 - 0:02:22 - Successfully created trainer object
INFO - 11/15/20 19:49:01 - 0:02:22 - Starting training...
INFO - 11/15/20 19:49:01 - 0:02:22 - ********** [START] epoch: 0 **********
INFO - 11/15/20 19:49:01 - 0:02:22 - num_batches: 172
INFO - 11/15/20 20:05:46 - 0:19:07 - Average concat_loss: 0.6979327179345066 at global step: 25
INFO - 11/15/20 20:05:46 - 0:19:07 - Average concat_num_examples: 345.6 at global step: 25
INFO - 11/15/20 20:05:46 - 0:19:07 - Average concat_pos_m_neg_m_loss: 0.6979327179345066 at global step: 25
INFO - 11/15/20 20:05:46 - 0:19:07 - Average concat_pos_m_neg_e_loss: 0.0 at global step: 25
INFO - 11/15/20 20:05:46 - 0:19:07 - Average concat_pos_e_neg_m_loss: 0.0 at global step: 25
INFO - 11/15/20 20:05:46 - 0:19:07 - Average concat_pos_e_neg_e_loss: 0.0 at global step: 25
INFO - 11/15/20 20:05:46 - 0:19:07 - Average concat_pos_m_neg_m_num_examples: 345.6 at global step: 25
INFO - 11/15/20 20:05:46 - 0:19:07 - Average concat_pos_m_neg_e_num_examples: 0.0 at global step: 25
INFO - 11/15/20 20:05:46 - 0:19:07 - Average concat_pos_e_neg_m_num_examples: 0.0 at global step: 25
INFO - 11/15/20 20:05:46 - 0:19:07 - Average concat_pos_e_neg_e_num_examples: 0.0 at global step: 25
INFO - 11/15/20 20:05:46 - 0:19:07 - Using m-m edges for training
INFO - 11/15/20 20:23:25 - 0:36:46 - Average concat_loss: 0.6272499075263014 at global step: 50
INFO - 11/15/20 20:23:25 - 0:36:46 - Average concat_num_examples: 377.12 at global step: 50
INFO - 11/15/20 20:23:25 - 0:36:46 - Average concat_pos_m_neg_m_loss: 0.6272499075263014 at global step: 50
INFO - 11/15/20 20:23:25 - 0:36:46 - Average concat_pos_m_neg_e_loss: 0.0 at global step: 50
INFO - 11/15/20 20:23:25 - 0:36:46 - Average concat_pos_e_neg_m_loss: 0.0 at global step: 50
INFO - 11/15/20 20:23:25 - 0:36:46 - Average concat_pos_e_neg_e_loss: 0.0 at global step: 50
INFO - 11/15/20 20:23:25 - 0:36:46 - Average concat_pos_m_neg_m_num_examples: 377.12 at global step: 50
INFO - 11/15/20 20:23:25 - 0:36:46 - Average concat_pos_m_neg_e_num_examples: 0.0 at global step: 50
INFO - 11/15/20 20:23:25 - 0:36:46 - Average concat_pos_e_neg_m_num_examples: 0.0 at global step: 50
INFO - 11/15/20 20:23:25 - 0:36:46 - Average concat_pos_e_neg_e_num_examples: 0.0 at global step: 50
INFO - 11/15/20 20:23:25 - 0:36:46 - Using m-m edges for training
INFO - 11/15/20 20:39:32 - 0:52:53 - Average concat_loss: 0.11122328243110362 at global step: 75
INFO - 11/15/20 20:39:32 - 0:52:53 - Average concat_num_examples: 324.0 at global step: 75
INFO - 11/15/20 20:39:32 - 0:52:53 - Average concat_pos_m_neg_m_loss: 0.11122328243110362 at global step: 75
INFO - 11/15/20 20:39:32 - 0:52:53 - Average concat_pos_m_neg_e_loss: 0.0 at global step: 75
INFO - 11/15/20 20:39:32 - 0:52:53 - Average concat_pos_e_neg_m_loss: 0.0 at global step: 75
INFO - 11/15/20 20:39:32 - 0:52:53 - Average concat_pos_e_neg_e_loss: 0.0 at global step: 75
INFO - 11/15/20 20:39:32 - 0:52:53 - Average concat_pos_m_neg_m_num_examples: 324.0 at global step: 75
INFO - 11/15/20 20:39:32 - 0:52:53 - Average concat_pos_m_neg_e_num_examples: 0.0 at global step: 75
INFO - 11/15/20 20:39:32 - 0:52:53 - Average concat_pos_e_neg_m_num_examples: 0.0 at global step: 75
INFO - 11/15/20 20:39:32 - 0:52:53 - Average concat_pos_e_neg_e_num_examples: 0.0 at global step: 75
INFO - 11/15/20 20:39:32 - 0:52:53 - Using m-m edges for training
INFO - 11/15/20 20:56:04 - 1:09:25 - Average concat_loss: 0.031021821174507344 at global step: 100
INFO - 11/15/20 20:56:04 - 1:09:25 - Average concat_num_examples: 342.56 at global step: 100
INFO - 11/15/20 20:56:04 - 1:09:25 - Average concat_pos_m_neg_m_loss: 0.031021821174507344 at global step: 100
INFO - 11/15/20 20:56:04 - 1:09:25 - Average concat_pos_m_neg_e_loss: 0.0 at global step: 100
INFO - 11/15/20 20:56:04 - 1:09:25 - Average concat_pos_e_neg_m_loss: 0.0 at global step: 100
INFO - 11/15/20 20:56:04 - 1:09:25 - Average concat_pos_e_neg_e_loss: 0.0 at global step: 100
INFO - 11/15/20 20:56:04 - 1:09:25 - Average concat_pos_m_neg_m_num_examples: 342.56 at global step: 100
INFO - 11/15/20 20:56:04 - 1:09:25 - Average concat_pos_m_neg_e_num_examples: 0.0 at global step: 100
INFO - 11/15/20 20:56:04 - 1:09:25 - Average concat_pos_e_neg_m_num_examples: 0.0 at global step: 100
INFO - 11/15/20 20:56:04 - 1:09:25 - Average concat_pos_e_neg_e_num_examples: 0.0 at global step: 100
INFO - 11/15/20 20:56:04 - 1:09:25 - Using m-m edges for training
INFO - 11/15/20 21:13:32 - 1:26:53 - Average concat_loss: 0.02009064851311881 at global step: 125
INFO - 11/15/20 21:13:32 - 1:26:53 - Average concat_num_examples: 379.36 at global step: 125
INFO - 11/15/20 21:13:32 - 1:26:53 - Average concat_pos_m_neg_m_loss: 0.02009064851311881 at global step: 125
INFO - 11/15/20 21:13:32 - 1:26:53 - Average concat_pos_m_neg_e_loss: 0.0 at global step: 125
INFO - 11/15/20 21:13:32 - 1:26:53 - Average concat_pos_e_neg_m_loss: 0.0 at global step: 125
INFO - 11/15/20 21:13:32 - 1:26:53 - Average concat_pos_e_neg_e_loss: 0.0 at global step: 125
INFO - 11/15/20 21:13:32 - 1:26:53 - Average concat_pos_m_neg_m_num_examples: 379.36 at global step: 125
INFO - 11/15/20 21:13:32 - 1:26:53 - Average concat_pos_m_neg_e_num_examples: 0.0 at global step: 125
INFO - 11/15/20 21:13:32 - 1:26:53 - Average concat_pos_e_neg_m_num_examples: 0.0 at global step: 125
INFO - 11/15/20 21:13:32 - 1:26:53 - Average concat_pos_e_neg_e_num_examples: 0.0 at global step: 125
INFO - 11/15/20 21:13:32 - 1:26:53 - Using m-m edges for training
INFO - 11/15/20 21:31:26 - 1:44:47 - Average concat_loss: 0.017737095768030724 at global step: 150
INFO - 11/15/20 21:31:26 - 1:44:47 - Average concat_num_examples: 370.88 at global step: 150
INFO - 11/15/20 21:31:26 - 1:44:47 - Average concat_pos_m_neg_m_loss: 0.017737095768030724 at global step: 150
INFO - 11/15/20 21:31:26 - 1:44:47 - Average concat_pos_m_neg_e_loss: 0.0 at global step: 150
INFO - 11/15/20 21:31:26 - 1:44:47 - Average concat_pos_e_neg_m_loss: 0.0 at global step: 150
INFO - 11/15/20 21:31:26 - 1:44:47 - Average concat_pos_e_neg_e_loss: 0.0 at global step: 150
INFO - 11/15/20 21:31:26 - 1:44:47 - Average concat_pos_m_neg_m_num_examples: 370.88 at global step: 150
INFO - 11/15/20 21:31:26 - 1:44:47 - Average concat_pos_m_neg_e_num_examples: 0.0 at global step: 150
INFO - 11/15/20 21:31:26 - 1:44:47 - Average concat_pos_e_neg_m_num_examples: 0.0 at global step: 150
INFO - 11/15/20 21:31:26 - 1:44:47 - Average concat_pos_e_neg_e_num_examples: 0.0 at global step: 150
INFO - 11/15/20 21:31:26 - 1:44:47 - Using m-m edges for training
INFO - 11/15/20 21:45:36 - 1:58:57 - Configuration saved in /mnt/nfs/scratch1/rangell/lerac/coref_entity_linking/experiments/BC5CDR-c/cluster_linking/exp_0_m-m/checkpoint-172/affinity_model_model/m_e_model/config.json
INFO - 11/15/20 21:45:42 - 1:59:03 - Model weights saved in /mnt/nfs/scratch1/rangell/lerac/coref_entity_linking/experiments/BC5CDR-c/cluster_linking/exp_0_m-m/checkpoint-172/affinity_model_model/m_e_model/pytorch_model.bin
INFO - 11/15/20 21:45:42 - 1:59:03 - Configuration saved in /mnt/nfs/scratch1/rangell/lerac/coref_entity_linking/experiments/BC5CDR-c/cluster_linking/exp_0_m-m/checkpoint-172/affinity_model_model/m_m_model/config.json
INFO - 11/15/20 21:45:48 - 1:59:09 - Model weights saved in /mnt/nfs/scratch1/rangell/lerac/coref_entity_linking/experiments/BC5CDR-c/cluster_linking/exp_0_m-m/checkpoint-172/affinity_model_model/m_m_model/pytorch_model.bin
INFO - 11/15/20 21:45:48 - 1:59:09 - ********** [END] epoch: 0 **********
INFO - 11/15/20 21:45:48 - 1:59:09 - ********** [START] epoch: 1 **********
INFO - 11/15/20 21:45:48 - 1:59:09 - num_batches: 172
INFO - 11/15/20 21:47:54 - 2:01:15 - Average concat_loss: 0.010330568068882209 at global step: 175
INFO - 11/15/20 21:47:54 - 2:01:15 - Average concat_num_examples: 338.4 at global step: 175
INFO - 11/15/20 21:47:54 - 2:01:15 - Average concat_pos_m_neg_m_loss: 0.010330568068882209 at global step: 175
INFO - 11/15/20 21:47:54 - 2:01:15 - Average concat_pos_m_neg_e_loss: 0.0 at global step: 175
INFO - 11/15/20 21:47:54 - 2:01:15 - Average concat_pos_e_neg_m_loss: 0.0 at global step: 175
INFO - 11/15/20 21:47:54 - 2:01:15 - Average concat_pos_e_neg_e_loss: 0.0 at global step: 175
INFO - 11/15/20 21:47:54 - 2:01:15 - Average concat_pos_m_neg_m_num_examples: 338.4 at global step: 175
INFO - 11/15/20 21:47:54 - 2:01:15 - Average concat_pos_m_neg_e_num_examples: 0.0 at global step: 175
INFO - 11/15/20 21:47:54 - 2:01:15 - Average concat_pos_e_neg_m_num_examples: 0.0 at global step: 175
INFO - 11/15/20 21:47:54 - 2:01:15 - Average concat_pos_e_neg_e_num_examples: 0.0 at global step: 175
INFO - 11/15/20 21:47:54 - 2:01:15 - Using m-m edges for training
INFO - 11/15/20 22:04:31 - 2:17:53 - Average concat_loss: 0.008494965522732552 at global step: 200
INFO - 11/15/20 22:04:31 - 2:17:53 - Average concat_num_examples: 338.56 at global step: 200
INFO - 11/15/20 22:04:31 - 2:17:53 - Average concat_pos_m_neg_m_loss: 0.008494965522732552 at global step: 200
INFO - 11/15/20 22:04:31 - 2:17:53 - Average concat_pos_m_neg_e_loss: 0.0 at global step: 200
INFO - 11/15/20 22:04:31 - 2:17:53 - Average concat_pos_e_neg_m_loss: 0.0 at global step: 200
INFO - 11/15/20 22:04:31 - 2:17:53 - Average concat_pos_e_neg_e_loss: 0.0 at global step: 200
INFO - 11/15/20 22:04:31 - 2:17:53 - Average concat_pos_m_neg_m_num_examples: 338.56 at global step: 200
INFO - 11/15/20 22:04:31 - 2:17:53 - Average concat_pos_m_neg_e_num_examples: 0.0 at global step: 200
INFO - 11/15/20 22:04:31 - 2:17:53 - Average concat_pos_e_neg_m_num_examples: 0.0 at global step: 200
INFO - 11/15/20 22:04:31 - 2:17:53 - Average concat_pos_e_neg_e_num_examples: 0.0 at global step: 200
INFO - 11/15/20 22:04:31 - 2:17:53 - Using m-m edges for training
INFO - 11/15/20 22:21:41 - 2:35:02 - Average concat_loss: 0.008364413364553427 at global step: 225
INFO - 11/15/20 22:21:41 - 2:35:02 - Average concat_num_examples: 357.92 at global step: 225
INFO - 11/15/20 22:21:41 - 2:35:02 - Average concat_pos_m_neg_m_loss: 0.008364413364553427 at global step: 225
INFO - 11/15/20 22:21:41 - 2:35:02 - Average concat_pos_m_neg_e_loss: 0.0 at global step: 225
INFO - 11/15/20 22:21:41 - 2:35:02 - Average concat_pos_e_neg_m_loss: 0.0 at global step: 225
INFO - 11/15/20 22:21:41 - 2:35:02 - Average concat_pos_e_neg_e_loss: 0.0 at global step: 225
INFO - 11/15/20 22:21:41 - 2:35:02 - Average concat_pos_m_neg_m_num_examples: 357.92 at global step: 225
INFO - 11/15/20 22:21:41 - 2:35:02 - Average concat_pos_m_neg_e_num_examples: 0.0 at global step: 225
INFO - 11/15/20 22:21:41 - 2:35:02 - Average concat_pos_e_neg_m_num_examples: 0.0 at global step: 225
INFO - 11/15/20 22:21:41 - 2:35:02 - Average concat_pos_e_neg_e_num_examples: 0.0 at global step: 225
INFO - 11/15/20 22:21:41 - 2:35:02 - Using m-m edges for training
INFO - 11/15/20 22:37:31 - 2:50:52 - Average concat_loss: 0.008410538817137592 at global step: 250
INFO - 11/15/20 22:37:31 - 2:50:52 - Average concat_num_examples: 314.24 at global step: 250
INFO - 11/15/20 22:37:31 - 2:50:52 - Average concat_pos_m_neg_m_loss: 0.008410538817137592 at global step: 250
INFO - 11/15/20 22:37:31 - 2:50:52 - Average concat_pos_m_neg_e_loss: 0.0 at global step: 250
INFO - 11/15/20 22:37:31 - 2:50:52 - Average concat_pos_e_neg_m_loss: 0.0 at global step: 250
INFO - 11/15/20 22:37:31 - 2:50:52 - Average concat_pos_e_neg_e_loss: 0.0 at global step: 250
INFO - 11/15/20 22:37:31 - 2:50:52 - Average concat_pos_m_neg_m_num_examples: 314.24 at global step: 250
INFO - 11/15/20 22:37:31 - 2:50:52 - Average concat_pos_m_neg_e_num_examples: 0.0 at global step: 250
INFO - 11/15/20 22:37:31 - 2:50:52 - Average concat_pos_e_neg_m_num_examples: 0.0 at global step: 250
INFO - 11/15/20 22:37:31 - 2:50:52 - Average concat_pos_e_neg_e_num_examples: 0.0 at global step: 250
INFO - 11/15/20 22:37:31 - 2:50:52 - Using m-m edges for training
INFO - 11/15/20 22:54:39 - 3:08:00 - Average concat_loss: 0.0038506694773998034 at global step: 275
INFO - 11/15/20 22:54:39 - 3:08:00 - Average concat_num_examples: 349.12 at global step: 275
INFO - 11/15/20 22:54:39 - 3:08:00 - Average concat_pos_m_neg_m_loss: 0.0038506694773998034 at global step: 275
INFO - 11/15/20 22:54:39 - 3:08:00 - Average concat_pos_m_neg_e_loss: 0.0 at global step: 275
INFO - 11/15/20 22:54:39 - 3:08:00 - Average concat_pos_e_neg_m_loss: 0.0 at global step: 275
INFO - 11/15/20 22:54:39 - 3:08:00 - Average concat_pos_e_neg_e_loss: 0.0 at global step: 275
INFO - 11/15/20 22:54:39 - 3:08:00 - Average concat_pos_m_neg_m_num_examples: 349.12 at global step: 275
INFO - 11/15/20 22:54:39 - 3:08:00 - Average concat_pos_m_neg_e_num_examples: 0.0 at global step: 275
INFO - 11/15/20 22:54:39 - 3:08:00 - Average concat_pos_e_neg_m_num_examples: 0.0 at global step: 275
INFO - 11/15/20 22:54:39 - 3:08:00 - Average concat_pos_e_neg_e_num_examples: 0.0 at global step: 275
INFO - 11/15/20 22:54:39 - 3:08:00 - Using m-m edges for training
INFO - 11/15/20 23:13:54 - 3:27:15 - Average concat_loss: 0.010221095218454053 at global step: 300
INFO - 11/15/20 23:13:54 - 3:27:15 - Average concat_num_examples: 424.48 at global step: 300
INFO - 11/15/20 23:13:54 - 3:27:15 - Average concat_pos_m_neg_m_loss: 0.010221095218454053 at global step: 300
INFO - 11/15/20 23:13:54 - 3:27:15 - Average concat_pos_m_neg_e_loss: 0.0 at global step: 300
INFO - 11/15/20 23:13:54 - 3:27:15 - Average concat_pos_e_neg_m_loss: 0.0 at global step: 300
INFO - 11/15/20 23:13:54 - 3:27:15 - Average concat_pos_e_neg_e_loss: 0.0 at global step: 300
INFO - 11/15/20 23:13:54 - 3:27:15 - Average concat_pos_m_neg_m_num_examples: 424.48 at global step: 300
INFO - 11/15/20 23:13:54 - 3:27:15 - Average concat_pos_m_neg_e_num_examples: 0.0 at global step: 300
INFO - 11/15/20 23:13:54 - 3:27:15 - Average concat_pos_e_neg_m_num_examples: 0.0 at global step: 300
INFO - 11/15/20 23:13:54 - 3:27:15 - Average concat_pos_e_neg_e_num_examples: 0.0 at global step: 300
INFO - 11/15/20 23:13:54 - 3:27:15 - Using m-m edges for training
INFO - 11/15/20 23:30:54 - 3:44:15 - Average concat_loss: 0.0059422837302303255 at global step: 325
INFO - 11/15/20 23:30:54 - 3:44:15 - Average concat_num_examples: 356.48 at global step: 325
INFO - 11/15/20 23:30:54 - 3:44:15 - Average concat_pos_m_neg_m_loss: 0.0059422837302303255 at global step: 325
INFO - 11/15/20 23:30:54 - 3:44:15 - Average concat_pos_m_neg_e_loss: 0.0 at global step: 325
INFO - 11/15/20 23:30:54 - 3:44:15 - Average concat_pos_e_neg_m_loss: 0.0 at global step: 325
INFO - 11/15/20 23:30:54 - 3:44:15 - Average concat_pos_e_neg_e_loss: 0.0 at global step: 325
INFO - 11/15/20 23:30:54 - 3:44:15 - Average concat_pos_m_neg_m_num_examples: 356.48 at global step: 325
INFO - 11/15/20 23:30:54 - 3:44:15 - Average concat_pos_m_neg_e_num_examples: 0.0 at global step: 325
INFO - 11/15/20 23:30:54 - 3:44:15 - Average concat_pos_e_neg_m_num_examples: 0.0 at global step: 325
INFO - 11/15/20 23:30:54 - 3:44:15 - Average concat_pos_e_neg_e_num_examples: 0.0 at global step: 325
INFO - 11/15/20 23:30:54 - 3:44:15 - Using m-m edges for training
INFO - 11/15/20 23:42:52 - 3:56:13 - Configuration saved in /mnt/nfs/scratch1/rangell/lerac/coref_entity_linking/experiments/BC5CDR-c/cluster_linking/exp_0_m-m/checkpoint-344/affinity_model_model/m_e_model/config.json
INFO - 11/15/20 23:42:57 - 3:56:18 - Model weights saved in /mnt/nfs/scratch1/rangell/lerac/coref_entity_linking/experiments/BC5CDR-c/cluster_linking/exp_0_m-m/checkpoint-344/affinity_model_model/m_e_model/pytorch_model.bin
INFO - 11/15/20 23:42:57 - 3:56:18 - Configuration saved in /mnt/nfs/scratch1/rangell/lerac/coref_entity_linking/experiments/BC5CDR-c/cluster_linking/exp_0_m-m/checkpoint-344/affinity_model_model/m_m_model/config.json
INFO - 11/15/20 23:43:01 - 3:56:22 - Model weights saved in /mnt/nfs/scratch1/rangell/lerac/coref_entity_linking/experiments/BC5CDR-c/cluster_linking/exp_0_m-m/checkpoint-344/affinity_model_model/m_m_model/pytorch_model.bin
INFO - 11/15/20 23:43:01 - 3:56:22 - ********** [END] epoch: 1 **********
INFO - 11/15/20 23:43:01 - 3:56:22 - ********** [START] epoch: 2 **********
INFO - 11/15/20 23:43:01 - 3:56:22 - num_batches: 172
INFO - 11/15/20 23:47:01 - 4:00:22 - Average concat_loss: 0.0077074957863982885 at global step: 350
INFO - 11/15/20 23:47:01 - 4:00:22 - Average concat_num_examples: 338.08 at global step: 350
INFO - 11/15/20 23:47:01 - 4:00:22 - Average concat_pos_m_neg_m_loss: 0.0077074957863982885 at global step: 350
INFO - 11/15/20 23:47:01 - 4:00:22 - Average concat_pos_m_neg_e_loss: 0.0 at global step: 350
INFO - 11/15/20 23:47:01 - 4:00:22 - Average concat_pos_e_neg_m_loss: 0.0 at global step: 350
INFO - 11/15/20 23:47:01 - 4:00:22 - Average concat_pos_e_neg_e_loss: 0.0 at global step: 350
INFO - 11/15/20 23:47:01 - 4:00:22 - Average concat_pos_m_neg_m_num_examples: 338.08 at global step: 350
INFO - 11/15/20 23:47:01 - 4:00:22 - Average concat_pos_m_neg_e_num_examples: 0.0 at global step: 350
INFO - 11/15/20 23:47:01 - 4:00:22 - Average concat_pos_e_neg_m_num_examples: 0.0 at global step: 350
INFO - 11/15/20 23:47:01 - 4:00:22 - Average concat_pos_e_neg_e_num_examples: 0.0 at global step: 350
INFO - 11/15/20 23:47:01 - 4:00:22 - Using m-m edges for training
INFO - 11/16/20 00:05:55 - 4:19:16 - Average concat_loss: 0.00046895651329238155 at global step: 375
INFO - 11/16/20 00:05:55 - 4:19:16 - Average concat_num_examples: 403.84 at global step: 375
INFO - 11/16/20 00:05:55 - 4:19:16 - Average concat_pos_m_neg_m_loss: 0.00046895651329238155 at global step: 375
INFO - 11/16/20 00:05:55 - 4:19:16 - Average concat_pos_m_neg_e_loss: 0.0 at global step: 375
INFO - 11/16/20 00:05:55 - 4:19:16 - Average concat_pos_e_neg_m_loss: 0.0 at global step: 375
INFO - 11/16/20 00:05:55 - 4:19:16 - Average concat_pos_e_neg_e_loss: 0.0 at global step: 375
INFO - 11/16/20 00:05:55 - 4:19:16 - Average concat_pos_m_neg_m_num_examples: 403.84 at global step: 375
INFO - 11/16/20 00:05:55 - 4:19:16 - Average concat_pos_m_neg_e_num_examples: 0.0 at global step: 375
INFO - 11/16/20 00:05:55 - 4:19:16 - Average concat_pos_e_neg_m_num_examples: 0.0 at global step: 375
INFO - 11/16/20 00:05:55 - 4:19:16 - Average concat_pos_e_neg_e_num_examples: 0.0 at global step: 375
INFO - 11/16/20 00:05:55 - 4:19:16 - Using m-m edges for training
INFO - 11/16/20 00:21:44 - 4:35:05 - Average concat_loss: 0.004978575222609358 at global step: 400
INFO - 11/16/20 00:21:44 - 4:35:05 - Average concat_num_examples: 327.52 at global step: 400
INFO - 11/16/20 00:21:44 - 4:35:05 - Average concat_pos_m_neg_m_loss: 0.004978575222609358 at global step: 400
INFO - 11/16/20 00:21:44 - 4:35:05 - Average concat_pos_m_neg_e_loss: 0.0 at global step: 400
INFO - 11/16/20 00:21:44 - 4:35:05 - Average concat_pos_e_neg_m_loss: 0.0 at global step: 400
INFO - 11/16/20 00:21:44 - 4:35:05 - Average concat_pos_e_neg_e_loss: 0.0 at global step: 400
INFO - 11/16/20 00:21:44 - 4:35:05 - Average concat_pos_m_neg_m_num_examples: 327.52 at global step: 400
INFO - 11/16/20 00:21:44 - 4:35:05 - Average concat_pos_m_neg_e_num_examples: 0.0 at global step: 400
INFO - 11/16/20 00:21:44 - 4:35:05 - Average concat_pos_e_neg_m_num_examples: 0.0 at global step: 400
INFO - 11/16/20 00:21:44 - 4:35:05 - Average concat_pos_e_neg_e_num_examples: 0.0 at global step: 400
INFO - 11/16/20 00:21:44 - 4:35:05 - Using m-m edges for training
INFO - 11/16/20 00:39:14 - 4:52:35 - Average concat_loss: 0.0026480577283337246 at global step: 425
INFO - 11/16/20 00:39:14 - 4:52:35 - Average concat_num_examples: 365.12 at global step: 425
INFO - 11/16/20 00:39:14 - 4:52:35 - Average concat_pos_m_neg_m_loss: 0.0026480577283337246 at global step: 425
INFO - 11/16/20 00:39:14 - 4:52:35 - Average concat_pos_m_neg_e_loss: 0.0 at global step: 425
INFO - 11/16/20 00:39:14 - 4:52:35 - Average concat_pos_e_neg_m_loss: 0.0 at global step: 425
INFO - 11/16/20 00:39:14 - 4:52:35 - Average concat_pos_e_neg_e_loss: 0.0 at global step: 425
INFO - 11/16/20 00:39:14 - 4:52:35 - Average concat_pos_m_neg_m_num_examples: 365.12 at global step: 425
INFO - 11/16/20 00:39:14 - 4:52:35 - Average concat_pos_m_neg_e_num_examples: 0.0 at global step: 425
INFO - 11/16/20 00:39:14 - 4:52:35 - Average concat_pos_e_neg_m_num_examples: 0.0 at global step: 425
INFO - 11/16/20 00:39:14 - 4:52:35 - Average concat_pos_e_neg_e_num_examples: 0.0 at global step: 425
INFO - 11/16/20 00:39:14 - 4:52:35 - Using m-m edges for training
INFO - 11/16/20 00:55:41 - 5:09:02 - Average concat_loss: 0.004258245790960477 at global step: 450
INFO - 11/16/20 00:55:41 - 5:09:02 - Average concat_num_examples: 337.6 at global step: 450
INFO - 11/16/20 00:55:41 - 5:09:02 - Average concat_pos_m_neg_m_loss: 0.004258245790960477 at global step: 450
INFO - 11/16/20 00:55:41 - 5:09:02 - Average concat_pos_m_neg_e_loss: 0.0 at global step: 450
INFO - 11/16/20 00:55:41 - 5:09:02 - Average concat_pos_e_neg_m_loss: 0.0 at global step: 450
INFO - 11/16/20 00:55:41 - 5:09:02 - Average concat_pos_e_neg_e_loss: 0.0 at global step: 450
INFO - 11/16/20 00:55:41 - 5:09:02 - Average concat_pos_m_neg_m_num_examples: 337.6 at global step: 450
INFO - 11/16/20 00:55:41 - 5:09:02 - Average concat_pos_m_neg_e_num_examples: 0.0 at global step: 450
INFO - 11/16/20 00:55:41 - 5:09:02 - Average concat_pos_e_neg_m_num_examples: 0.0 at global step: 450
INFO - 11/16/20 00:55:41 - 5:09:02 - Average concat_pos_e_neg_e_num_examples: 0.0 at global step: 450
INFO - 11/16/20 00:55:41 - 5:09:02 - Using m-m edges for training
INFO - 11/16/20 01:14:41 - 5:28:02 - Average concat_loss: 0.0026599506922013864 at global step: 475
INFO - 11/16/20 01:14:41 - 5:28:02 - Average concat_num_examples: 413.28 at global step: 475
INFO - 11/16/20 01:14:41 - 5:28:02 - Average concat_pos_m_neg_m_loss: 0.0026599506922013864 at global step: 475
INFO - 11/16/20 01:14:41 - 5:28:02 - Average concat_pos_m_neg_e_loss: 0.0 at global step: 475
INFO - 11/16/20 01:14:41 - 5:28:02 - Average concat_pos_e_neg_m_loss: 0.0 at global step: 475
INFO - 11/16/20 01:14:41 - 5:28:02 - Average concat_pos_e_neg_e_loss: 0.0 at global step: 475
INFO - 11/16/20 01:14:41 - 5:28:02 - Average concat_pos_m_neg_m_num_examples: 413.28 at global step: 475
INFO - 11/16/20 01:14:41 - 5:28:02 - Average concat_pos_m_neg_e_num_examples: 0.0 at global step: 475
INFO - 11/16/20 01:14:41 - 5:28:02 - Average concat_pos_e_neg_m_num_examples: 0.0 at global step: 475
INFO - 11/16/20 01:14:41 - 5:28:02 - Average concat_pos_e_neg_e_num_examples: 0.0 at global step: 475
INFO - 11/16/20 01:14:41 - 5:28:02 - Using m-m edges for training
INFO - 11/16/20 01:30:57 - 5:44:18 - Average concat_loss: 0.0010361431150198548 at global step: 500
INFO - 11/16/20 01:30:57 - 5:44:18 - Average concat_num_examples: 324.32 at global step: 500
INFO - 11/16/20 01:30:57 - 5:44:18 - Average concat_pos_m_neg_m_loss: 0.0010361431150198548 at global step: 500
INFO - 11/16/20 01:30:57 - 5:44:18 - Average concat_pos_m_neg_e_loss: 0.0 at global step: 500
INFO - 11/16/20 01:30:57 - 5:44:18 - Average concat_pos_e_neg_m_loss: 0.0 at global step: 500
INFO - 11/16/20 01:30:57 - 5:44:18 - Average concat_pos_e_neg_e_loss: 0.0 at global step: 500
INFO - 11/16/20 01:30:57 - 5:44:18 - Average concat_pos_m_neg_m_num_examples: 324.32 at global step: 500
INFO - 11/16/20 01:30:57 - 5:44:18 - Average concat_pos_m_neg_e_num_examples: 0.0 at global step: 500
INFO - 11/16/20 01:30:57 - 5:44:18 - Average concat_pos_e_neg_m_num_examples: 0.0 at global step: 500
INFO - 11/16/20 01:30:57 - 5:44:18 - Average concat_pos_e_neg_e_num_examples: 0.0 at global step: 500
INFO - 11/16/20 01:30:57 - 5:44:18 - Using m-m edges for training
INFO - 11/16/20 01:40:04 - 5:53:25 - Configuration saved in /mnt/nfs/scratch1/rangell/lerac/coref_entity_linking/experiments/BC5CDR-c/cluster_linking/exp_0_m-m/checkpoint-516/affinity_model_model/m_e_model/config.json
INFO - 11/16/20 01:40:09 - 5:53:30 - Model weights saved in /mnt/nfs/scratch1/rangell/lerac/coref_entity_linking/experiments/BC5CDR-c/cluster_linking/exp_0_m-m/checkpoint-516/affinity_model_model/m_e_model/pytorch_model.bin
INFO - 11/16/20 01:40:09 - 5:53:30 - Configuration saved in /mnt/nfs/scratch1/rangell/lerac/coref_entity_linking/experiments/BC5CDR-c/cluster_linking/exp_0_m-m/checkpoint-516/affinity_model_model/m_m_model/config.json
INFO - 11/16/20 01:40:14 - 5:53:35 - Model weights saved in /mnt/nfs/scratch1/rangell/lerac/coref_entity_linking/experiments/BC5CDR-c/cluster_linking/exp_0_m-m/checkpoint-516/affinity_model_model/m_m_model/pytorch_model.bin
INFO - 11/16/20 01:40:14 - 5:53:35 - ********** [END] epoch: 2 **********
INFO - 11/16/20 01:40:14 - 5:53:35 - ********** [START] epoch: 3 **********
INFO - 11/16/20 01:40:14 - 5:53:35 - num_batches: 172
INFO - 11/16/20 01:46:18 - 5:59:39 - Average concat_loss: 0.0020478102527806156 at global step: 525
INFO - 11/16/20 01:46:18 - 5:59:39 - Average concat_num_examples: 307.68 at global step: 525
INFO - 11/16/20 01:46:18 - 5:59:39 - Average concat_pos_m_neg_m_loss: 0.0020478102527806156 at global step: 525
INFO - 11/16/20 01:46:18 - 5:59:39 - Average concat_pos_m_neg_e_loss: 0.0 at global step: 525
INFO - 11/16/20 01:46:18 - 5:59:39 - Average concat_pos_e_neg_m_loss: 0.0 at global step: 525
INFO - 11/16/20 01:46:18 - 5:59:39 - Average concat_pos_e_neg_e_loss: 0.0 at global step: 525
INFO - 11/16/20 01:46:18 - 5:59:39 - Average concat_pos_m_neg_m_num_examples: 307.68 at global step: 525
INFO - 11/16/20 01:46:18 - 5:59:39 - Average concat_pos_m_neg_e_num_examples: 0.0 at global step: 525
INFO - 11/16/20 01:46:18 - 5:59:39 - Average concat_pos_e_neg_m_num_examples: 0.0 at global step: 525
INFO - 11/16/20 01:46:18 - 5:59:39 - Average concat_pos_e_neg_e_num_examples: 0.0 at global step: 525
INFO - 11/16/20 01:46:18 - 5:59:39 - Using m-m edges for training
INFO - 11/16/20 02:01:38 - 6:14:59 - Average concat_loss: 0.00027598028581562594 at global step: 550
INFO - 11/16/20 02:01:38 - 6:14:59 - Average concat_num_examples: 314.72 at global step: 550
INFO - 11/16/20 02:01:38 - 6:14:59 - Average concat_pos_m_neg_m_loss: 0.00027598028581562594 at global step: 550
INFO - 11/16/20 02:01:38 - 6:14:59 - Average concat_pos_m_neg_e_loss: 0.0 at global step: 550
INFO - 11/16/20 02:01:38 - 6:14:59 - Average concat_pos_e_neg_m_loss: 0.0 at global step: 550
INFO - 11/16/20 02:01:38 - 6:14:59 - Average concat_pos_e_neg_e_loss: 0.0 at global step: 550
INFO - 11/16/20 02:01:38 - 6:14:59 - Average concat_pos_m_neg_m_num_examples: 314.72 at global step: 550
INFO - 11/16/20 02:01:38 - 6:14:59 - Average concat_pos_m_neg_e_num_examples: 0.0 at global step: 550
INFO - 11/16/20 02:01:38 - 6:14:59 - Average concat_pos_e_neg_m_num_examples: 0.0 at global step: 550
INFO - 11/16/20 02:01:38 - 6:14:59 - Average concat_pos_e_neg_e_num_examples: 0.0 at global step: 550
INFO - 11/16/20 02:01:38 - 6:14:59 - Using m-m edges for training
INFO - 11/16/20 02:18:44 - 6:32:05 - Average concat_loss: 0.0005709818706037431 at global step: 575
INFO - 11/16/20 02:18:44 - 6:32:05 - Average concat_num_examples: 364.16 at global step: 575
INFO - 11/16/20 02:18:44 - 6:32:05 - Average concat_pos_m_neg_m_loss: 0.0005709818706037431 at global step: 575
INFO - 11/16/20 02:18:44 - 6:32:05 - Average concat_pos_m_neg_e_loss: 0.0 at global step: 575
INFO - 11/16/20 02:18:44 - 6:32:05 - Average concat_pos_e_neg_m_loss: 0.0 at global step: 575
INFO - 11/16/20 02:18:44 - 6:32:05 - Average concat_pos_e_neg_e_loss: 0.0 at global step: 575
INFO - 11/16/20 02:18:44 - 6:32:05 - Average concat_pos_m_neg_m_num_examples: 364.16 at global step: 575
INFO - 11/16/20 02:18:44 - 6:32:05 - Average concat_pos_m_neg_e_num_examples: 0.0 at global step: 575
INFO - 11/16/20 02:18:44 - 6:32:05 - Average concat_pos_e_neg_m_num_examples: 0.0 at global step: 575
INFO - 11/16/20 02:18:44 - 6:32:05 - Average concat_pos_e_neg_e_num_examples: 0.0 at global step: 575
INFO - 11/16/20 02:18:44 - 6:32:05 - Using m-m edges for training
INFO - 11/16/20 02:35:52 - 6:49:13 - Average concat_loss: 0.003049166532058128 at global step: 600
INFO - 11/16/20 02:35:52 - 6:49:13 - Average concat_num_examples: 369.92 at global step: 600
INFO - 11/16/20 02:35:52 - 6:49:13 - Average concat_pos_m_neg_m_loss: 0.003049166532058128 at global step: 600
INFO - 11/16/20 02:35:52 - 6:49:13 - Average concat_pos_m_neg_e_loss: 0.0 at global step: 600
INFO - 11/16/20 02:35:52 - 6:49:13 - Average concat_pos_e_neg_m_loss: 0.0 at global step: 600
INFO - 11/16/20 02:35:52 - 6:49:13 - Average concat_pos_e_neg_e_loss: 0.0 at global step: 600
INFO - 11/16/20 02:35:52 - 6:49:13 - Average concat_pos_m_neg_m_num_examples: 369.92 at global step: 600
INFO - 11/16/20 02:35:52 - 6:49:13 - Average concat_pos_m_neg_e_num_examples: 0.0 at global step: 600
INFO - 11/16/20 02:35:52 - 6:49:13 - Average concat_pos_e_neg_m_num_examples: 0.0 at global step: 600
INFO - 11/16/20 02:35:52 - 6:49:13 - Average concat_pos_e_neg_e_num_examples: 0.0 at global step: 600
INFO - 11/16/20 02:35:52 - 6:49:13 - Using m-m edges for training
INFO - 11/16/20 02:52:43 - 7:06:04 - Average concat_loss: 0.00036322350365031154 at global step: 625
INFO - 11/16/20 02:52:43 - 7:06:04 - Average concat_num_examples: 349.76 at global step: 625
INFO - 11/16/20 02:52:43 - 7:06:04 - Average concat_pos_m_neg_m_loss: 0.00036322350365031154 at global step: 625
INFO - 11/16/20 02:52:43 - 7:06:04 - Average concat_pos_m_neg_e_loss: 0.0 at global step: 625
INFO - 11/16/20 02:52:43 - 7:06:04 - Average concat_pos_e_neg_m_loss: 0.0 at global step: 625
INFO - 11/16/20 02:52:43 - 7:06:04 - Average concat_pos_e_neg_e_loss: 0.0 at global step: 625
INFO - 11/16/20 02:52:43 - 7:06:04 - Average concat_pos_m_neg_m_num_examples: 349.76 at global step: 625
INFO - 11/16/20 02:52:43 - 7:06:04 - Average concat_pos_m_neg_e_num_examples: 0.0 at global step: 625
INFO - 11/16/20 02:52:43 - 7:06:04 - Average concat_pos_e_neg_m_num_examples: 0.0 at global step: 625
INFO - 11/16/20 02:52:43 - 7:06:04 - Average concat_pos_e_neg_e_num_examples: 0.0 at global step: 625
INFO - 11/16/20 02:52:43 - 7:06:04 - Using m-m edges for training
INFO - 11/16/20 03:10:48 - 7:24:09 - Average concat_loss: 0.0011058156306895108 at global step: 650
INFO - 11/16/20 03:10:48 - 7:24:09 - Average concat_num_examples: 373.6 at global step: 650
INFO - 11/16/20 03:10:48 - 7:24:09 - Average concat_pos_m_neg_m_loss: 0.0011058156306895108 at global step: 650
INFO - 11/16/20 03:10:48 - 7:24:09 - Average concat_pos_m_neg_e_loss: 0.0 at global step: 650
INFO - 11/16/20 03:10:48 - 7:24:09 - Average concat_pos_e_neg_m_loss: 0.0 at global step: 650
INFO - 11/16/20 03:10:48 - 7:24:09 - Average concat_pos_e_neg_e_loss: 0.0 at global step: 650
INFO - 11/16/20 03:10:48 - 7:24:09 - Average concat_pos_m_neg_m_num_examples: 373.6 at global step: 650
INFO - 11/16/20 03:10:48 - 7:24:09 - Average concat_pos_m_neg_e_num_examples: 0.0 at global step: 650
INFO - 11/16/20 03:10:48 - 7:24:09 - Average concat_pos_e_neg_m_num_examples: 0.0 at global step: 650
INFO - 11/16/20 03:10:48 - 7:24:09 - Average concat_pos_e_neg_e_num_examples: 0.0 at global step: 650
INFO - 11/16/20 03:10:48 - 7:24:09 - Using m-m edges for training
INFO - 11/16/20 03:28:31 - 7:41:52 - Average concat_loss: 0.0006410034858058803 at global step: 675
INFO - 11/16/20 03:28:31 - 7:41:52 - Average concat_num_examples: 368.64 at global step: 675
INFO - 11/16/20 03:28:31 - 7:41:52 - Average concat_pos_m_neg_m_loss: 0.0006410034858058803 at global step: 675
INFO - 11/16/20 03:28:31 - 7:41:52 - Average concat_pos_m_neg_e_loss: 0.0 at global step: 675
INFO - 11/16/20 03:28:31 - 7:41:52 - Average concat_pos_e_neg_m_loss: 0.0 at global step: 675
INFO - 11/16/20 03:28:31 - 7:41:52 - Average concat_pos_e_neg_e_loss: 0.0 at global step: 675
INFO - 11/16/20 03:28:31 - 7:41:52 - Average concat_pos_m_neg_m_num_examples: 368.64 at global step: 675
INFO - 11/16/20 03:28:31 - 7:41:52 - Average concat_pos_m_neg_e_num_examples: 0.0 at global step: 675
INFO - 11/16/20 03:28:31 - 7:41:52 - Average concat_pos_e_neg_m_num_examples: 0.0 at global step: 675
INFO - 11/16/20 03:28:31 - 7:41:52 - Average concat_pos_e_neg_e_num_examples: 0.0 at global step: 675
INFO - 11/16/20 03:28:31 - 7:41:52 - Using m-m edges for training
INFO - 11/16/20 03:37:21 - 7:50:42 - Configuration saved in /mnt/nfs/scratch1/rangell/lerac/coref_entity_linking/experiments/BC5CDR-c/cluster_linking/exp_0_m-m/checkpoint-688/affinity_model_model/m_e_model/config.json
INFO - 11/16/20 03:37:25 - 7:50:46 - Model weights saved in /mnt/nfs/scratch1/rangell/lerac/coref_entity_linking/experiments/BC5CDR-c/cluster_linking/exp_0_m-m/checkpoint-688/affinity_model_model/m_e_model/pytorch_model.bin
INFO - 11/16/20 03:37:25 - 7:50:46 - Configuration saved in /mnt/nfs/scratch1/rangell/lerac/coref_entity_linking/experiments/BC5CDR-c/cluster_linking/exp_0_m-m/checkpoint-688/affinity_model_model/m_m_model/config.json
INFO - 11/16/20 03:37:30 - 7:50:51 - Model weights saved in /mnt/nfs/scratch1/rangell/lerac/coref_entity_linking/experiments/BC5CDR-c/cluster_linking/exp_0_m-m/checkpoint-688/affinity_model_model/m_m_model/pytorch_model.bin
INFO - 11/16/20 03:37:30 - 7:50:51 - ********** [END] epoch: 3 **********
INFO - 11/16/20 03:37:30 - 7:50:51 - ********** [START] epoch: 4 **********
INFO - 11/16/20 03:37:30 - 7:50:51 - num_batches: 172
INFO - 11/16/20 03:45:44 - 7:59:05 - Average concat_loss: 1.7529883019328472e-05 at global step: 700
INFO - 11/16/20 03:45:44 - 7:59:05 - Average concat_num_examples: 339.68 at global step: 700
INFO - 11/16/20 03:45:44 - 7:59:05 - Average concat_pos_m_neg_m_loss: 1.7529883019328472e-05 at global step: 700
INFO - 11/16/20 03:45:44 - 7:59:05 - Average concat_pos_m_neg_e_loss: 0.0 at global step: 700
INFO - 11/16/20 03:45:44 - 7:59:05 - Average concat_pos_e_neg_m_loss: 0.0 at global step: 700
INFO - 11/16/20 03:45:44 - 7:59:05 - Average concat_pos_e_neg_e_loss: 0.0 at global step: 700
INFO - 11/16/20 03:45:44 - 7:59:05 - Average concat_pos_m_neg_m_num_examples: 339.68 at global step: 700
INFO - 11/16/20 03:45:44 - 7:59:05 - Average concat_pos_m_neg_e_num_examples: 0.0 at global step: 700
INFO - 11/16/20 03:45:44 - 7:59:05 - Average concat_pos_e_neg_m_num_examples: 0.0 at global step: 700
INFO - 11/16/20 03:45:44 - 7:59:05 - Average concat_pos_e_neg_e_num_examples: 0.0 at global step: 700
INFO - 11/16/20 03:45:44 - 7:59:05 - Using m-m edges for training
INFO - 11/16/20 04:02:58 - 8:16:19 - Average concat_loss: 0.0002863003342784548 at global step: 725
INFO - 11/16/20 04:02:58 - 8:16:19 - Average concat_num_examples: 353.28 at global step: 725
INFO - 11/16/20 04:02:58 - 8:16:19 - Average concat_pos_m_neg_m_loss: 0.0002863003342784548 at global step: 725
INFO - 11/16/20 04:02:58 - 8:16:19 - Average concat_pos_m_neg_e_loss: 0.0 at global step: 725
INFO - 11/16/20 04:02:58 - 8:16:19 - Average concat_pos_e_neg_m_loss: 0.0 at global step: 725
INFO - 11/16/20 04:02:58 - 8:16:19 - Average concat_pos_e_neg_e_loss: 0.0 at global step: 725
INFO - 11/16/20 04:02:58 - 8:16:19 - Average concat_pos_m_neg_m_num_examples: 353.28 at global step: 725
INFO - 11/16/20 04:02:58 - 8:16:19 - Average concat_pos_m_neg_e_num_examples: 0.0 at global step: 725
INFO - 11/16/20 04:02:58 - 8:16:19 - Average concat_pos_e_neg_m_num_examples: 0.0 at global step: 725
INFO - 11/16/20 04:02:58 - 8:16:19 - Average concat_pos_e_neg_e_num_examples: 0.0 at global step: 725
INFO - 11/16/20 04:02:58 - 8:16:19 - Using m-m edges for training
INFO - 11/16/20 04:18:50 - 8:32:11 - Average concat_loss: 0.000431375103573688 at global step: 750
INFO - 11/16/20 04:18:50 - 8:32:11 - Average concat_num_examples: 327.2 at global step: 750
INFO - 11/16/20 04:18:50 - 8:32:11 - Average concat_pos_m_neg_m_loss: 0.000431375103573688 at global step: 750
INFO - 11/16/20 04:18:50 - 8:32:11 - Average concat_pos_m_neg_e_loss: 0.0 at global step: 750
INFO - 11/16/20 04:18:50 - 8:32:11 - Average concat_pos_e_neg_m_loss: 0.0 at global step: 750
INFO - 11/16/20 04:18:50 - 8:32:11 - Average concat_pos_e_neg_e_loss: 0.0 at global step: 750
INFO - 11/16/20 04:18:50 - 8:32:11 - Average concat_pos_m_neg_m_num_examples: 327.2 at global step: 750
INFO - 11/16/20 04:18:50 - 8:32:11 - Average concat_pos_m_neg_e_num_examples: 0.0 at global step: 750
INFO - 11/16/20 04:18:50 - 8:32:11 - Average concat_pos_e_neg_m_num_examples: 0.0 at global step: 750
INFO - 11/16/20 04:18:50 - 8:32:11 - Average concat_pos_e_neg_e_num_examples: 0.0 at global step: 750
INFO - 11/16/20 04:18:50 - 8:32:11 - Using m-m edges for training
INFO - 11/16/20 04:35:29 - 8:48:50 - Average concat_loss: 0.0001920444549175731 at global step: 775
INFO - 11/16/20 04:35:29 - 8:48:50 - Average concat_num_examples: 341.12 at global step: 775
INFO - 11/16/20 04:35:29 - 8:48:50 - Average concat_pos_m_neg_m_loss: 0.0001920444549175731 at global step: 775
INFO - 11/16/20 04:35:29 - 8:48:50 - Average concat_pos_m_neg_e_loss: 0.0 at global step: 775
INFO - 11/16/20 04:35:29 - 8:48:50 - Average concat_pos_e_neg_m_loss: 0.0 at global step: 775
INFO - 11/16/20 04:35:29 - 8:48:50 - Average concat_pos_e_neg_e_loss: 0.0 at global step: 775
INFO - 11/16/20 04:35:29 - 8:48:50 - Average concat_pos_m_neg_m_num_examples: 341.12 at global step: 775
INFO - 11/16/20 04:35:29 - 8:48:50 - Average concat_pos_m_neg_e_num_examples: 0.0 at global step: 775
INFO - 11/16/20 04:35:29 - 8:48:50 - Average concat_pos_e_neg_m_num_examples: 0.0 at global step: 775
INFO - 11/16/20 04:35:29 - 8:48:50 - Average concat_pos_e_neg_e_num_examples: 0.0 at global step: 775
INFO - 11/16/20 04:35:29 - 8:48:50 - Using m-m edges for training
INFO - 11/16/20 04:52:31 - 9:05:52 - Average concat_loss: 6.41376213420102e-05 at global step: 800
INFO - 11/16/20 04:52:31 - 9:05:52 - Average concat_num_examples: 360.16 at global step: 800
INFO - 11/16/20 04:52:31 - 9:05:52 - Average concat_pos_m_neg_m_loss: 6.41376213420102e-05 at global step: 800
INFO - 11/16/20 04:52:31 - 9:05:52 - Average concat_pos_m_neg_e_loss: 0.0 at global step: 800
INFO - 11/16/20 04:52:31 - 9:05:52 - Average concat_pos_e_neg_m_loss: 0.0 at global step: 800
INFO - 11/16/20 04:52:31 - 9:05:52 - Average concat_pos_e_neg_e_loss: 0.0 at global step: 800
INFO - 11/16/20 04:52:31 - 9:05:52 - Average concat_pos_m_neg_m_num_examples: 360.16 at global step: 800
INFO - 11/16/20 04:52:31 - 9:05:52 - Average concat_pos_m_neg_e_num_examples: 0.0 at global step: 800
INFO - 11/16/20 04:52:31 - 9:05:52 - Average concat_pos_e_neg_m_num_examples: 0.0 at global step: 800
INFO - 11/16/20 04:52:31 - 9:05:52 - Average concat_pos_e_neg_e_num_examples: 0.0 at global step: 800
INFO - 11/16/20 04:52:31 - 9:05:52 - Using m-m edges for training
INFO - 11/16/20 05:10:32 - 9:23:53 - Average concat_loss: 3.6067799665033815e-05 at global step: 825
INFO - 11/16/20 05:10:32 - 9:23:53 - Average concat_num_examples: 379.52 at global step: 825
INFO - 11/16/20 05:10:32 - 9:23:53 - Average concat_pos_m_neg_m_loss: 3.6067799665033815e-05 at global step: 825
INFO - 11/16/20 05:10:32 - 9:23:53 - Average concat_pos_m_neg_e_loss: 0.0 at global step: 825
INFO - 11/16/20 05:10:32 - 9:23:53 - Average concat_pos_e_neg_m_loss: 0.0 at global step: 825
INFO - 11/16/20 05:10:32 - 9:23:53 - Average concat_pos_e_neg_e_loss: 0.0 at global step: 825
INFO - 11/16/20 05:10:32 - 9:23:53 - Average concat_pos_m_neg_m_num_examples: 379.52 at global step: 825
INFO - 11/16/20 05:10:32 - 9:23:53 - Average concat_pos_m_neg_e_num_examples: 0.0 at global step: 825
INFO - 11/16/20 05:10:32 - 9:23:53 - Average concat_pos_e_neg_m_num_examples: 0.0 at global step: 825
INFO - 11/16/20 05:10:32 - 9:23:53 - Average concat_pos_e_neg_e_num_examples: 0.0 at global step: 825
INFO - 11/16/20 05:10:32 - 9:23:53 - Using m-m edges for training
INFO - 11/16/20 05:28:08 - 9:41:29 - Average concat_loss: 0.0001354858881396237 at global step: 850
INFO - 11/16/20 05:28:08 - 9:41:29 - Average concat_num_examples: 386.24 at global step: 850
INFO - 11/16/20 05:28:08 - 9:41:29 - Average concat_pos_m_neg_m_loss: 0.0001354858881396237 at global step: 850
INFO - 11/16/20 05:28:08 - 9:41:29 - Average concat_pos_m_neg_e_loss: 0.0 at global step: 850
INFO - 11/16/20 05:28:08 - 9:41:29 - Average concat_pos_e_neg_m_loss: 0.0 at global step: 850
INFO - 11/16/20 05:28:08 - 9:41:29 - Average concat_pos_e_neg_e_loss: 0.0 at global step: 850
INFO - 11/16/20 05:28:08 - 9:41:29 - Average concat_pos_m_neg_m_num_examples: 386.24 at global step: 850
INFO - 11/16/20 05:28:08 - 9:41:29 - Average concat_pos_m_neg_e_num_examples: 0.0 at global step: 850
INFO - 11/16/20 05:28:08 - 9:41:29 - Average concat_pos_e_neg_m_num_examples: 0.0 at global step: 850
INFO - 11/16/20 05:28:08 - 9:41:29 - Average concat_pos_e_neg_e_num_examples: 0.0 at global step: 850
INFO - 11/16/20 05:28:08 - 9:41:29 - Using m-m edges for training
INFO - 11/16/20 05:34:17 - 9:47:39 - Configuration saved in /mnt/nfs/scratch1/rangell/lerac/coref_entity_linking/experiments/BC5CDR-c/cluster_linking/exp_0_m-m/checkpoint-860/affinity_model_model/m_e_model/config.json
INFO - 11/16/20 05:34:23 - 9:47:44 - Model weights saved in /mnt/nfs/scratch1/rangell/lerac/coref_entity_linking/experiments/BC5CDR-c/cluster_linking/exp_0_m-m/checkpoint-860/affinity_model_model/m_e_model/pytorch_model.bin
INFO - 11/16/20 05:34:23 - 9:47:44 - Configuration saved in /mnt/nfs/scratch1/rangell/lerac/coref_entity_linking/experiments/BC5CDR-c/cluster_linking/exp_0_m-m/checkpoint-860/affinity_model_model/m_m_model/config.json
INFO - 11/16/20 05:34:27 - 9:47:48 - Model weights saved in /mnt/nfs/scratch1/rangell/lerac/coref_entity_linking/experiments/BC5CDR-c/cluster_linking/exp_0_m-m/checkpoint-860/affinity_model_model/m_m_model/pytorch_model.bin
INFO - 11/16/20 05:34:27 - 9:47:48 - ********** [END] epoch: 4 **********
INFO - 11/16/20 05:34:27 - 9:47:48 - Training complete
