INFO - 11/16/20 11:28:04 - 0:00:00 - ============ Initialized logger ============
INFO - 11/16/20 11:28:04 - 0:00:00 - adam_epsilon: 1e-08
                                     alpha: None
                                     available_entities: candidates_only
                                     cache_dir: 
                                     clustering_domain: within_doc
                                     command: python src/main.py --local_rank=0 --data_dir '/local/coref_entity_linking/data/BC5CDR-d/' --model_type 'bert' --model_name_or_path 'models/biobert_v1.1_pubmed/' --task_name 'cluster_linking' --output_dir '/mnt/nfs/scratch1/rangell/lerac/coref_entity_linking/experiments/BC5CDR-d/cluster_linking/exp_0_m-m/' --log_dir '/mnt/nfs/scratch1/rangell/lerac/coref_entity_linking/logs/' --do_train --max_seq_length '128' --seq_embed_dim '128' --embed_pooling_strategy 'pool_highlighted_outputs' --concat_pooling_strategy 'pool_highlighted_outputs' --clustering_domain 'within_doc' --available_entities 'candidates_only' --mention_negatives 'random' --training_method 'triplet_max_margin' --pair_gen_method 'mst' --training_edges_considered 'm-m' --k '128' --num_train_negs '24' --margin '0.7' --warmup_steps '100' --learning_rate '5e-5' --max_grad_norm '1.0' --num_clusters_per_macro_batch '16' --per_gpu_train_batch_size '16' --per_gpu_infer_batch_size '256' --num_train_epochs '5' --logging_steps '25' --knn_refresh_steps '-1' --train_domains 'train' 'entity_documents' --val_domains 'val' 'entity_documents'
                                     concat_pooling_strategy: pool_highlighted_outputs
                                     config_name: 
                                     data_dir: /local/coref_entity_linking/data/BC5CDR-d/
                                     device: cuda:0
                                     disable_logging: False
                                     do_lower_case: False
                                     do_test: False
                                     do_train: True
                                     do_train_eval: False
                                     do_val: False
                                     dump_coref_candidate_sets: False
                                     embed_pooling_strategy: pool_highlighted_outputs
                                     eval_all_checkpoints: False
                                     eval_coref_threshold: None
                                     evaluate_during_training: False
                                     fp16: False
                                     fp16_opt_level: O1
                                     git_hash: f6aab21b21ab67272d8f63ba76c5b971dfcc1129
                                     gradient_accumulation_steps: 1
                                     k: 128
                                     knn_refresh_steps: -1
                                     learning_rate: 5e-05
                                     local_rank: 0
                                     log_dir: /mnt/nfs/scratch1/rangell/lerac/coref_entity_linking/logs/
                                     logging_steps: 25
                                     margin: 0.7
                                     max_grad_norm: 1.0
                                     max_seq_length: 128
                                     max_steps: -1
                                     mention_negatives: random
                                     model_name_or_path: models/biobert_v1.1_pubmed/
                                     model_type: bert
                                     n_gpu: 1
                                     no_cuda: False
                                     num_candidates: 64
                                     num_candidates_per_example: 16
                                     num_clusters_per_macro_batch: 16
                                     num_context_codes: 4
                                     num_dataloader_workers: 0
                                     num_train_epochs: 5
                                     num_train_negs: 24
                                     output_dir: /mnt/nfs/scratch1/rangell/lerac/coref_entity_linking/experiments/BC5CDR-d/cluster_linking/exp_0_m-m/
                                     overwrite_cache: False
                                     overwrite_output_dir: False
                                     pair_gen_method: mst
                                     per_gpu_infer_batch_size: 256
                                     per_gpu_train_batch_size: 16
                                     sample_size: None
                                     save_steps: 50
                                     seed: 42
                                     seq_embed_dim: 128
                                     server_ip: 
                                     server_port: 
                                     task_name: cluster_linking
                                     test_domains: None
                                     test_mention_entity_scores: None
                                     tiny_experiment: False
                                     tokenizer_name: 
                                     train_domains: ['train', 'entity_documents']
                                     train_mention_entity_scores: None
                                     trained_model_dir: None
                                     training_edges_considered: m-m
                                     training_method: triplet_max_margin
                                     val_domains: ['val', 'entity_documents']
                                     val_mention_entity_scores: None
                                     warmup_steps: 100
                                     weight_decay: 0.0
                                     world_size: 4
INFO - 11/16/20 11:28:04 - 0:00:00 - The experiment will be stored in /mnt/nfs/scratch1/rangell/lerac/coref_entity_linking/experiments/BC5CDR-d/cluster_linking/exp_0_m-m/
                                     
INFO - 11/16/20 11:28:04 - 0:00:00 - Running command: python src/main.py --local_rank=0 --data_dir '/local/coref_entity_linking/data/BC5CDR-d/' --model_type 'bert' --model_name_or_path 'models/biobert_v1.1_pubmed/' --task_name 'cluster_linking' --output_dir '/mnt/nfs/scratch1/rangell/lerac/coref_entity_linking/experiments/BC5CDR-d/cluster_linking/exp_0_m-m/' --log_dir '/mnt/nfs/scratch1/rangell/lerac/coref_entity_linking/logs/' --do_train --max_seq_length '128' --seq_embed_dim '128' --embed_pooling_strategy 'pool_highlighted_outputs' --concat_pooling_strategy 'pool_highlighted_outputs' --clustering_domain 'within_doc' --available_entities 'candidates_only' --mention_negatives 'random' --training_method 'triplet_max_margin' --pair_gen_method 'mst' --training_edges_considered 'm-m' --k '128' --num_train_negs '24' --margin '0.7' --warmup_steps '100' --learning_rate '5e-5' --max_grad_norm '1.0' --num_clusters_per_macro_batch '16' --per_gpu_train_batch_size '16' --per_gpu_infer_batch_size '256' --num_train_epochs '5' --logging_steps '25' --knn_refresh_steps '-1' --train_domains 'train' 'entity_documents' --val_domains 'val' 'entity_documents'
                                     
WARNING - 11/16/20 11:28:04 - 0:00:00 - Process rank: 2, device: cuda:2, n_gpu: 1, distributed training: True, 16-bits training: False
WARNING - 11/16/20 11:28:04 - 0:00:00 - Process rank: 0, device: cuda:0, n_gpu: 1, distributed training: True, 16-bits training: False
INFO - 11/16/20 11:28:04 - 0:00:00 - Creating models.
WARNING - 11/16/20 11:28:04 - 0:00:00 - Process rank: 1, device: cuda:1, n_gpu: 1, distributed training: True, 16-bits training: False
WARNING - 11/16/20 11:28:04 - 0:00:00 - Process rank: 3, device: cuda:3, n_gpu: 1, distributed training: True, 16-bits training: False
INFO - 11/16/20 11:28:04 - 0:00:00 - loading configuration file models/biobert_v1.1_pubmed/config.json
INFO - 11/16/20 11:28:04 - 0:00:00 - Model config BertConfig {
                                       "attention_probs_dropout_prob": 0.1,
                                       "finetuning_task": "cluster_linking",
                                       "hidden_act": "gelu",
                                       "hidden_dropout_prob": 0.1,
                                       "hidden_size": 768,
                                       "initializer_range": 0.02,
                                       "intermediate_size": 3072,
                                       "layer_norm_eps": 1e-12,
                                       "max_position_embeddings": 512,
                                       "model_type": "bert",
                                       "num_attention_heads": 12,
                                       "num_hidden_layers": 12,
                                       "pad_token_id": 0,
                                       "type_vocab_size": 2,
                                       "vocab_size": 28996
                                     }
                                     
INFO - 11/16/20 11:28:04 - 0:00:00 - Model name 'models/biobert_v1.1_pubmed/' not found in model shortcut name list (bert-base-uncased, bert-large-uncased, bert-base-cased, bert-large-cased, bert-base-multilingual-uncased, bert-base-multilingual-cased, bert-base-chinese, bert-base-german-cased, bert-large-uncased-whole-word-masking, bert-large-cased-whole-word-masking, bert-large-uncased-whole-word-masking-finetuned-squad, bert-large-cased-whole-word-masking-finetuned-squad, bert-base-cased-finetuned-mrpc, bert-base-german-dbmdz-cased, bert-base-german-dbmdz-uncased, TurkuNLP/bert-base-finnish-cased-v1, TurkuNLP/bert-base-finnish-uncased-v1, wietsedv/bert-base-dutch-cased). Assuming 'models/biobert_v1.1_pubmed/' is a path, a model identifier, or url to a directory containing tokenizer files.
INFO - 11/16/20 11:28:04 - 0:00:00 - Didn't find file models/biobert_v1.1_pubmed/added_tokens.json. We won't load it.
INFO - 11/16/20 11:28:04 - 0:00:00 - Didn't find file models/biobert_v1.1_pubmed/special_tokens_map.json. We won't load it.
INFO - 11/16/20 11:28:04 - 0:00:00 - Didn't find file models/biobert_v1.1_pubmed/tokenizer_config.json. We won't load it.
INFO - 11/16/20 11:28:04 - 0:00:00 - loading file models/biobert_v1.1_pubmed/vocab.txt
INFO - 11/16/20 11:28:04 - 0:00:00 - loading file None
INFO - 11/16/20 11:28:04 - 0:00:00 - loading file None
INFO - 11/16/20 11:28:04 - 0:00:00 - loading file None
INFO - 11/16/20 11:28:04 - 0:00:00 - loading weights file models/biobert_v1.1_pubmed/pytorch_model.bin
INFO - 11/16/20 11:28:08 - 0:00:04 - Weights of BertSequenceScoringModel not initialized from pretrained model: ['concatenation_cls_layer1.weight', 'concatenation_cls_layer1.bias', 'concatenation_cls_layer2.weight', 'concatenation_cls_layer2.bias']
INFO - 11/16/20 11:28:08 - 0:00:04 - Weights from pretrained model not used in BertSequenceScoringModel: ['cls.predictions.bias', 'cls.predictions.transform.dense.weight', 'cls.predictions.transform.dense.bias', 'cls.predictions.transform.LayerNorm.weight', 'cls.predictions.transform.LayerNorm.bias', 'cls.predictions.decoder.weight', 'cls.seq_relationship.weight', 'cls.seq_relationship.bias']
INFO - 11/16/20 11:28:08 - 0:00:04 - loading weights file models/biobert_v1.1_pubmed/pytorch_model.bin
INFO - 11/16/20 11:28:11 - 0:00:07 - Weights of BertSequenceScoringModel not initialized from pretrained model: ['concatenation_pool_layer1.weight', 'concatenation_pool_layer1.bias', 'concatenation_pool_layer2.weight', 'concatenation_pool_layer2.bias', 'concatenation_pool_layer3.weight', 'concatenation_pool_layer3.bias']
INFO - 11/16/20 11:28:11 - 0:00:07 - Weights from pretrained model not used in BertSequenceScoringModel: ['cls.predictions.bias', 'cls.predictions.transform.dense.weight', 'cls.predictions.transform.dense.bias', 'cls.predictions.transform.LayerNorm.weight', 'cls.predictions.transform.LayerNorm.bias', 'cls.predictions.decoder.weight', 'cls.seq_relationship.weight', 'cls.seq_relationship.bias']
INFO - 11/16/20 11:28:11 - 0:00:07 - Creating metadata and dataset...
INFO - 11/16/20 11:30:12 - 0:02:08 - Done.
INFO - 11/16/20 11:30:12 - 0:02:08 - Loading cached metadata and dataset.
INFO - 11/16/20 11:30:16 - 0:02:12 - Training/evaluation parameters Namespace(adam_epsilon=1e-08, alpha=None, available_entities='candidates_only', cache_dir='', clustering_domain='within_doc', command="python src/main.py --local_rank=0 --data_dir '/local/coref_entity_linking/data/BC5CDR-d/' --model_type 'bert' --model_name_or_path 'models/biobert_v1.1_pubmed/' --task_name 'cluster_linking' --output_dir '/mnt/nfs/scratch1/rangell/lerac/coref_entity_linking/experiments/BC5CDR-d/cluster_linking/exp_0_m-m/' --log_dir '/mnt/nfs/scratch1/rangell/lerac/coref_entity_linking/logs/' --do_train --max_seq_length '128' --seq_embed_dim '128' --embed_pooling_strategy 'pool_highlighted_outputs' --concat_pooling_strategy 'pool_highlighted_outputs' --clustering_domain 'within_doc' --available_entities 'candidates_only' --mention_negatives 'random' --training_method 'triplet_max_margin' --pair_gen_method 'mst' --training_edges_considered 'm-m' --k '128' --num_train_negs '24' --margin '0.7' --warmup_steps '100' --learning_rate '5e-5' --max_grad_norm '1.0' --num_clusters_per_macro_batch '16' --per_gpu_train_batch_size '16' --per_gpu_infer_batch_size '256' --num_train_epochs '5' --logging_steps '25' --knn_refresh_steps '-1' --train_domains 'train' 'entity_documents' --val_domains 'val' 'entity_documents'", concat_pooling_strategy='pool_highlighted_outputs', config_name='', data_dir='/local/coref_entity_linking/data/BC5CDR-d/', device=device(type='cuda', index=0), disable_logging=False, do_lower_case=False, do_test=False, do_train=True, do_train_eval=False, do_val=False, dump_coref_candidate_sets=False, embed_pooling_strategy='pool_highlighted_outputs', eval_all_checkpoints=False, eval_coref_threshold=None, evaluate_during_training=False, fp16=False, fp16_opt_level='O1', git_hash='f6aab21b21ab67272d8f63ba76c5b971dfcc1129', gradient_accumulation_steps=1, infer_batch_size=256, k=128, knn_refresh_steps=-1, learning_rate=5e-05, local_rank=0, log_dir='/mnt/nfs/scratch1/rangell/lerac/coref_entity_linking/logs/', logging_steps=25, margin=0.7, max_grad_norm=1.0, max_seq_length=128, max_steps=-1, mention_negatives='random', model_name_or_path='models/biobert_v1.1_pubmed/', model_type='bert', n_gpu=1, no_cuda=False, num_candidates=64, num_candidates_per_example=16, num_clusters_per_macro_batch=16, num_context_codes=4, num_dataloader_workers=0, num_train_epochs=5, num_train_negs=24, output_dir='/mnt/nfs/scratch1/rangell/lerac/coref_entity_linking/experiments/BC5CDR-d/cluster_linking/exp_0_m-m/', overwrite_cache=False, overwrite_output_dir=False, pair_gen_method='mst', per_gpu_infer_batch_size=256, per_gpu_train_batch_size=16, sample_size=None, save_steps=50, seed=42, seq_embed_dim=128, server_ip='', server_port='', t_total=1120, task_name='cluster_linking', test_domains=None, test_mention_entity_scores=None, tiny_experiment=False, tokenizer=<transformers.tokenization_bert.BertTokenizer object at 0x2aab1da3cd10>, tokenizer_name='', train_batch_size=16, train_cache_dir='/local/coref_entity_linking/data/BC5CDR-d/cache/train', train_domains=['train', 'entity_documents'], train_mention_entity_scores=None, trained_model_dir=None, training_edges_considered='m-m', training_method='triplet_max_margin', val_domains=['val', 'entity_documents'], val_mention_entity_scores=None, warmup_steps=100, weight_decay=0.0, world_size=4)
INFO - 11/16/20 11:30:16 - 0:02:12 - Creating sub-trainers.
INFO - 11/16/20 11:30:16 - 0:02:12 - Successfully created trainer object
INFO - 11/16/20 11:30:16 - 0:02:12 - Starting training...
INFO - 11/16/20 11:30:16 - 0:02:12 - ********** [START] epoch: 0 **********
INFO - 11/16/20 11:30:16 - 0:02:12 - num_batches: 224
INFO - 11/16/20 11:39:19 - 0:11:15 - Average concat_loss: 0.6987340307067553 at global step: 25
INFO - 11/16/20 11:39:19 - 0:11:15 - Average concat_num_examples: 173.28 at global step: 25
INFO - 11/16/20 11:39:19 - 0:11:15 - Average concat_pos_m_neg_m_loss: 0.6987340307067553 at global step: 25
INFO - 11/16/20 11:39:19 - 0:11:15 - Average concat_pos_m_neg_e_loss: 0.0 at global step: 25
INFO - 11/16/20 11:39:19 - 0:11:15 - Average concat_pos_e_neg_m_loss: 0.0 at global step: 25
INFO - 11/16/20 11:39:19 - 0:11:15 - Average concat_pos_e_neg_e_loss: 0.0 at global step: 25
INFO - 11/16/20 11:39:19 - 0:11:15 - Average concat_pos_m_neg_m_num_examples: 173.28 at global step: 25
INFO - 11/16/20 11:39:19 - 0:11:15 - Average concat_pos_m_neg_e_num_examples: 0.0 at global step: 25
INFO - 11/16/20 11:39:19 - 0:11:15 - Average concat_pos_e_neg_m_num_examples: 0.0 at global step: 25
INFO - 11/16/20 11:39:19 - 0:11:15 - Average concat_pos_e_neg_e_num_examples: 0.0 at global step: 25
INFO - 11/16/20 11:39:19 - 0:11:15 - Using m-m edges for training
INFO - 11/16/20 11:48:04 - 0:20:00 - Average concat_loss: 0.6605936914304852 at global step: 50
INFO - 11/16/20 11:48:04 - 0:20:00 - Average concat_num_examples: 163.2 at global step: 50
INFO - 11/16/20 11:48:04 - 0:20:00 - Average concat_pos_m_neg_m_loss: 0.6605936914304852 at global step: 50
INFO - 11/16/20 11:48:04 - 0:20:00 - Average concat_pos_m_neg_e_loss: 0.0 at global step: 50
INFO - 11/16/20 11:48:04 - 0:20:00 - Average concat_pos_e_neg_m_loss: 0.0 at global step: 50
INFO - 11/16/20 11:48:04 - 0:20:00 - Average concat_pos_e_neg_e_loss: 0.0 at global step: 50
INFO - 11/16/20 11:48:04 - 0:20:00 - Average concat_pos_m_neg_m_num_examples: 163.2 at global step: 50
INFO - 11/16/20 11:48:04 - 0:20:00 - Average concat_pos_m_neg_e_num_examples: 0.0 at global step: 50
INFO - 11/16/20 11:48:04 - 0:20:00 - Average concat_pos_e_neg_m_num_examples: 0.0 at global step: 50
INFO - 11/16/20 11:48:04 - 0:20:00 - Average concat_pos_e_neg_e_num_examples: 0.0 at global step: 50
INFO - 11/16/20 11:48:04 - 0:20:00 - Using m-m edges for training
INFO - 11/16/20 11:57:37 - 0:29:33 - Average concat_loss: 0.23240022462927304 at global step: 75
INFO - 11/16/20 11:57:37 - 0:29:33 - Average concat_num_examples: 180.48 at global step: 75
INFO - 11/16/20 11:57:37 - 0:29:33 - Average concat_pos_m_neg_m_loss: 0.23240022462927304 at global step: 75
INFO - 11/16/20 11:57:37 - 0:29:33 - Average concat_pos_m_neg_e_loss: 0.0 at global step: 75
INFO - 11/16/20 11:57:37 - 0:29:33 - Average concat_pos_e_neg_m_loss: 0.0 at global step: 75
INFO - 11/16/20 11:57:37 - 0:29:33 - Average concat_pos_e_neg_e_loss: 0.0 at global step: 75
INFO - 11/16/20 11:57:37 - 0:29:33 - Average concat_pos_m_neg_m_num_examples: 180.48 at global step: 75
INFO - 11/16/20 11:57:37 - 0:29:33 - Average concat_pos_m_neg_e_num_examples: 0.0 at global step: 75
INFO - 11/16/20 11:57:37 - 0:29:33 - Average concat_pos_e_neg_m_num_examples: 0.0 at global step: 75
INFO - 11/16/20 11:57:37 - 0:29:33 - Average concat_pos_e_neg_e_num_examples: 0.0 at global step: 75
INFO - 11/16/20 11:57:37 - 0:29:33 - Using m-m edges for training
INFO - 11/16/20 12:06:20 - 0:38:16 - Average concat_loss: 0.056186748676916774 at global step: 100
INFO - 11/16/20 12:06:20 - 0:38:16 - Average concat_num_examples: 162.72 at global step: 100
INFO - 11/16/20 12:06:20 - 0:38:16 - Average concat_pos_m_neg_m_loss: 0.056186748676916774 at global step: 100
INFO - 11/16/20 12:06:20 - 0:38:16 - Average concat_pos_m_neg_e_loss: 0.0 at global step: 100
INFO - 11/16/20 12:06:20 - 0:38:16 - Average concat_pos_e_neg_m_loss: 0.0 at global step: 100
INFO - 11/16/20 12:06:20 - 0:38:16 - Average concat_pos_e_neg_e_loss: 0.0 at global step: 100
INFO - 11/16/20 12:06:20 - 0:38:16 - Average concat_pos_m_neg_m_num_examples: 162.72 at global step: 100
INFO - 11/16/20 12:06:20 - 0:38:16 - Average concat_pos_m_neg_e_num_examples: 0.0 at global step: 100
INFO - 11/16/20 12:06:20 - 0:38:16 - Average concat_pos_e_neg_m_num_examples: 0.0 at global step: 100
INFO - 11/16/20 12:06:20 - 0:38:16 - Average concat_pos_e_neg_e_num_examples: 0.0 at global step: 100
INFO - 11/16/20 12:06:20 - 0:38:16 - Using m-m edges for training
INFO - 11/16/20 12:15:09 - 0:47:05 - Average concat_loss: 0.0857462499363008 at global step: 125
INFO - 11/16/20 12:15:09 - 0:47:05 - Average concat_num_examples: 154.88 at global step: 125
INFO - 11/16/20 12:15:09 - 0:47:05 - Average concat_pos_m_neg_m_loss: 0.0857462499363008 at global step: 125
INFO - 11/16/20 12:15:09 - 0:47:05 - Average concat_pos_m_neg_e_loss: 0.0 at global step: 125
INFO - 11/16/20 12:15:09 - 0:47:05 - Average concat_pos_e_neg_m_loss: 0.0 at global step: 125
INFO - 11/16/20 12:15:09 - 0:47:05 - Average concat_pos_e_neg_e_loss: 0.0 at global step: 125
INFO - 11/16/20 12:15:09 - 0:47:05 - Average concat_pos_m_neg_m_num_examples: 154.88 at global step: 125
INFO - 11/16/20 12:15:09 - 0:47:05 - Average concat_pos_m_neg_e_num_examples: 0.0 at global step: 125
INFO - 11/16/20 12:15:09 - 0:47:05 - Average concat_pos_e_neg_m_num_examples: 0.0 at global step: 125
INFO - 11/16/20 12:15:09 - 0:47:05 - Average concat_pos_e_neg_e_num_examples: 0.0 at global step: 125
INFO - 11/16/20 12:15:09 - 0:47:05 - Using m-m edges for training
INFO - 11/16/20 12:23:51 - 0:55:47 - Average concat_loss: 0.0650493261456214 at global step: 150
INFO - 11/16/20 12:23:51 - 0:55:47 - Average concat_num_examples: 164.64 at global step: 150
INFO - 11/16/20 12:23:51 - 0:55:47 - Average concat_pos_m_neg_m_loss: 0.0650493261456214 at global step: 150
INFO - 11/16/20 12:23:51 - 0:55:47 - Average concat_pos_m_neg_e_loss: 0.0 at global step: 150
INFO - 11/16/20 12:23:51 - 0:55:47 - Average concat_pos_e_neg_m_loss: 0.0 at global step: 150
INFO - 11/16/20 12:23:51 - 0:55:47 - Average concat_pos_e_neg_e_loss: 0.0 at global step: 150
INFO - 11/16/20 12:23:51 - 0:55:47 - Average concat_pos_m_neg_m_num_examples: 164.64 at global step: 150
INFO - 11/16/20 12:23:51 - 0:55:47 - Average concat_pos_m_neg_e_num_examples: 0.0 at global step: 150
INFO - 11/16/20 12:23:51 - 0:55:47 - Average concat_pos_e_neg_m_num_examples: 0.0 at global step: 150
INFO - 11/16/20 12:23:51 - 0:55:47 - Average concat_pos_e_neg_e_num_examples: 0.0 at global step: 150
INFO - 11/16/20 12:23:51 - 0:55:47 - Using m-m edges for training
INFO - 11/16/20 12:33:22 - 1:05:18 - Average concat_loss: 0.0981100839330163 at global step: 175
INFO - 11/16/20 12:33:22 - 1:05:18 - Average concat_num_examples: 164.48 at global step: 175
INFO - 11/16/20 12:33:22 - 1:05:18 - Average concat_pos_m_neg_m_loss: 0.0981100839330163 at global step: 175
INFO - 11/16/20 12:33:22 - 1:05:18 - Average concat_pos_m_neg_e_loss: 0.0 at global step: 175
INFO - 11/16/20 12:33:22 - 1:05:18 - Average concat_pos_e_neg_m_loss: 0.0 at global step: 175
INFO - 11/16/20 12:33:22 - 1:05:18 - Average concat_pos_e_neg_e_loss: 0.0 at global step: 175
INFO - 11/16/20 12:33:22 - 1:05:18 - Average concat_pos_m_neg_m_num_examples: 164.48 at global step: 175
INFO - 11/16/20 12:33:22 - 1:05:18 - Average concat_pos_m_neg_e_num_examples: 0.0 at global step: 175
INFO - 11/16/20 12:33:22 - 1:05:18 - Average concat_pos_e_neg_m_num_examples: 0.0 at global step: 175
INFO - 11/16/20 12:33:22 - 1:05:18 - Average concat_pos_e_neg_e_num_examples: 0.0 at global step: 175
INFO - 11/16/20 12:33:22 - 1:05:18 - Using m-m edges for training
INFO - 11/16/20 12:42:12 - 1:14:08 - Average concat_loss: 0.09146649774450259 at global step: 200
INFO - 11/16/20 12:42:12 - 1:14:08 - Average concat_num_examples: 155.68 at global step: 200
INFO - 11/16/20 12:42:12 - 1:14:08 - Average concat_pos_m_neg_m_loss: 0.09146649774450259 at global step: 200
INFO - 11/16/20 12:42:12 - 1:14:08 - Average concat_pos_m_neg_e_loss: 0.0 at global step: 200
INFO - 11/16/20 12:42:12 - 1:14:08 - Average concat_pos_e_neg_m_loss: 0.0 at global step: 200
INFO - 11/16/20 12:42:12 - 1:14:08 - Average concat_pos_e_neg_e_loss: 0.0 at global step: 200
INFO - 11/16/20 12:42:12 - 1:14:08 - Average concat_pos_m_neg_m_num_examples: 155.68 at global step: 200
INFO - 11/16/20 12:42:12 - 1:14:08 - Average concat_pos_m_neg_e_num_examples: 0.0 at global step: 200
INFO - 11/16/20 12:42:12 - 1:14:08 - Average concat_pos_e_neg_m_num_examples: 0.0 at global step: 200
INFO - 11/16/20 12:42:12 - 1:14:08 - Average concat_pos_e_neg_e_num_examples: 0.0 at global step: 200
INFO - 11/16/20 12:42:12 - 1:14:08 - Using m-m edges for training
INFO - 11/16/20 12:50:43 - 1:22:39 - Configuration saved in /mnt/nfs/scratch1/rangell/lerac/coref_entity_linking/experiments/BC5CDR-d/cluster_linking/exp_0_m-m/checkpoint-224/affinity_model_model/m_e_model/config.json
INFO - 11/16/20 12:50:48 - 1:22:44 - Model weights saved in /mnt/nfs/scratch1/rangell/lerac/coref_entity_linking/experiments/BC5CDR-d/cluster_linking/exp_0_m-m/checkpoint-224/affinity_model_model/m_e_model/pytorch_model.bin
INFO - 11/16/20 12:50:48 - 1:22:44 - Configuration saved in /mnt/nfs/scratch1/rangell/lerac/coref_entity_linking/experiments/BC5CDR-d/cluster_linking/exp_0_m-m/checkpoint-224/affinity_model_model/m_m_model/config.json
INFO - 11/16/20 12:50:52 - 1:22:48 - Model weights saved in /mnt/nfs/scratch1/rangell/lerac/coref_entity_linking/experiments/BC5CDR-d/cluster_linking/exp_0_m-m/checkpoint-224/affinity_model_model/m_m_model/pytorch_model.bin
INFO - 11/16/20 12:50:52 - 1:22:48 - ********** [END] epoch: 0 **********
INFO - 11/16/20 12:50:52 - 1:22:48 - ********** [START] epoch: 1 **********
INFO - 11/16/20 12:50:52 - 1:22:48 - num_batches: 224
INFO - 11/16/20 12:51:32 - 1:23:28 - Average concat_loss: 0.04386607978866364 at global step: 225
INFO - 11/16/20 12:51:32 - 1:23:28 - Average concat_num_examples: 164.16 at global step: 225
INFO - 11/16/20 12:51:32 - 1:23:28 - Average concat_pos_m_neg_m_loss: 0.04386607978866364 at global step: 225
INFO - 11/16/20 12:51:32 - 1:23:28 - Average concat_pos_m_neg_e_loss: 0.0 at global step: 225
INFO - 11/16/20 12:51:32 - 1:23:28 - Average concat_pos_e_neg_m_loss: 0.0 at global step: 225
INFO - 11/16/20 12:51:32 - 1:23:28 - Average concat_pos_e_neg_e_loss: 0.0 at global step: 225
INFO - 11/16/20 12:51:32 - 1:23:28 - Average concat_pos_m_neg_m_num_examples: 164.16 at global step: 225
INFO - 11/16/20 12:51:32 - 1:23:28 - Average concat_pos_m_neg_e_num_examples: 0.0 at global step: 225
INFO - 11/16/20 12:51:32 - 1:23:28 - Average concat_pos_e_neg_m_num_examples: 0.0 at global step: 225
INFO - 11/16/20 12:51:32 - 1:23:28 - Average concat_pos_e_neg_e_num_examples: 0.0 at global step: 225
INFO - 11/16/20 12:51:32 - 1:23:28 - Using m-m edges for training
INFO - 11/16/20 13:00:44 - 1:32:40 - Average concat_loss: 0.04644489023677372 at global step: 250
INFO - 11/16/20 13:00:44 - 1:32:40 - Average concat_num_examples: 165.12 at global step: 250
INFO - 11/16/20 13:00:44 - 1:32:40 - Average concat_pos_m_neg_m_loss: 0.04644489023677372 at global step: 250
INFO - 11/16/20 13:00:44 - 1:32:40 - Average concat_pos_m_neg_e_loss: 0.0 at global step: 250
INFO - 11/16/20 13:00:44 - 1:32:40 - Average concat_pos_e_neg_m_loss: 0.0 at global step: 250
INFO - 11/16/20 13:00:44 - 1:32:40 - Average concat_pos_e_neg_e_loss: 0.0 at global step: 250
INFO - 11/16/20 13:00:44 - 1:32:40 - Average concat_pos_m_neg_m_num_examples: 165.12 at global step: 250
INFO - 11/16/20 13:00:44 - 1:32:40 - Average concat_pos_m_neg_e_num_examples: 0.0 at global step: 250
INFO - 11/16/20 13:00:44 - 1:32:40 - Average concat_pos_e_neg_m_num_examples: 0.0 at global step: 250
INFO - 11/16/20 13:00:44 - 1:32:40 - Average concat_pos_e_neg_e_num_examples: 0.0 at global step: 250
INFO - 11/16/20 13:00:44 - 1:32:40 - Using m-m edges for training
INFO - 11/16/20 13:09:29 - 1:41:25 - Average concat_loss: 0.033664495862172406 at global step: 275
INFO - 11/16/20 13:09:29 - 1:41:25 - Average concat_num_examples: 157.76 at global step: 275
INFO - 11/16/20 13:09:29 - 1:41:25 - Average concat_pos_m_neg_m_loss: 0.033664495862172406 at global step: 275
INFO - 11/16/20 13:09:29 - 1:41:25 - Average concat_pos_m_neg_e_loss: 0.0 at global step: 275
INFO - 11/16/20 13:09:29 - 1:41:25 - Average concat_pos_e_neg_m_loss: 0.0 at global step: 275
INFO - 11/16/20 13:09:29 - 1:41:25 - Average concat_pos_e_neg_e_loss: 0.0 at global step: 275
INFO - 11/16/20 13:09:29 - 1:41:25 - Average concat_pos_m_neg_m_num_examples: 157.76 at global step: 275
INFO - 11/16/20 13:09:29 - 1:41:25 - Average concat_pos_m_neg_e_num_examples: 0.0 at global step: 275
INFO - 11/16/20 13:09:29 - 1:41:25 - Average concat_pos_e_neg_m_num_examples: 0.0 at global step: 275
INFO - 11/16/20 13:09:29 - 1:41:25 - Average concat_pos_e_neg_e_num_examples: 0.0 at global step: 275
INFO - 11/16/20 13:09:29 - 1:41:25 - Using m-m edges for training
INFO - 11/16/20 13:17:59 - 1:49:55 - Average concat_loss: 0.039427493820650375 at global step: 300
INFO - 11/16/20 13:17:59 - 1:49:55 - Average concat_num_examples: 152.0 at global step: 300
INFO - 11/16/20 13:17:59 - 1:49:55 - Average concat_pos_m_neg_m_loss: 0.039427493820650375 at global step: 300
INFO - 11/16/20 13:17:59 - 1:49:55 - Average concat_pos_m_neg_e_loss: 0.0 at global step: 300
INFO - 11/16/20 13:17:59 - 1:49:55 - Average concat_pos_e_neg_m_loss: 0.0 at global step: 300
INFO - 11/16/20 13:17:59 - 1:49:55 - Average concat_pos_e_neg_e_loss: 0.0 at global step: 300
INFO - 11/16/20 13:17:59 - 1:49:55 - Average concat_pos_m_neg_m_num_examples: 152.0 at global step: 300
INFO - 11/16/20 13:17:59 - 1:49:55 - Average concat_pos_m_neg_e_num_examples: 0.0 at global step: 300
INFO - 11/16/20 13:17:59 - 1:49:55 - Average concat_pos_e_neg_m_num_examples: 0.0 at global step: 300
INFO - 11/16/20 13:17:59 - 1:49:55 - Average concat_pos_e_neg_e_num_examples: 0.0 at global step: 300
INFO - 11/16/20 13:17:59 - 1:49:55 - Using m-m edges for training
INFO - 11/16/20 13:27:30 - 1:59:26 - Average concat_loss: 0.03280895958620841 at global step: 325
INFO - 11/16/20 13:27:30 - 1:59:26 - Average concat_num_examples: 175.68 at global step: 325
INFO - 11/16/20 13:27:30 - 1:59:26 - Average concat_pos_m_neg_m_loss: 0.03280895958620841 at global step: 325
INFO - 11/16/20 13:27:30 - 1:59:26 - Average concat_pos_m_neg_e_loss: 0.0 at global step: 325
INFO - 11/16/20 13:27:30 - 1:59:26 - Average concat_pos_e_neg_m_loss: 0.0 at global step: 325
INFO - 11/16/20 13:27:30 - 1:59:26 - Average concat_pos_e_neg_e_loss: 0.0 at global step: 325
INFO - 11/16/20 13:27:30 - 1:59:26 - Average concat_pos_m_neg_m_num_examples: 175.68 at global step: 325
INFO - 11/16/20 13:27:30 - 1:59:26 - Average concat_pos_m_neg_e_num_examples: 0.0 at global step: 325
INFO - 11/16/20 13:27:30 - 1:59:26 - Average concat_pos_e_neg_m_num_examples: 0.0 at global step: 325
INFO - 11/16/20 13:27:30 - 1:59:26 - Average concat_pos_e_neg_e_num_examples: 0.0 at global step: 325
INFO - 11/16/20 13:27:30 - 1:59:26 - Using m-m edges for training
INFO - 11/16/20 13:36:15 - 2:08:11 - Average concat_loss: 0.03749617978813333 at global step: 350
INFO - 11/16/20 13:36:15 - 2:08:11 - Average concat_num_examples: 163.04 at global step: 350
INFO - 11/16/20 13:36:15 - 2:08:11 - Average concat_pos_m_neg_m_loss: 0.03749617978813333 at global step: 350
INFO - 11/16/20 13:36:15 - 2:08:11 - Average concat_pos_m_neg_e_loss: 0.0 at global step: 350
INFO - 11/16/20 13:36:15 - 2:08:11 - Average concat_pos_e_neg_m_loss: 0.0 at global step: 350
INFO - 11/16/20 13:36:15 - 2:08:11 - Average concat_pos_e_neg_e_loss: 0.0 at global step: 350
INFO - 11/16/20 13:36:15 - 2:08:11 - Average concat_pos_m_neg_m_num_examples: 163.04 at global step: 350
INFO - 11/16/20 13:36:15 - 2:08:11 - Average concat_pos_m_neg_e_num_examples: 0.0 at global step: 350
INFO - 11/16/20 13:36:15 - 2:08:11 - Average concat_pos_e_neg_m_num_examples: 0.0 at global step: 350
INFO - 11/16/20 13:36:15 - 2:08:11 - Average concat_pos_e_neg_e_num_examples: 0.0 at global step: 350
INFO - 11/16/20 13:36:15 - 2:08:11 - Using m-m edges for training
INFO - 11/16/20 13:45:33 - 2:17:29 - Average concat_loss: 0.04124913491169564 at global step: 375
INFO - 11/16/20 13:45:33 - 2:17:29 - Average concat_num_examples: 172.48 at global step: 375
INFO - 11/16/20 13:45:33 - 2:17:29 - Average concat_pos_m_neg_m_loss: 0.04124913491169564 at global step: 375
INFO - 11/16/20 13:45:33 - 2:17:29 - Average concat_pos_m_neg_e_loss: 0.0 at global step: 375
INFO - 11/16/20 13:45:33 - 2:17:29 - Average concat_pos_e_neg_m_loss: 0.0 at global step: 375
INFO - 11/16/20 13:45:33 - 2:17:29 - Average concat_pos_e_neg_e_loss: 0.0 at global step: 375
INFO - 11/16/20 13:45:33 - 2:17:29 - Average concat_pos_m_neg_m_num_examples: 172.48 at global step: 375
INFO - 11/16/20 13:45:33 - 2:17:29 - Average concat_pos_m_neg_e_num_examples: 0.0 at global step: 375
INFO - 11/16/20 13:45:33 - 2:17:29 - Average concat_pos_e_neg_m_num_examples: 0.0 at global step: 375
INFO - 11/16/20 13:45:33 - 2:17:29 - Average concat_pos_e_neg_e_num_examples: 0.0 at global step: 375
INFO - 11/16/20 13:45:33 - 2:17:29 - Using m-m edges for training
INFO - 11/16/20 13:54:42 - 2:26:38 - Average concat_loss: 0.033344727081769464 at global step: 400
INFO - 11/16/20 13:54:42 - 2:26:38 - Average concat_num_examples: 169.44 at global step: 400
INFO - 11/16/20 13:54:42 - 2:26:38 - Average concat_pos_m_neg_m_loss: 0.033344727081769464 at global step: 400
INFO - 11/16/20 13:54:42 - 2:26:38 - Average concat_pos_m_neg_e_loss: 0.0 at global step: 400
INFO - 11/16/20 13:54:42 - 2:26:38 - Average concat_pos_e_neg_m_loss: 0.0 at global step: 400
INFO - 11/16/20 13:54:42 - 2:26:38 - Average concat_pos_e_neg_e_loss: 0.0 at global step: 400
INFO - 11/16/20 13:54:42 - 2:26:38 - Average concat_pos_m_neg_m_num_examples: 169.44 at global step: 400
INFO - 11/16/20 13:54:42 - 2:26:38 - Average concat_pos_m_neg_e_num_examples: 0.0 at global step: 400
INFO - 11/16/20 13:54:42 - 2:26:38 - Average concat_pos_e_neg_m_num_examples: 0.0 at global step: 400
INFO - 11/16/20 13:54:42 - 2:26:38 - Average concat_pos_e_neg_e_num_examples: 0.0 at global step: 400
INFO - 11/16/20 13:54:42 - 2:26:38 - Using m-m edges for training
INFO - 11/16/20 14:03:07 - 2:35:03 - Average concat_loss: 0.019941881455417608 at global step: 425
INFO - 11/16/20 14:03:07 - 2:35:03 - Average concat_num_examples: 154.88 at global step: 425
INFO - 11/16/20 14:03:07 - 2:35:03 - Average concat_pos_m_neg_m_loss: 0.019941881455417608 at global step: 425
INFO - 11/16/20 14:03:07 - 2:35:03 - Average concat_pos_m_neg_e_loss: 0.0 at global step: 425
INFO - 11/16/20 14:03:07 - 2:35:03 - Average concat_pos_e_neg_m_loss: 0.0 at global step: 425
INFO - 11/16/20 14:03:07 - 2:35:03 - Average concat_pos_e_neg_e_loss: 0.0 at global step: 425
INFO - 11/16/20 14:03:07 - 2:35:03 - Average concat_pos_m_neg_m_num_examples: 154.88 at global step: 425
INFO - 11/16/20 14:03:07 - 2:35:03 - Average concat_pos_m_neg_e_num_examples: 0.0 at global step: 425
INFO - 11/16/20 14:03:07 - 2:35:03 - Average concat_pos_e_neg_m_num_examples: 0.0 at global step: 425
INFO - 11/16/20 14:03:07 - 2:35:03 - Average concat_pos_e_neg_e_num_examples: 0.0 at global step: 425
INFO - 11/16/20 14:03:07 - 2:35:03 - Using m-m edges for training
INFO - 11/16/20 14:11:06 - 2:43:02 - Configuration saved in /mnt/nfs/scratch1/rangell/lerac/coref_entity_linking/experiments/BC5CDR-d/cluster_linking/exp_0_m-m/checkpoint-448/affinity_model_model/m_e_model/config.json
INFO - 11/16/20 14:11:11 - 2:43:07 - Model weights saved in /mnt/nfs/scratch1/rangell/lerac/coref_entity_linking/experiments/BC5CDR-d/cluster_linking/exp_0_m-m/checkpoint-448/affinity_model_model/m_e_model/pytorch_model.bin
INFO - 11/16/20 14:11:11 - 2:43:07 - Configuration saved in /mnt/nfs/scratch1/rangell/lerac/coref_entity_linking/experiments/BC5CDR-d/cluster_linking/exp_0_m-m/checkpoint-448/affinity_model_model/m_m_model/config.json
INFO - 11/16/20 14:11:15 - 2:43:11 - Model weights saved in /mnt/nfs/scratch1/rangell/lerac/coref_entity_linking/experiments/BC5CDR-d/cluster_linking/exp_0_m-m/checkpoint-448/affinity_model_model/m_m_model/pytorch_model.bin
INFO - 11/16/20 14:11:15 - 2:43:11 - ********** [END] epoch: 1 **********
INFO - 11/16/20 14:11:15 - 2:43:11 - ********** [START] epoch: 2 **********
INFO - 11/16/20 14:11:15 - 2:43:11 - num_batches: 224
INFO - 11/16/20 14:11:56 - 2:43:52 - Average concat_loss: 0.034628434718556644 at global step: 450
INFO - 11/16/20 14:11:56 - 2:43:52 - Average concat_num_examples: 157.44 at global step: 450
INFO - 11/16/20 14:11:56 - 2:43:52 - Average concat_pos_m_neg_m_loss: 0.034628434718556644 at global step: 450
INFO - 11/16/20 14:11:56 - 2:43:52 - Average concat_pos_m_neg_e_loss: 0.0 at global step: 450
INFO - 11/16/20 14:11:56 - 2:43:52 - Average concat_pos_e_neg_m_loss: 0.0 at global step: 450
INFO - 11/16/20 14:11:56 - 2:43:52 - Average concat_pos_e_neg_e_loss: 0.0 at global step: 450
INFO - 11/16/20 14:11:56 - 2:43:52 - Average concat_pos_m_neg_m_num_examples: 157.44 at global step: 450
INFO - 11/16/20 14:11:56 - 2:43:52 - Average concat_pos_m_neg_e_num_examples: 0.0 at global step: 450
INFO - 11/16/20 14:11:56 - 2:43:52 - Average concat_pos_e_neg_m_num_examples: 0.0 at global step: 450
INFO - 11/16/20 14:11:56 - 2:43:52 - Average concat_pos_e_neg_e_num_examples: 0.0 at global step: 450
INFO - 11/16/20 14:11:56 - 2:43:52 - Using m-m edges for training
INFO - 11/16/20 14:20:14 - 2:52:10 - Average concat_loss: 0.015671580694456684 at global step: 475
INFO - 11/16/20 14:20:14 - 2:52:10 - Average concat_num_examples: 146.56 at global step: 475
INFO - 11/16/20 14:20:14 - 2:52:10 - Average concat_pos_m_neg_m_loss: 0.015671580694456684 at global step: 475
INFO - 11/16/20 14:20:14 - 2:52:10 - Average concat_pos_m_neg_e_loss: 0.0 at global step: 475
INFO - 11/16/20 14:20:14 - 2:52:10 - Average concat_pos_e_neg_m_loss: 0.0 at global step: 475
INFO - 11/16/20 14:20:14 - 2:52:10 - Average concat_pos_e_neg_e_loss: 0.0 at global step: 475
INFO - 11/16/20 14:20:14 - 2:52:10 - Average concat_pos_m_neg_m_num_examples: 146.56 at global step: 475
INFO - 11/16/20 14:20:14 - 2:52:10 - Average concat_pos_m_neg_e_num_examples: 0.0 at global step: 475
INFO - 11/16/20 14:20:14 - 2:52:10 - Average concat_pos_e_neg_m_num_examples: 0.0 at global step: 475
INFO - 11/16/20 14:20:14 - 2:52:10 - Average concat_pos_e_neg_e_num_examples: 0.0 at global step: 475
INFO - 11/16/20 14:20:14 - 2:52:10 - Using m-m edges for training
INFO - 11/16/20 14:28:33 - 3:00:29 - Average concat_loss: 0.010964975564662895 at global step: 500
INFO - 11/16/20 14:28:33 - 3:00:29 - Average concat_num_examples: 158.08 at global step: 500
INFO - 11/16/20 14:28:33 - 3:00:29 - Average concat_pos_m_neg_m_loss: 0.010964975564662895 at global step: 500
INFO - 11/16/20 14:28:33 - 3:00:29 - Average concat_pos_m_neg_e_loss: 0.0 at global step: 500
INFO - 11/16/20 14:28:33 - 3:00:29 - Average concat_pos_e_neg_m_loss: 0.0 at global step: 500
INFO - 11/16/20 14:28:33 - 3:00:29 - Average concat_pos_e_neg_e_loss: 0.0 at global step: 500
INFO - 11/16/20 14:28:33 - 3:00:29 - Average concat_pos_m_neg_m_num_examples: 158.08 at global step: 500
INFO - 11/16/20 14:28:33 - 3:00:29 - Average concat_pos_m_neg_e_num_examples: 0.0 at global step: 500
INFO - 11/16/20 14:28:33 - 3:00:29 - Average concat_pos_e_neg_m_num_examples: 0.0 at global step: 500
INFO - 11/16/20 14:28:33 - 3:00:29 - Average concat_pos_e_neg_e_num_examples: 0.0 at global step: 500
INFO - 11/16/20 14:28:33 - 3:00:29 - Using m-m edges for training
INFO - 11/16/20 14:38:03 - 3:09:59 - Average concat_loss: 0.02198781568622826 at global step: 525
INFO - 11/16/20 14:38:03 - 3:09:59 - Average concat_num_examples: 171.68 at global step: 525
INFO - 11/16/20 14:38:03 - 3:09:59 - Average concat_pos_m_neg_m_loss: 0.02198781568622826 at global step: 525
INFO - 11/16/20 14:38:03 - 3:09:59 - Average concat_pos_m_neg_e_loss: 0.0 at global step: 525
INFO - 11/16/20 14:38:03 - 3:09:59 - Average concat_pos_e_neg_m_loss: 0.0 at global step: 525
INFO - 11/16/20 14:38:03 - 3:09:59 - Average concat_pos_e_neg_e_loss: 0.0 at global step: 525
INFO - 11/16/20 14:38:03 - 3:09:59 - Average concat_pos_m_neg_m_num_examples: 171.68 at global step: 525
INFO - 11/16/20 14:38:03 - 3:09:59 - Average concat_pos_m_neg_e_num_examples: 0.0 at global step: 525
INFO - 11/16/20 14:38:03 - 3:09:59 - Average concat_pos_e_neg_m_num_examples: 0.0 at global step: 525
INFO - 11/16/20 14:38:03 - 3:09:59 - Average concat_pos_e_neg_e_num_examples: 0.0 at global step: 525
INFO - 11/16/20 14:38:03 - 3:09:59 - Using m-m edges for training
INFO - 11/16/20 14:46:51 - 3:18:47 - Average concat_loss: 0.025066612380667205 at global step: 550
INFO - 11/16/20 14:46:51 - 3:18:47 - Average concat_num_examples: 149.28 at global step: 550
INFO - 11/16/20 14:46:51 - 3:18:47 - Average concat_pos_m_neg_m_loss: 0.025066612380667205 at global step: 550
INFO - 11/16/20 14:46:51 - 3:18:47 - Average concat_pos_m_neg_e_loss: 0.0 at global step: 550
INFO - 11/16/20 14:46:51 - 3:18:47 - Average concat_pos_e_neg_m_loss: 0.0 at global step: 550
INFO - 11/16/20 14:46:51 - 3:18:47 - Average concat_pos_e_neg_e_loss: 0.0 at global step: 550
INFO - 11/16/20 14:46:51 - 3:18:47 - Average concat_pos_m_neg_m_num_examples: 149.28 at global step: 550
INFO - 11/16/20 14:46:51 - 3:18:47 - Average concat_pos_m_neg_e_num_examples: 0.0 at global step: 550
INFO - 11/16/20 14:46:51 - 3:18:47 - Average concat_pos_e_neg_m_num_examples: 0.0 at global step: 550
INFO - 11/16/20 14:46:51 - 3:18:47 - Average concat_pos_e_neg_e_num_examples: 0.0 at global step: 550
INFO - 11/16/20 14:46:51 - 3:18:47 - Using m-m edges for training
INFO - 11/16/20 14:56:00 - 3:27:56 - Average concat_loss: 0.015327275621714709 at global step: 575
INFO - 11/16/20 14:56:00 - 3:27:56 - Average concat_num_examples: 171.68 at global step: 575
INFO - 11/16/20 14:56:00 - 3:27:56 - Average concat_pos_m_neg_m_loss: 0.015327275621714709 at global step: 575
INFO - 11/16/20 14:56:00 - 3:27:56 - Average concat_pos_m_neg_e_loss: 0.0 at global step: 575
INFO - 11/16/20 14:56:00 - 3:27:56 - Average concat_pos_e_neg_m_loss: 0.0 at global step: 575
INFO - 11/16/20 14:56:00 - 3:27:56 - Average concat_pos_e_neg_e_loss: 0.0 at global step: 575
INFO - 11/16/20 14:56:00 - 3:27:56 - Average concat_pos_m_neg_m_num_examples: 171.68 at global step: 575
INFO - 11/16/20 14:56:00 - 3:27:56 - Average concat_pos_m_neg_e_num_examples: 0.0 at global step: 575
INFO - 11/16/20 14:56:00 - 3:27:56 - Average concat_pos_e_neg_m_num_examples: 0.0 at global step: 575
INFO - 11/16/20 14:56:00 - 3:27:56 - Average concat_pos_e_neg_e_num_examples: 0.0 at global step: 575
INFO - 11/16/20 14:56:00 - 3:27:56 - Using m-m edges for training
INFO - 11/16/20 15:05:50 - 3:37:46 - Average concat_loss: 0.01527623220847336 at global step: 600
INFO - 11/16/20 15:05:50 - 3:37:46 - Average concat_num_examples: 187.68 at global step: 600
INFO - 11/16/20 15:05:50 - 3:37:46 - Average concat_pos_m_neg_m_loss: 0.01527623220847336 at global step: 600
INFO - 11/16/20 15:05:50 - 3:37:46 - Average concat_pos_m_neg_e_loss: 0.0 at global step: 600
INFO - 11/16/20 15:05:50 - 3:37:46 - Average concat_pos_e_neg_m_loss: 0.0 at global step: 600
INFO - 11/16/20 15:05:50 - 3:37:46 - Average concat_pos_e_neg_e_loss: 0.0 at global step: 600
INFO - 11/16/20 15:05:50 - 3:37:46 - Average concat_pos_m_neg_m_num_examples: 187.68 at global step: 600
INFO - 11/16/20 15:05:50 - 3:37:46 - Average concat_pos_m_neg_e_num_examples: 0.0 at global step: 600
INFO - 11/16/20 15:05:50 - 3:37:46 - Average concat_pos_e_neg_m_num_examples: 0.0 at global step: 600
INFO - 11/16/20 15:05:50 - 3:37:46 - Average concat_pos_e_neg_e_num_examples: 0.0 at global step: 600
INFO - 11/16/20 15:05:50 - 3:37:46 - Using m-m edges for training
INFO - 11/16/20 15:15:10 - 3:47:06 - Average concat_loss: 0.01404809966420116 at global step: 625
INFO - 11/16/20 15:15:10 - 3:47:06 - Average concat_num_examples: 170.56 at global step: 625
INFO - 11/16/20 15:15:10 - 3:47:06 - Average concat_pos_m_neg_m_loss: 0.01404809966420116 at global step: 625
INFO - 11/16/20 15:15:10 - 3:47:06 - Average concat_pos_m_neg_e_loss: 0.0 at global step: 625
INFO - 11/16/20 15:15:10 - 3:47:06 - Average concat_pos_e_neg_m_loss: 0.0 at global step: 625
INFO - 11/16/20 15:15:10 - 3:47:06 - Average concat_pos_e_neg_e_loss: 0.0 at global step: 625
INFO - 11/16/20 15:15:10 - 3:47:06 - Average concat_pos_m_neg_m_num_examples: 170.56 at global step: 625
INFO - 11/16/20 15:15:10 - 3:47:06 - Average concat_pos_m_neg_e_num_examples: 0.0 at global step: 625
INFO - 11/16/20 15:15:10 - 3:47:06 - Average concat_pos_e_neg_m_num_examples: 0.0 at global step: 625
INFO - 11/16/20 15:15:10 - 3:47:06 - Average concat_pos_e_neg_e_num_examples: 0.0 at global step: 625
INFO - 11/16/20 15:15:10 - 3:47:06 - Using m-m edges for training
INFO - 11/16/20 15:23:58 - 3:55:54 - Average concat_loss: 0.009727907936148632 at global step: 650
INFO - 11/16/20 15:23:58 - 3:55:54 - Average concat_num_examples: 156.0 at global step: 650
INFO - 11/16/20 15:23:58 - 3:55:54 - Average concat_pos_m_neg_m_loss: 0.009727907936148632 at global step: 650
INFO - 11/16/20 15:23:58 - 3:55:54 - Average concat_pos_m_neg_e_loss: 0.0 at global step: 650
INFO - 11/16/20 15:23:58 - 3:55:54 - Average concat_pos_e_neg_m_loss: 0.0 at global step: 650
INFO - 11/16/20 15:23:58 - 3:55:54 - Average concat_pos_e_neg_e_loss: 0.0 at global step: 650
INFO - 11/16/20 15:23:58 - 3:55:54 - Average concat_pos_m_neg_m_num_examples: 156.0 at global step: 650
INFO - 11/16/20 15:23:58 - 3:55:54 - Average concat_pos_m_neg_e_num_examples: 0.0 at global step: 650
INFO - 11/16/20 15:23:58 - 3:55:54 - Average concat_pos_e_neg_m_num_examples: 0.0 at global step: 650
INFO - 11/16/20 15:23:58 - 3:55:54 - Average concat_pos_e_neg_e_num_examples: 0.0 at global step: 650
INFO - 11/16/20 15:23:58 - 3:55:54 - Using m-m edges for training
INFO - 11/16/20 15:31:40 - 4:03:36 - Configuration saved in /mnt/nfs/scratch1/rangell/lerac/coref_entity_linking/experiments/BC5CDR-d/cluster_linking/exp_0_m-m/checkpoint-672/affinity_model_model/m_e_model/config.json
INFO - 11/16/20 15:31:46 - 4:03:42 - Model weights saved in /mnt/nfs/scratch1/rangell/lerac/coref_entity_linking/experiments/BC5CDR-d/cluster_linking/exp_0_m-m/checkpoint-672/affinity_model_model/m_e_model/pytorch_model.bin
INFO - 11/16/20 15:31:46 - 4:03:42 - Configuration saved in /mnt/nfs/scratch1/rangell/lerac/coref_entity_linking/experiments/BC5CDR-d/cluster_linking/exp_0_m-m/checkpoint-672/affinity_model_model/m_m_model/config.json
INFO - 11/16/20 15:31:51 - 4:03:47 - Model weights saved in /mnt/nfs/scratch1/rangell/lerac/coref_entity_linking/experiments/BC5CDR-d/cluster_linking/exp_0_m-m/checkpoint-672/affinity_model_model/m_m_model/pytorch_model.bin
INFO - 11/16/20 15:31:51 - 4:03:47 - ********** [END] epoch: 2 **********
INFO - 11/16/20 15:31:51 - 4:03:47 - ********** [START] epoch: 3 **********
INFO - 11/16/20 15:31:51 - 4:03:47 - num_batches: 224
INFO - 11/16/20 15:33:00 - 4:04:56 - Average concat_loss: 0.011366437236672428 at global step: 675
INFO - 11/16/20 15:33:00 - 4:04:56 - Average concat_num_examples: 164.32 at global step: 675
INFO - 11/16/20 15:33:00 - 4:04:56 - Average concat_pos_m_neg_m_loss: 0.011366437236672428 at global step: 675
INFO - 11/16/20 15:33:00 - 4:04:56 - Average concat_pos_m_neg_e_loss: 0.0 at global step: 675
INFO - 11/16/20 15:33:00 - 4:04:56 - Average concat_pos_e_neg_m_loss: 0.0 at global step: 675
INFO - 11/16/20 15:33:00 - 4:04:56 - Average concat_pos_e_neg_e_loss: 0.0 at global step: 675
INFO - 11/16/20 15:33:00 - 4:04:56 - Average concat_pos_m_neg_m_num_examples: 164.32 at global step: 675
INFO - 11/16/20 15:33:00 - 4:04:56 - Average concat_pos_m_neg_e_num_examples: 0.0 at global step: 675
INFO - 11/16/20 15:33:00 - 4:04:56 - Average concat_pos_e_neg_m_num_examples: 0.0 at global step: 675
INFO - 11/16/20 15:33:00 - 4:04:56 - Average concat_pos_e_neg_e_num_examples: 0.0 at global step: 675
INFO - 11/16/20 15:33:00 - 4:04:56 - Using m-m edges for training
INFO - 11/16/20 15:42:05 - 4:14:01 - Average concat_loss: 0.006696093799397042 at global step: 700
INFO - 11/16/20 15:42:05 - 4:14:01 - Average concat_num_examples: 170.88 at global step: 700
INFO - 11/16/20 15:42:05 - 4:14:01 - Average concat_pos_m_neg_m_loss: 0.006696093799397042 at global step: 700
INFO - 11/16/20 15:42:05 - 4:14:01 - Average concat_pos_m_neg_e_loss: 0.0 at global step: 700
INFO - 11/16/20 15:42:05 - 4:14:01 - Average concat_pos_e_neg_m_loss: 0.0 at global step: 700
INFO - 11/16/20 15:42:05 - 4:14:01 - Average concat_pos_e_neg_e_loss: 0.0 at global step: 700
INFO - 11/16/20 15:42:05 - 4:14:01 - Average concat_pos_m_neg_m_num_examples: 170.88 at global step: 700
INFO - 11/16/20 15:42:05 - 4:14:01 - Average concat_pos_m_neg_e_num_examples: 0.0 at global step: 700
INFO - 11/16/20 15:42:05 - 4:14:01 - Average concat_pos_e_neg_m_num_examples: 0.0 at global step: 700
INFO - 11/16/20 15:42:05 - 4:14:01 - Average concat_pos_e_neg_e_num_examples: 0.0 at global step: 700
INFO - 11/16/20 15:42:05 - 4:14:01 - Using m-m edges for training
INFO - 11/16/20 15:51:09 - 4:23:05 - Average concat_loss: 0.018259564930574623 at global step: 725
INFO - 11/16/20 15:51:09 - 4:23:05 - Average concat_num_examples: 166.08 at global step: 725
INFO - 11/16/20 15:51:09 - 4:23:05 - Average concat_pos_m_neg_m_loss: 0.018259564930574623 at global step: 725
INFO - 11/16/20 15:51:09 - 4:23:05 - Average concat_pos_m_neg_e_loss: 0.0 at global step: 725
INFO - 11/16/20 15:51:09 - 4:23:05 - Average concat_pos_e_neg_m_loss: 0.0 at global step: 725
INFO - 11/16/20 15:51:09 - 4:23:05 - Average concat_pos_e_neg_e_loss: 0.0 at global step: 725
INFO - 11/16/20 15:51:09 - 4:23:05 - Average concat_pos_m_neg_m_num_examples: 166.08 at global step: 725
INFO - 11/16/20 15:51:09 - 4:23:05 - Average concat_pos_m_neg_e_num_examples: 0.0 at global step: 725
INFO - 11/16/20 15:51:09 - 4:23:05 - Average concat_pos_e_neg_m_num_examples: 0.0 at global step: 725
INFO - 11/16/20 15:51:09 - 4:23:05 - Average concat_pos_e_neg_e_num_examples: 0.0 at global step: 725
INFO - 11/16/20 15:51:09 - 4:23:05 - Using m-m edges for training
INFO - 11/16/20 16:00:10 - 4:32:06 - Average concat_loss: 0.009128545819076109 at global step: 750
INFO - 11/16/20 16:00:10 - 4:32:06 - Average concat_num_examples: 160.0 at global step: 750
INFO - 11/16/20 16:00:10 - 4:32:06 - Average concat_pos_m_neg_m_loss: 0.009128545819076109 at global step: 750
INFO - 11/16/20 16:00:10 - 4:32:06 - Average concat_pos_m_neg_e_loss: 0.0 at global step: 750
INFO - 11/16/20 16:00:10 - 4:32:06 - Average concat_pos_e_neg_m_loss: 0.0 at global step: 750
INFO - 11/16/20 16:00:10 - 4:32:06 - Average concat_pos_e_neg_e_loss: 0.0 at global step: 750
INFO - 11/16/20 16:00:10 - 4:32:06 - Average concat_pos_m_neg_m_num_examples: 160.0 at global step: 750
INFO - 11/16/20 16:00:10 - 4:32:06 - Average concat_pos_m_neg_e_num_examples: 0.0 at global step: 750
INFO - 11/16/20 16:00:10 - 4:32:06 - Average concat_pos_e_neg_m_num_examples: 0.0 at global step: 750
INFO - 11/16/20 16:00:10 - 4:32:06 - Average concat_pos_e_neg_e_num_examples: 0.0 at global step: 750
INFO - 11/16/20 16:00:10 - 4:32:06 - Using m-m edges for training
INFO - 11/16/20 16:09:55 - 4:41:51 - Average concat_loss: 0.008935959958229515 at global step: 775
INFO - 11/16/20 16:09:55 - 4:41:51 - Average concat_num_examples: 180.96 at global step: 775
INFO - 11/16/20 16:09:55 - 4:41:51 - Average concat_pos_m_neg_m_loss: 0.008935959958229515 at global step: 775
INFO - 11/16/20 16:09:55 - 4:41:51 - Average concat_pos_m_neg_e_loss: 0.0 at global step: 775
INFO - 11/16/20 16:09:55 - 4:41:51 - Average concat_pos_e_neg_m_loss: 0.0 at global step: 775
INFO - 11/16/20 16:09:55 - 4:41:51 - Average concat_pos_e_neg_e_loss: 0.0 at global step: 775
INFO - 11/16/20 16:09:55 - 4:41:51 - Average concat_pos_m_neg_m_num_examples: 180.96 at global step: 775
INFO - 11/16/20 16:09:55 - 4:41:51 - Average concat_pos_m_neg_e_num_examples: 0.0 at global step: 775
INFO - 11/16/20 16:09:55 - 4:41:51 - Average concat_pos_e_neg_m_num_examples: 0.0 at global step: 775
INFO - 11/16/20 16:09:55 - 4:41:51 - Average concat_pos_e_neg_e_num_examples: 0.0 at global step: 775
INFO - 11/16/20 16:09:55 - 4:41:51 - Using m-m edges for training
INFO - 11/16/20 16:19:32 - 4:51:28 - Average concat_loss: 0.005041602288034173 at global step: 800
INFO - 11/16/20 16:19:32 - 4:51:28 - Average concat_num_examples: 180.8 at global step: 800
INFO - 11/16/20 16:19:32 - 4:51:28 - Average concat_pos_m_neg_m_loss: 0.005041602288034173 at global step: 800
INFO - 11/16/20 16:19:32 - 4:51:28 - Average concat_pos_m_neg_e_loss: 0.0 at global step: 800
INFO - 11/16/20 16:19:32 - 4:51:28 - Average concat_pos_e_neg_m_loss: 0.0 at global step: 800
INFO - 11/16/20 16:19:32 - 4:51:28 - Average concat_pos_e_neg_e_loss: 0.0 at global step: 800
INFO - 11/16/20 16:19:32 - 4:51:28 - Average concat_pos_m_neg_m_num_examples: 180.8 at global step: 800
INFO - 11/16/20 16:19:32 - 4:51:28 - Average concat_pos_m_neg_e_num_examples: 0.0 at global step: 800
INFO - 11/16/20 16:19:32 - 4:51:28 - Average concat_pos_e_neg_m_num_examples: 0.0 at global step: 800
INFO - 11/16/20 16:19:32 - 4:51:28 - Average concat_pos_e_neg_e_num_examples: 0.0 at global step: 800
INFO - 11/16/20 16:19:32 - 4:51:28 - Using m-m edges for training
INFO - 11/16/20 16:27:39 - 4:59:35 - Average concat_loss: 0.00651090369837562 at global step: 825
INFO - 11/16/20 16:27:39 - 4:59:35 - Average concat_num_examples: 134.72 at global step: 825
INFO - 11/16/20 16:27:39 - 4:59:35 - Average concat_pos_m_neg_m_loss: 0.00651090369837562 at global step: 825
INFO - 11/16/20 16:27:39 - 4:59:35 - Average concat_pos_m_neg_e_loss: 0.0 at global step: 825
INFO - 11/16/20 16:27:39 - 4:59:35 - Average concat_pos_e_neg_m_loss: 0.0 at global step: 825
INFO - 11/16/20 16:27:39 - 4:59:35 - Average concat_pos_e_neg_e_loss: 0.0 at global step: 825
INFO - 11/16/20 16:27:39 - 4:59:35 - Average concat_pos_m_neg_m_num_examples: 134.72 at global step: 825
INFO - 11/16/20 16:27:39 - 4:59:35 - Average concat_pos_m_neg_e_num_examples: 0.0 at global step: 825
INFO - 11/16/20 16:27:39 - 4:59:35 - Average concat_pos_e_neg_m_num_examples: 0.0 at global step: 825
INFO - 11/16/20 16:27:39 - 4:59:35 - Average concat_pos_e_neg_e_num_examples: 0.0 at global step: 825
INFO - 11/16/20 16:27:39 - 4:59:35 - Using m-m edges for training
INFO - 11/16/20 16:36:59 - 5:08:55 - Average concat_loss: 0.004382082598257638 at global step: 850
INFO - 11/16/20 16:36:59 - 5:08:55 - Average concat_num_examples: 176.16 at global step: 850
INFO - 11/16/20 16:36:59 - 5:08:55 - Average concat_pos_m_neg_m_loss: 0.004382082598257638 at global step: 850
INFO - 11/16/20 16:36:59 - 5:08:55 - Average concat_pos_m_neg_e_loss: 0.0 at global step: 850
INFO - 11/16/20 16:36:59 - 5:08:55 - Average concat_pos_e_neg_m_loss: 0.0 at global step: 850
INFO - 11/16/20 16:36:59 - 5:08:55 - Average concat_pos_e_neg_e_loss: 0.0 at global step: 850
INFO - 11/16/20 16:36:59 - 5:08:55 - Average concat_pos_m_neg_m_num_examples: 176.16 at global step: 850
INFO - 11/16/20 16:36:59 - 5:08:55 - Average concat_pos_m_neg_e_num_examples: 0.0 at global step: 850
INFO - 11/16/20 16:36:59 - 5:08:55 - Average concat_pos_e_neg_m_num_examples: 0.0 at global step: 850
INFO - 11/16/20 16:36:59 - 5:08:55 - Average concat_pos_e_neg_e_num_examples: 0.0 at global step: 850
INFO - 11/16/20 16:36:59 - 5:08:55 - Using m-m edges for training
INFO - 11/16/20 16:45:45 - 5:17:41 - Average concat_loss: 0.006837329829153685 at global step: 875
INFO - 11/16/20 16:45:45 - 5:17:41 - Average concat_num_examples: 154.56 at global step: 875
INFO - 11/16/20 16:45:45 - 5:17:41 - Average concat_pos_m_neg_m_loss: 0.006837329829153685 at global step: 875
INFO - 11/16/20 16:45:45 - 5:17:41 - Average concat_pos_m_neg_e_loss: 0.0 at global step: 875
INFO - 11/16/20 16:45:45 - 5:17:41 - Average concat_pos_e_neg_m_loss: 0.0 at global step: 875
INFO - 11/16/20 16:45:45 - 5:17:41 - Average concat_pos_e_neg_e_loss: 0.0 at global step: 875
INFO - 11/16/20 16:45:45 - 5:17:41 - Average concat_pos_m_neg_m_num_examples: 154.56 at global step: 875
INFO - 11/16/20 16:45:45 - 5:17:41 - Average concat_pos_m_neg_e_num_examples: 0.0 at global step: 875
INFO - 11/16/20 16:45:45 - 5:17:41 - Average concat_pos_e_neg_m_num_examples: 0.0 at global step: 875
INFO - 11/16/20 16:45:45 - 5:17:41 - Average concat_pos_e_neg_e_num_examples: 0.0 at global step: 875
INFO - 11/16/20 16:45:45 - 5:17:41 - Using m-m edges for training
INFO - 11/16/20 16:52:28 - 5:24:24 - Configuration saved in /mnt/nfs/scratch1/rangell/lerac/coref_entity_linking/experiments/BC5CDR-d/cluster_linking/exp_0_m-m/checkpoint-896/affinity_model_model/m_e_model/config.json
INFO - 11/16/20 16:52:33 - 5:24:29 - Model weights saved in /mnt/nfs/scratch1/rangell/lerac/coref_entity_linking/experiments/BC5CDR-d/cluster_linking/exp_0_m-m/checkpoint-896/affinity_model_model/m_e_model/pytorch_model.bin
INFO - 11/16/20 16:52:33 - 5:24:29 - Configuration saved in /mnt/nfs/scratch1/rangell/lerac/coref_entity_linking/experiments/BC5CDR-d/cluster_linking/exp_0_m-m/checkpoint-896/affinity_model_model/m_m_model/config.json
INFO - 11/16/20 16:52:39 - 5:24:35 - Model weights saved in /mnt/nfs/scratch1/rangell/lerac/coref_entity_linking/experiments/BC5CDR-d/cluster_linking/exp_0_m-m/checkpoint-896/affinity_model_model/m_m_model/pytorch_model.bin
INFO - 11/16/20 16:52:39 - 5:24:35 - ********** [END] epoch: 3 **********
INFO - 11/16/20 16:52:39 - 5:24:35 - ********** [START] epoch: 4 **********
INFO - 11/16/20 16:52:39 - 5:24:35 - num_batches: 224
INFO - 11/16/20 16:53:58 - 5:25:54 - Average concat_loss: 0.001225238245296221 at global step: 900
INFO - 11/16/20 16:53:58 - 5:25:54 - Average concat_num_examples: 150.4 at global step: 900
INFO - 11/16/20 16:53:58 - 5:25:54 - Average concat_pos_m_neg_m_loss: 0.001225238245296221 at global step: 900
INFO - 11/16/20 16:53:58 - 5:25:54 - Average concat_pos_m_neg_e_loss: 0.0 at global step: 900
INFO - 11/16/20 16:53:58 - 5:25:54 - Average concat_pos_e_neg_m_loss: 0.0 at global step: 900
INFO - 11/16/20 16:53:58 - 5:25:54 - Average concat_pos_e_neg_e_loss: 0.0 at global step: 900
INFO - 11/16/20 16:53:58 - 5:25:54 - Average concat_pos_m_neg_m_num_examples: 150.4 at global step: 900
INFO - 11/16/20 16:53:58 - 5:25:54 - Average concat_pos_m_neg_e_num_examples: 0.0 at global step: 900
INFO - 11/16/20 16:53:58 - 5:25:54 - Average concat_pos_e_neg_m_num_examples: 0.0 at global step: 900
INFO - 11/16/20 16:53:58 - 5:25:54 - Average concat_pos_e_neg_e_num_examples: 0.0 at global step: 900
INFO - 11/16/20 16:53:58 - 5:25:54 - Using m-m edges for training
INFO - 11/16/20 17:02:33 - 5:34:29 - Average concat_loss: 0.0010206746945654293 at global step: 925
INFO - 11/16/20 17:02:33 - 5:34:29 - Average concat_num_examples: 152.32 at global step: 925
INFO - 11/16/20 17:02:33 - 5:34:29 - Average concat_pos_m_neg_m_loss: 0.0010206746945654293 at global step: 925
INFO - 11/16/20 17:02:33 - 5:34:29 - Average concat_pos_m_neg_e_loss: 0.0 at global step: 925
INFO - 11/16/20 17:02:33 - 5:34:29 - Average concat_pos_e_neg_m_loss: 0.0 at global step: 925
INFO - 11/16/20 17:02:33 - 5:34:29 - Average concat_pos_e_neg_e_loss: 0.0 at global step: 925
INFO - 11/16/20 17:02:33 - 5:34:29 - Average concat_pos_m_neg_m_num_examples: 152.32 at global step: 925
INFO - 11/16/20 17:02:33 - 5:34:29 - Average concat_pos_m_neg_e_num_examples: 0.0 at global step: 925
INFO - 11/16/20 17:02:33 - 5:34:29 - Average concat_pos_e_neg_m_num_examples: 0.0 at global step: 925
INFO - 11/16/20 17:02:33 - 5:34:29 - Average concat_pos_e_neg_e_num_examples: 0.0 at global step: 925
INFO - 11/16/20 17:02:33 - 5:34:29 - Using m-m edges for training
INFO - 11/16/20 17:10:53 - 5:42:49 - Average concat_loss: 0.0010203731059389056 at global step: 950
INFO - 11/16/20 17:10:53 - 5:42:49 - Average concat_num_examples: 135.04 at global step: 950
INFO - 11/16/20 17:10:53 - 5:42:49 - Average concat_pos_m_neg_m_loss: 0.0010203731059389056 at global step: 950
INFO - 11/16/20 17:10:53 - 5:42:49 - Average concat_pos_m_neg_e_loss: 0.0 at global step: 950
INFO - 11/16/20 17:10:53 - 5:42:49 - Average concat_pos_e_neg_m_loss: 0.0 at global step: 950
INFO - 11/16/20 17:10:53 - 5:42:49 - Average concat_pos_e_neg_e_loss: 0.0 at global step: 950
INFO - 11/16/20 17:10:53 - 5:42:49 - Average concat_pos_m_neg_m_num_examples: 135.04 at global step: 950
INFO - 11/16/20 17:10:53 - 5:42:49 - Average concat_pos_m_neg_e_num_examples: 0.0 at global step: 950
INFO - 11/16/20 17:10:53 - 5:42:49 - Average concat_pos_e_neg_m_num_examples: 0.0 at global step: 950
INFO - 11/16/20 17:10:53 - 5:42:49 - Average concat_pos_e_neg_e_num_examples: 0.0 at global step: 950
INFO - 11/16/20 17:10:53 - 5:42:49 - Using m-m edges for training
INFO - 11/16/20 17:19:42 - 5:51:38 - Average concat_loss: 0.005252215760951195 at global step: 975
INFO - 11/16/20 17:19:42 - 5:51:38 - Average concat_num_examples: 164.96 at global step: 975
INFO - 11/16/20 17:19:42 - 5:51:38 - Average concat_pos_m_neg_m_loss: 0.005252215760951195 at global step: 975
INFO - 11/16/20 17:19:42 - 5:51:38 - Average concat_pos_m_neg_e_loss: 0.0 at global step: 975
INFO - 11/16/20 17:19:42 - 5:51:38 - Average concat_pos_e_neg_m_loss: 0.0 at global step: 975
INFO - 11/16/20 17:19:42 - 5:51:38 - Average concat_pos_e_neg_e_loss: 0.0 at global step: 975
INFO - 11/16/20 17:19:42 - 5:51:38 - Average concat_pos_m_neg_m_num_examples: 164.96 at global step: 975
INFO - 11/16/20 17:19:42 - 5:51:38 - Average concat_pos_m_neg_e_num_examples: 0.0 at global step: 975
INFO - 11/16/20 17:19:42 - 5:51:38 - Average concat_pos_e_neg_m_num_examples: 0.0 at global step: 975
INFO - 11/16/20 17:19:42 - 5:51:38 - Average concat_pos_e_neg_e_num_examples: 0.0 at global step: 975
INFO - 11/16/20 17:19:42 - 5:51:38 - Using m-m edges for training
INFO - 11/16/20 17:28:58 - 6:00:54 - Average concat_loss: 0.0012454910359508088 at global step: 1000
INFO - 11/16/20 17:28:58 - 6:00:54 - Average concat_num_examples: 170.24 at global step: 1000
INFO - 11/16/20 17:28:58 - 6:00:54 - Average concat_pos_m_neg_m_loss: 0.0012454910359508088 at global step: 1000
INFO - 11/16/20 17:28:58 - 6:00:54 - Average concat_pos_m_neg_e_loss: 0.0 at global step: 1000
INFO - 11/16/20 17:28:58 - 6:00:54 - Average concat_pos_e_neg_m_loss: 0.0 at global step: 1000
INFO - 11/16/20 17:28:58 - 6:00:54 - Average concat_pos_e_neg_e_loss: 0.0 at global step: 1000
INFO - 11/16/20 17:28:58 - 6:00:54 - Average concat_pos_m_neg_m_num_examples: 170.24 at global step: 1000
INFO - 11/16/20 17:28:58 - 6:00:54 - Average concat_pos_m_neg_e_num_examples: 0.0 at global step: 1000
INFO - 11/16/20 17:28:58 - 6:00:54 - Average concat_pos_e_neg_m_num_examples: 0.0 at global step: 1000
INFO - 11/16/20 17:28:58 - 6:00:54 - Average concat_pos_e_neg_e_num_examples: 0.0 at global step: 1000
INFO - 11/16/20 17:28:58 - 6:00:54 - Using m-m edges for training
INFO - 11/16/20 17:38:32 - 6:10:28 - Average concat_loss: 0.0014909585203342834 at global step: 1025
INFO - 11/16/20 17:38:32 - 6:10:28 - Average concat_num_examples: 186.88 at global step: 1025
INFO - 11/16/20 17:38:32 - 6:10:28 - Average concat_pos_m_neg_m_loss: 0.0014909585203342834 at global step: 1025
INFO - 11/16/20 17:38:32 - 6:10:28 - Average concat_pos_m_neg_e_loss: 0.0 at global step: 1025
INFO - 11/16/20 17:38:32 - 6:10:28 - Average concat_pos_e_neg_m_loss: 0.0 at global step: 1025
INFO - 11/16/20 17:38:32 - 6:10:28 - Average concat_pos_e_neg_e_loss: 0.0 at global step: 1025
INFO - 11/16/20 17:38:32 - 6:10:28 - Average concat_pos_m_neg_m_num_examples: 186.88 at global step: 1025
INFO - 11/16/20 17:38:32 - 6:10:28 - Average concat_pos_m_neg_e_num_examples: 0.0 at global step: 1025
INFO - 11/16/20 17:38:32 - 6:10:28 - Average concat_pos_e_neg_m_num_examples: 0.0 at global step: 1025
INFO - 11/16/20 17:38:32 - 6:10:28 - Average concat_pos_e_neg_e_num_examples: 0.0 at global step: 1025
INFO - 11/16/20 17:38:32 - 6:10:28 - Using m-m edges for training
INFO - 11/16/20 17:48:19 - 6:20:15 - Average concat_loss: 0.0019994976128808735 at global step: 1050
INFO - 11/16/20 17:48:19 - 6:20:15 - Average concat_num_examples: 187.84 at global step: 1050
INFO - 11/16/20 17:48:19 - 6:20:15 - Average concat_pos_m_neg_m_loss: 0.0019994976128808735 at global step: 1050
INFO - 11/16/20 17:48:19 - 6:20:15 - Average concat_pos_m_neg_e_loss: 0.0 at global step: 1050
INFO - 11/16/20 17:48:19 - 6:20:15 - Average concat_pos_e_neg_m_loss: 0.0 at global step: 1050
INFO - 11/16/20 17:48:19 - 6:20:15 - Average concat_pos_e_neg_e_loss: 0.0 at global step: 1050
INFO - 11/16/20 17:48:19 - 6:20:15 - Average concat_pos_m_neg_m_num_examples: 187.84 at global step: 1050
INFO - 11/16/20 17:48:19 - 6:20:15 - Average concat_pos_m_neg_e_num_examples: 0.0 at global step: 1050
INFO - 11/16/20 17:48:19 - 6:20:15 - Average concat_pos_e_neg_m_num_examples: 0.0 at global step: 1050
INFO - 11/16/20 17:48:19 - 6:20:15 - Average concat_pos_e_neg_e_num_examples: 0.0 at global step: 1050
INFO - 11/16/20 17:48:19 - 6:20:15 - Using m-m edges for training
INFO - 11/16/20 17:58:30 - 6:30:26 - Average concat_loss: 0.004782221385162295 at global step: 1075
INFO - 11/16/20 17:58:30 - 6:30:26 - Average concat_num_examples: 193.44 at global step: 1075
INFO - 11/16/20 17:58:30 - 6:30:26 - Average concat_pos_m_neg_m_loss: 0.004782221385162295 at global step: 1075
INFO - 11/16/20 17:58:30 - 6:30:26 - Average concat_pos_m_neg_e_loss: 0.0 at global step: 1075
INFO - 11/16/20 17:58:30 - 6:30:26 - Average concat_pos_e_neg_m_loss: 0.0 at global step: 1075
INFO - 11/16/20 17:58:30 - 6:30:26 - Average concat_pos_e_neg_e_loss: 0.0 at global step: 1075
INFO - 11/16/20 17:58:30 - 6:30:26 - Average concat_pos_m_neg_m_num_examples: 193.44 at global step: 1075
INFO - 11/16/20 17:58:30 - 6:30:26 - Average concat_pos_m_neg_e_num_examples: 0.0 at global step: 1075
INFO - 11/16/20 17:58:30 - 6:30:26 - Average concat_pos_e_neg_m_num_examples: 0.0 at global step: 1075
INFO - 11/16/20 17:58:30 - 6:30:26 - Average concat_pos_e_neg_e_num_examples: 0.0 at global step: 1075
INFO - 11/16/20 17:58:30 - 6:30:26 - Using m-m edges for training
INFO - 11/16/20 18:06:50 - 6:38:46 - Average concat_loss: 0.002427485661671492 at global step: 1100
INFO - 11/16/20 18:06:50 - 6:38:46 - Average concat_num_examples: 148.8 at global step: 1100
INFO - 11/16/20 18:06:50 - 6:38:46 - Average concat_pos_m_neg_m_loss: 0.002427485661671492 at global step: 1100
INFO - 11/16/20 18:06:50 - 6:38:46 - Average concat_pos_m_neg_e_loss: 0.0 at global step: 1100
INFO - 11/16/20 18:06:50 - 6:38:46 - Average concat_pos_e_neg_m_loss: 0.0 at global step: 1100
INFO - 11/16/20 18:06:50 - 6:38:46 - Average concat_pos_e_neg_e_loss: 0.0 at global step: 1100
INFO - 11/16/20 18:06:50 - 6:38:46 - Average concat_pos_m_neg_m_num_examples: 148.8 at global step: 1100
INFO - 11/16/20 18:06:50 - 6:38:46 - Average concat_pos_m_neg_e_num_examples: 0.0 at global step: 1100
INFO - 11/16/20 18:06:50 - 6:38:46 - Average concat_pos_e_neg_m_num_examples: 0.0 at global step: 1100
INFO - 11/16/20 18:06:50 - 6:38:46 - Average concat_pos_e_neg_e_num_examples: 0.0 at global step: 1100
INFO - 11/16/20 18:06:50 - 6:38:46 - Using m-m edges for training
INFO - 11/16/20 18:13:04 - 6:45:00 - Configuration saved in /mnt/nfs/scratch1/rangell/lerac/coref_entity_linking/experiments/BC5CDR-d/cluster_linking/exp_0_m-m/checkpoint-1120/affinity_model_model/m_e_model/config.json
INFO - 11/16/20 18:13:08 - 6:45:04 - Model weights saved in /mnt/nfs/scratch1/rangell/lerac/coref_entity_linking/experiments/BC5CDR-d/cluster_linking/exp_0_m-m/checkpoint-1120/affinity_model_model/m_e_model/pytorch_model.bin
INFO - 11/16/20 18:13:08 - 6:45:04 - Configuration saved in /mnt/nfs/scratch1/rangell/lerac/coref_entity_linking/experiments/BC5CDR-d/cluster_linking/exp_0_m-m/checkpoint-1120/affinity_model_model/m_m_model/config.json
INFO - 11/16/20 18:13:13 - 6:45:09 - Model weights saved in /mnt/nfs/scratch1/rangell/lerac/coref_entity_linking/experiments/BC5CDR-d/cluster_linking/exp_0_m-m/checkpoint-1120/affinity_model_model/m_m_model/pytorch_model.bin
INFO - 11/16/20 18:13:13 - 6:45:09 - ********** [END] epoch: 4 **********
INFO - 11/16/20 18:13:13 - 6:45:09 - Training complete
