INFO - 11/16/20 11:22:02 - 0:00:00 - ============ Initialized logger ============
INFO - 11/16/20 11:22:02 - 0:00:00 - adam_epsilon: 1e-08
                                     alpha: None
                                     available_entities: candidates_only
                                     cache_dir: 
                                     clustering_domain: within_doc
                                     command: python src/main.py --local_rank=0 --data_dir '/local/coref_entity_linking/data/BC5CDR-d/' --model_type 'bert' --model_name_or_path 'models/biobert_v1.1_pubmed/' --task_name 'cluster_linking' --output_dir '/mnt/nfs/scratch1/rangell/lerac/coref_entity_linking/experiments/BC5CDR-d/cluster_linking/exp_0_m-e/' --log_dir '/mnt/nfs/scratch1/rangell/lerac/coref_entity_linking/logs/' --do_train --max_seq_length '128' --seq_embed_dim '128' --embed_pooling_strategy 'pool_highlighted_outputs' --concat_pooling_strategy 'pool_highlighted_outputs' --clustering_domain 'within_doc' --available_entities 'candidates_only' --mention_negatives 'random' --training_method 'triplet_max_margin' --pair_gen_method 'mst' --training_edges_considered 'm-e' --k '128' --num_train_negs '24' --margin '0.7' --warmup_steps '100' --learning_rate '5e-5' --max_grad_norm '1.0' --num_clusters_per_macro_batch '16' --per_gpu_train_batch_size '16' --per_gpu_infer_batch_size '256' --num_train_epochs '5' --logging_steps '25' --knn_refresh_steps '-1' --train_domains 'train' 'entity_documents' --val_domains 'val' 'entity_documents'
                                     concat_pooling_strategy: pool_highlighted_outputs
                                     config_name: 
                                     data_dir: /local/coref_entity_linking/data/BC5CDR-d/
                                     device: cuda:0
                                     disable_logging: False
                                     do_lower_case: False
                                     do_test: False
                                     do_train: True
                                     do_train_eval: False
                                     do_val: False
                                     dump_coref_candidate_sets: False
                                     embed_pooling_strategy: pool_highlighted_outputs
                                     eval_all_checkpoints: False
                                     eval_coref_threshold: None
                                     evaluate_during_training: False
                                     fp16: False
                                     fp16_opt_level: O1
                                     git_hash: 88fc1acac4db192fc8ef216639cbd78fd4eeb1e4
                                     gradient_accumulation_steps: 1
                                     k: 128
                                     knn_refresh_steps: -1
                                     learning_rate: 5e-05
                                     local_rank: 0
                                     log_dir: /mnt/nfs/scratch1/rangell/lerac/coref_entity_linking/logs/
                                     logging_steps: 25
                                     margin: 0.7
                                     max_grad_norm: 1.0
                                     max_seq_length: 128
                                     max_steps: -1
                                     mention_negatives: random
                                     model_name_or_path: models/biobert_v1.1_pubmed/
                                     model_type: bert
                                     n_gpu: 1
                                     no_cuda: False
                                     num_candidates: 64
                                     num_candidates_per_example: 16
                                     num_clusters_per_macro_batch: 16
                                     num_context_codes: 4
                                     num_dataloader_workers: 0
                                     num_train_epochs: 5
                                     num_train_negs: 24
                                     output_dir: /mnt/nfs/scratch1/rangell/lerac/coref_entity_linking/experiments/BC5CDR-d/cluster_linking/exp_0_m-e/
                                     overwrite_cache: False
                                     overwrite_output_dir: False
                                     pair_gen_method: mst
                                     per_gpu_infer_batch_size: 256
                                     per_gpu_train_batch_size: 16
                                     sample_size: None
                                     save_steps: 50
                                     seed: 42
                                     seq_embed_dim: 128
                                     server_ip: 
                                     server_port: 
                                     task_name: cluster_linking
                                     test_domains: None
                                     test_mention_entity_scores: None
                                     tiny_experiment: False
                                     tokenizer_name: 
                                     train_domains: ['train', 'entity_documents']
                                     train_mention_entity_scores: None
                                     trained_model_dir: None
                                     training_edges_considered: m-e
                                     training_method: triplet_max_margin
                                     val_domains: ['val', 'entity_documents']
                                     val_mention_entity_scores: None
                                     warmup_steps: 100
                                     weight_decay: 0.0
                                     world_size: 4
INFO - 11/16/20 11:22:02 - 0:00:00 - The experiment will be stored in /mnt/nfs/scratch1/rangell/lerac/coref_entity_linking/experiments/BC5CDR-d/cluster_linking/exp_0_m-e/
                                     
INFO - 11/16/20 11:22:02 - 0:00:00 - Running command: python src/main.py --local_rank=0 --data_dir '/local/coref_entity_linking/data/BC5CDR-d/' --model_type 'bert' --model_name_or_path 'models/biobert_v1.1_pubmed/' --task_name 'cluster_linking' --output_dir '/mnt/nfs/scratch1/rangell/lerac/coref_entity_linking/experiments/BC5CDR-d/cluster_linking/exp_0_m-e/' --log_dir '/mnt/nfs/scratch1/rangell/lerac/coref_entity_linking/logs/' --do_train --max_seq_length '128' --seq_embed_dim '128' --embed_pooling_strategy 'pool_highlighted_outputs' --concat_pooling_strategy 'pool_highlighted_outputs' --clustering_domain 'within_doc' --available_entities 'candidates_only' --mention_negatives 'random' --training_method 'triplet_max_margin' --pair_gen_method 'mst' --training_edges_considered 'm-e' --k '128' --num_train_negs '24' --margin '0.7' --warmup_steps '100' --learning_rate '5e-5' --max_grad_norm '1.0' --num_clusters_per_macro_batch '16' --per_gpu_train_batch_size '16' --per_gpu_infer_batch_size '256' --num_train_epochs '5' --logging_steps '25' --knn_refresh_steps '-1' --train_domains 'train' 'entity_documents' --val_domains 'val' 'entity_documents'
                                     
WARNING - 11/16/20 11:22:02 - 0:00:00 - Process rank: 0, device: cuda:0, n_gpu: 1, distributed training: True, 16-bits training: False
INFO - 11/16/20 11:22:02 - 0:00:00 - Creating models.
WARNING - 11/16/20 11:22:02 - 0:00:00 - Process rank: 3, device: cuda:3, n_gpu: 1, distributed training: True, 16-bits training: False
WARNING - 11/16/20 11:22:02 - 0:00:00 - Process rank: 2, device: cuda:2, n_gpu: 1, distributed training: True, 16-bits training: False
WARNING - 11/16/20 11:22:02 - 0:00:00 - Process rank: 1, device: cuda:1, n_gpu: 1, distributed training: True, 16-bits training: False
INFO - 11/16/20 11:22:02 - 0:00:00 - loading configuration file models/biobert_v1.1_pubmed/config.json
INFO - 11/16/20 11:22:02 - 0:00:00 - Model config BertConfig {
                                       "attention_probs_dropout_prob": 0.1,
                                       "finetuning_task": "cluster_linking",
                                       "hidden_act": "gelu",
                                       "hidden_dropout_prob": 0.1,
                                       "hidden_size": 768,
                                       "initializer_range": 0.02,
                                       "intermediate_size": 3072,
                                       "layer_norm_eps": 1e-12,
                                       "max_position_embeddings": 512,
                                       "model_type": "bert",
                                       "num_attention_heads": 12,
                                       "num_hidden_layers": 12,
                                       "pad_token_id": 0,
                                       "type_vocab_size": 2,
                                       "vocab_size": 28996
                                     }
                                     
INFO - 11/16/20 11:22:02 - 0:00:00 - Model name 'models/biobert_v1.1_pubmed/' not found in model shortcut name list (bert-base-uncased, bert-large-uncased, bert-base-cased, bert-large-cased, bert-base-multilingual-uncased, bert-base-multilingual-cased, bert-base-chinese, bert-base-german-cased, bert-large-uncased-whole-word-masking, bert-large-cased-whole-word-masking, bert-large-uncased-whole-word-masking-finetuned-squad, bert-large-cased-whole-word-masking-finetuned-squad, bert-base-cased-finetuned-mrpc, bert-base-german-dbmdz-cased, bert-base-german-dbmdz-uncased, TurkuNLP/bert-base-finnish-cased-v1, TurkuNLP/bert-base-finnish-uncased-v1, wietsedv/bert-base-dutch-cased). Assuming 'models/biobert_v1.1_pubmed/' is a path, a model identifier, or url to a directory containing tokenizer files.
INFO - 11/16/20 11:22:02 - 0:00:00 - Didn't find file models/biobert_v1.1_pubmed/added_tokens.json. We won't load it.
INFO - 11/16/20 11:22:02 - 0:00:00 - Didn't find file models/biobert_v1.1_pubmed/special_tokens_map.json. We won't load it.
INFO - 11/16/20 11:22:02 - 0:00:00 - Didn't find file models/biobert_v1.1_pubmed/tokenizer_config.json. We won't load it.
INFO - 11/16/20 11:22:02 - 0:00:00 - loading file models/biobert_v1.1_pubmed/vocab.txt
INFO - 11/16/20 11:22:02 - 0:00:00 - loading file None
INFO - 11/16/20 11:22:02 - 0:00:00 - loading file None
INFO - 11/16/20 11:22:02 - 0:00:00 - loading file None
INFO - 11/16/20 11:22:02 - 0:00:00 - loading weights file models/biobert_v1.1_pubmed/pytorch_model.bin
INFO - 11/16/20 11:22:07 - 0:00:05 - Weights of BertSequenceScoringModel not initialized from pretrained model: ['concatenation_cls_layer1.weight', 'concatenation_cls_layer1.bias', 'concatenation_cls_layer2.weight', 'concatenation_cls_layer2.bias']
INFO - 11/16/20 11:22:07 - 0:00:05 - Weights from pretrained model not used in BertSequenceScoringModel: ['cls.predictions.bias', 'cls.predictions.transform.dense.weight', 'cls.predictions.transform.dense.bias', 'cls.predictions.transform.LayerNorm.weight', 'cls.predictions.transform.LayerNorm.bias', 'cls.predictions.decoder.weight', 'cls.seq_relationship.weight', 'cls.seq_relationship.bias']
INFO - 11/16/20 11:22:07 - 0:00:05 - loading weights file models/biobert_v1.1_pubmed/pytorch_model.bin
INFO - 11/16/20 11:22:12 - 0:00:09 - Weights of BertSequenceScoringModel not initialized from pretrained model: ['concatenation_pool_layer1.weight', 'concatenation_pool_layer1.bias', 'concatenation_pool_layer2.weight', 'concatenation_pool_layer2.bias', 'concatenation_pool_layer3.weight', 'concatenation_pool_layer3.bias']
INFO - 11/16/20 11:22:12 - 0:00:09 - Weights from pretrained model not used in BertSequenceScoringModel: ['cls.predictions.bias', 'cls.predictions.transform.dense.weight', 'cls.predictions.transform.dense.bias', 'cls.predictions.transform.LayerNorm.weight', 'cls.predictions.transform.LayerNorm.bias', 'cls.predictions.decoder.weight', 'cls.seq_relationship.weight', 'cls.seq_relationship.bias']
INFO - 11/16/20 11:22:12 - 0:00:09 - Creating metadata and dataset...
INFO - 11/16/20 11:24:27 - 0:02:25 - Done.
INFO - 11/16/20 11:24:27 - 0:02:25 - Loading cached metadata and dataset.
INFO - 11/16/20 11:24:33 - 0:02:30 - Training/evaluation parameters Namespace(adam_epsilon=1e-08, alpha=None, available_entities='candidates_only', cache_dir='', clustering_domain='within_doc', command="python src/main.py --local_rank=0 --data_dir '/local/coref_entity_linking/data/BC5CDR-d/' --model_type 'bert' --model_name_or_path 'models/biobert_v1.1_pubmed/' --task_name 'cluster_linking' --output_dir '/mnt/nfs/scratch1/rangell/lerac/coref_entity_linking/experiments/BC5CDR-d/cluster_linking/exp_0_m-e/' --log_dir '/mnt/nfs/scratch1/rangell/lerac/coref_entity_linking/logs/' --do_train --max_seq_length '128' --seq_embed_dim '128' --embed_pooling_strategy 'pool_highlighted_outputs' --concat_pooling_strategy 'pool_highlighted_outputs' --clustering_domain 'within_doc' --available_entities 'candidates_only' --mention_negatives 'random' --training_method 'triplet_max_margin' --pair_gen_method 'mst' --training_edges_considered 'm-e' --k '128' --num_train_negs '24' --margin '0.7' --warmup_steps '100' --learning_rate '5e-5' --max_grad_norm '1.0' --num_clusters_per_macro_batch '16' --per_gpu_train_batch_size '16' --per_gpu_infer_batch_size '256' --num_train_epochs '5' --logging_steps '25' --knn_refresh_steps '-1' --train_domains 'train' 'entity_documents' --val_domains 'val' 'entity_documents'", concat_pooling_strategy='pool_highlighted_outputs', config_name='', data_dir='/local/coref_entity_linking/data/BC5CDR-d/', device=device(type='cuda', index=0), disable_logging=False, do_lower_case=False, do_test=False, do_train=True, do_train_eval=False, do_val=False, dump_coref_candidate_sets=False, embed_pooling_strategy='pool_highlighted_outputs', eval_all_checkpoints=False, eval_coref_threshold=None, evaluate_during_training=False, fp16=False, fp16_opt_level='O1', git_hash='88fc1acac4db192fc8ef216639cbd78fd4eeb1e4', gradient_accumulation_steps=1, infer_batch_size=256, k=128, knn_refresh_steps=-1, learning_rate=5e-05, local_rank=0, log_dir='/mnt/nfs/scratch1/rangell/lerac/coref_entity_linking/logs/', logging_steps=25, margin=0.7, max_grad_norm=1.0, max_seq_length=128, max_steps=-1, mention_negatives='random', model_name_or_path='models/biobert_v1.1_pubmed/', model_type='bert', n_gpu=1, no_cuda=False, num_candidates=64, num_candidates_per_example=16, num_clusters_per_macro_batch=16, num_context_codes=4, num_dataloader_workers=0, num_train_epochs=5, num_train_negs=24, output_dir='/mnt/nfs/scratch1/rangell/lerac/coref_entity_linking/experiments/BC5CDR-d/cluster_linking/exp_0_m-e/', overwrite_cache=False, overwrite_output_dir=False, pair_gen_method='mst', per_gpu_infer_batch_size=256, per_gpu_train_batch_size=16, sample_size=None, save_steps=50, seed=42, seq_embed_dim=128, server_ip='', server_port='', t_total=1120, task_name='cluster_linking', test_domains=None, test_mention_entity_scores=None, tiny_experiment=False, tokenizer=<transformers.tokenization_bert.BertTokenizer object at 0x2aab1e2b2e10>, tokenizer_name='', train_batch_size=16, train_cache_dir='/local/coref_entity_linking/data/BC5CDR-d/cache/train', train_domains=['train', 'entity_documents'], train_mention_entity_scores=None, trained_model_dir=None, training_edges_considered='m-e', training_method='triplet_max_margin', val_domains=['val', 'entity_documents'], val_mention_entity_scores=None, warmup_steps=100, weight_decay=0.0, world_size=4)
INFO - 11/16/20 11:24:33 - 0:02:30 - Creating sub-trainers.
INFO - 11/16/20 11:24:33 - 0:02:30 - Successfully created trainer object
INFO - 11/16/20 11:24:33 - 0:02:30 - Starting training...
INFO - 11/16/20 11:24:33 - 0:02:30 - ********** [START] epoch: 0 **********
INFO - 11/16/20 11:24:33 - 0:02:30 - num_batches: 224
INFO - 11/16/20 11:38:01 - 0:15:59 - Average concat_loss: 0.701773543692131 at global step: 25
INFO - 11/16/20 11:38:01 - 0:15:59 - Average concat_num_examples: 423.2 at global step: 25
INFO - 11/16/20 11:38:01 - 0:15:59 - Average concat_pos_m_neg_m_loss: 0.0 at global step: 25
INFO - 11/16/20 11:38:01 - 0:15:59 - Average concat_pos_m_neg_e_loss: 0.0 at global step: 25
INFO - 11/16/20 11:38:01 - 0:15:59 - Average concat_pos_e_neg_m_loss: 0.0 at global step: 25
INFO - 11/16/20 11:38:01 - 0:15:59 - Average concat_pos_e_neg_e_loss: 0.701773543692131 at global step: 25
INFO - 11/16/20 11:38:01 - 0:15:59 - Average concat_pos_m_neg_m_num_examples: 0.0 at global step: 25
INFO - 11/16/20 11:38:01 - 0:15:59 - Average concat_pos_m_neg_e_num_examples: 0.0 at global step: 25
INFO - 11/16/20 11:38:01 - 0:15:59 - Average concat_pos_e_neg_m_num_examples: 0.0 at global step: 25
INFO - 11/16/20 11:38:01 - 0:15:59 - Average concat_pos_e_neg_e_num_examples: 423.2 at global step: 25
INFO - 11/16/20 11:38:01 - 0:15:59 - Using m-e edges for training
INFO - 11/16/20 11:51:12 - 0:29:10 - Average concat_loss: 0.6535645780040866 at global step: 50
INFO - 11/16/20 11:51:12 - 0:29:10 - Average concat_num_examples: 414.4 at global step: 50
INFO - 11/16/20 11:51:12 - 0:29:10 - Average concat_pos_m_neg_m_loss: 0.0 at global step: 50
INFO - 11/16/20 11:51:12 - 0:29:10 - Average concat_pos_m_neg_e_loss: 0.0 at global step: 50
INFO - 11/16/20 11:51:12 - 0:29:10 - Average concat_pos_e_neg_m_loss: 0.0 at global step: 50
INFO - 11/16/20 11:51:12 - 0:29:10 - Average concat_pos_e_neg_e_loss: 0.6535645780040866 at global step: 50
INFO - 11/16/20 11:51:12 - 0:29:10 - Average concat_pos_m_neg_m_num_examples: 0.0 at global step: 50
INFO - 11/16/20 11:51:12 - 0:29:10 - Average concat_pos_m_neg_e_num_examples: 0.0 at global step: 50
INFO - 11/16/20 11:51:12 - 0:29:10 - Average concat_pos_e_neg_m_num_examples: 0.0 at global step: 50
INFO - 11/16/20 11:51:12 - 0:29:10 - Average concat_pos_e_neg_e_num_examples: 414.4 at global step: 50
INFO - 11/16/20 11:51:12 - 0:29:10 - Using m-e edges for training
INFO - 11/16/20 12:05:16 - 0:43:14 - Average concat_loss: 0.43253462564486833 at global step: 75
INFO - 11/16/20 12:05:16 - 0:43:14 - Average concat_num_examples: 438.24 at global step: 75
INFO - 11/16/20 12:05:16 - 0:43:14 - Average concat_pos_m_neg_m_loss: 0.0 at global step: 75
INFO - 11/16/20 12:05:16 - 0:43:14 - Average concat_pos_m_neg_e_loss: 0.0 at global step: 75
INFO - 11/16/20 12:05:16 - 0:43:14 - Average concat_pos_e_neg_m_loss: 0.0 at global step: 75
INFO - 11/16/20 12:05:16 - 0:43:14 - Average concat_pos_e_neg_e_loss: 0.43253462564486833 at global step: 75
INFO - 11/16/20 12:05:16 - 0:43:14 - Average concat_pos_m_neg_m_num_examples: 0.0 at global step: 75
INFO - 11/16/20 12:05:16 - 0:43:14 - Average concat_pos_m_neg_e_num_examples: 0.0 at global step: 75
INFO - 11/16/20 12:05:16 - 0:43:14 - Average concat_pos_e_neg_m_num_examples: 0.0 at global step: 75
INFO - 11/16/20 12:05:16 - 0:43:14 - Average concat_pos_e_neg_e_num_examples: 438.24 at global step: 75
INFO - 11/16/20 12:05:16 - 0:43:14 - Using m-e edges for training
INFO - 11/16/20 12:18:48 - 0:56:45 - Average concat_loss: 0.3175371162946631 at global step: 100
INFO - 11/16/20 12:18:48 - 0:56:45 - Average concat_num_examples: 428.48 at global step: 100
INFO - 11/16/20 12:18:48 - 0:56:45 - Average concat_pos_m_neg_m_loss: 0.0 at global step: 100
INFO - 11/16/20 12:18:48 - 0:56:45 - Average concat_pos_m_neg_e_loss: 0.0 at global step: 100
INFO - 11/16/20 12:18:48 - 0:56:45 - Average concat_pos_e_neg_m_loss: 0.0 at global step: 100
INFO - 11/16/20 12:18:48 - 0:56:45 - Average concat_pos_e_neg_e_loss: 0.3175371162946631 at global step: 100
INFO - 11/16/20 12:18:48 - 0:56:45 - Average concat_pos_m_neg_m_num_examples: 0.0 at global step: 100
INFO - 11/16/20 12:18:48 - 0:56:45 - Average concat_pos_m_neg_e_num_examples: 0.0 at global step: 100
INFO - 11/16/20 12:18:48 - 0:56:45 - Average concat_pos_e_neg_m_num_examples: 0.0 at global step: 100
INFO - 11/16/20 12:18:48 - 0:56:45 - Average concat_pos_e_neg_e_num_examples: 428.48 at global step: 100
INFO - 11/16/20 12:18:48 - 0:56:45 - Using m-e edges for training
INFO - 11/16/20 12:32:26 - 1:10:23 - Average concat_loss: 0.2797505805674037 at global step: 125
INFO - 11/16/20 12:32:26 - 1:10:23 - Average concat_num_examples: 423.68 at global step: 125
INFO - 11/16/20 12:32:26 - 1:10:23 - Average concat_pos_m_neg_m_loss: 0.0 at global step: 125
INFO - 11/16/20 12:32:26 - 1:10:23 - Average concat_pos_m_neg_e_loss: 0.0 at global step: 125
INFO - 11/16/20 12:32:26 - 1:10:23 - Average concat_pos_e_neg_m_loss: 0.0 at global step: 125
INFO - 11/16/20 12:32:26 - 1:10:23 - Average concat_pos_e_neg_e_loss: 0.2797505805674037 at global step: 125
INFO - 11/16/20 12:32:26 - 1:10:23 - Average concat_pos_m_neg_m_num_examples: 0.0 at global step: 125
INFO - 11/16/20 12:32:26 - 1:10:23 - Average concat_pos_m_neg_e_num_examples: 0.0 at global step: 125
INFO - 11/16/20 12:32:26 - 1:10:23 - Average concat_pos_e_neg_m_num_examples: 0.0 at global step: 125
INFO - 11/16/20 12:32:26 - 1:10:23 - Average concat_pos_e_neg_e_num_examples: 423.68 at global step: 125
INFO - 11/16/20 12:32:26 - 1:10:23 - Using m-e edges for training
INFO - 11/16/20 12:45:36 - 1:23:34 - Average concat_loss: 0.23922831053582835 at global step: 150
INFO - 11/16/20 12:45:36 - 1:23:34 - Average concat_num_examples: 419.68 at global step: 150
INFO - 11/16/20 12:45:36 - 1:23:34 - Average concat_pos_m_neg_m_loss: 0.0 at global step: 150
INFO - 11/16/20 12:45:36 - 1:23:34 - Average concat_pos_m_neg_e_loss: 0.0 at global step: 150
INFO - 11/16/20 12:45:36 - 1:23:34 - Average concat_pos_e_neg_m_loss: 0.0 at global step: 150
INFO - 11/16/20 12:45:36 - 1:23:34 - Average concat_pos_e_neg_e_loss: 0.23922831053582835 at global step: 150
INFO - 11/16/20 12:45:36 - 1:23:34 - Average concat_pos_m_neg_m_num_examples: 0.0 at global step: 150
INFO - 11/16/20 12:45:36 - 1:23:34 - Average concat_pos_m_neg_e_num_examples: 0.0 at global step: 150
INFO - 11/16/20 12:45:36 - 1:23:34 - Average concat_pos_e_neg_m_num_examples: 0.0 at global step: 150
INFO - 11/16/20 12:45:36 - 1:23:34 - Average concat_pos_e_neg_e_num_examples: 419.68 at global step: 150
INFO - 11/16/20 12:45:36 - 1:23:34 - Using m-e edges for training
INFO - 11/16/20 13:00:15 - 1:38:13 - Average concat_loss: 0.1720232034021252 at global step: 175
INFO - 11/16/20 13:00:15 - 1:38:13 - Average concat_num_examples: 461.92 at global step: 175
INFO - 11/16/20 13:00:15 - 1:38:13 - Average concat_pos_m_neg_m_loss: 0.0 at global step: 175
INFO - 11/16/20 13:00:15 - 1:38:13 - Average concat_pos_m_neg_e_loss: 0.0 at global step: 175
INFO - 11/16/20 13:00:15 - 1:38:13 - Average concat_pos_e_neg_m_loss: 0.0 at global step: 175
INFO - 11/16/20 13:00:15 - 1:38:13 - Average concat_pos_e_neg_e_loss: 0.1720232034021252 at global step: 175
INFO - 11/16/20 13:00:15 - 1:38:13 - Average concat_pos_m_neg_m_num_examples: 0.0 at global step: 175
INFO - 11/16/20 13:00:15 - 1:38:13 - Average concat_pos_m_neg_e_num_examples: 0.0 at global step: 175
INFO - 11/16/20 13:00:15 - 1:38:13 - Average concat_pos_e_neg_m_num_examples: 0.0 at global step: 175
INFO - 11/16/20 13:00:15 - 1:38:13 - Average concat_pos_e_neg_e_num_examples: 461.92 at global step: 175
INFO - 11/16/20 13:00:15 - 1:38:13 - Using m-e edges for training
INFO - 11/16/20 13:13:49 - 1:51:46 - Average concat_loss: 0.2092443589449754 at global step: 200
INFO - 11/16/20 13:13:49 - 1:51:46 - Average concat_num_examples: 425.28 at global step: 200
INFO - 11/16/20 13:13:49 - 1:51:46 - Average concat_pos_m_neg_m_loss: 0.0 at global step: 200
INFO - 11/16/20 13:13:49 - 1:51:46 - Average concat_pos_m_neg_e_loss: 0.0 at global step: 200
INFO - 11/16/20 13:13:49 - 1:51:46 - Average concat_pos_e_neg_m_loss: 0.0 at global step: 200
INFO - 11/16/20 13:13:49 - 1:51:46 - Average concat_pos_e_neg_e_loss: 0.2092443589449754 at global step: 200
INFO - 11/16/20 13:13:49 - 1:51:46 - Average concat_pos_m_neg_m_num_examples: 0.0 at global step: 200
INFO - 11/16/20 13:13:49 - 1:51:46 - Average concat_pos_m_neg_e_num_examples: 0.0 at global step: 200
INFO - 11/16/20 13:13:49 - 1:51:46 - Average concat_pos_e_neg_m_num_examples: 0.0 at global step: 200
INFO - 11/16/20 13:13:49 - 1:51:46 - Average concat_pos_e_neg_e_num_examples: 425.28 at global step: 200
INFO - 11/16/20 13:13:49 - 1:51:46 - Using m-e edges for training
INFO - 11/16/20 13:26:54 - 2:04:52 - Configuration saved in /mnt/nfs/scratch1/rangell/lerac/coref_entity_linking/experiments/BC5CDR-d/cluster_linking/exp_0_m-e/checkpoint-224/affinity_model_model/m_e_model/config.json
INFO - 11/16/20 13:27:00 - 2:04:57 - Model weights saved in /mnt/nfs/scratch1/rangell/lerac/coref_entity_linking/experiments/BC5CDR-d/cluster_linking/exp_0_m-e/checkpoint-224/affinity_model_model/m_e_model/pytorch_model.bin
INFO - 11/16/20 13:27:00 - 2:04:57 - Configuration saved in /mnt/nfs/scratch1/rangell/lerac/coref_entity_linking/experiments/BC5CDR-d/cluster_linking/exp_0_m-e/checkpoint-224/affinity_model_model/m_m_model/config.json
INFO - 11/16/20 13:27:05 - 2:05:02 - Model weights saved in /mnt/nfs/scratch1/rangell/lerac/coref_entity_linking/experiments/BC5CDR-d/cluster_linking/exp_0_m-e/checkpoint-224/affinity_model_model/m_m_model/pytorch_model.bin
INFO - 11/16/20 13:27:05 - 2:05:02 - ********** [END] epoch: 0 **********
INFO - 11/16/20 13:27:05 - 2:05:02 - ********** [START] epoch: 1 **********
INFO - 11/16/20 13:27:05 - 2:05:02 - num_batches: 224
INFO - 11/16/20 13:27:57 - 2:05:55 - Average concat_loss: 0.17635188760106785 at global step: 225
INFO - 11/16/20 13:27:57 - 2:05:55 - Average concat_num_examples: 436.8 at global step: 225
INFO - 11/16/20 13:27:57 - 2:05:55 - Average concat_pos_m_neg_m_loss: 0.0 at global step: 225
INFO - 11/16/20 13:27:57 - 2:05:55 - Average concat_pos_m_neg_e_loss: 0.0 at global step: 225
INFO - 11/16/20 13:27:57 - 2:05:55 - Average concat_pos_e_neg_m_loss: 0.0 at global step: 225
INFO - 11/16/20 13:27:57 - 2:05:55 - Average concat_pos_e_neg_e_loss: 0.17635188760106785 at global step: 225
INFO - 11/16/20 13:27:57 - 2:05:55 - Average concat_pos_m_neg_m_num_examples: 0.0 at global step: 225
INFO - 11/16/20 13:27:57 - 2:05:55 - Average concat_pos_m_neg_e_num_examples: 0.0 at global step: 225
INFO - 11/16/20 13:27:57 - 2:05:55 - Average concat_pos_e_neg_m_num_examples: 0.0 at global step: 225
INFO - 11/16/20 13:27:57 - 2:05:55 - Average concat_pos_e_neg_e_num_examples: 436.8 at global step: 225
INFO - 11/16/20 13:27:57 - 2:05:55 - Using m-e edges for training
INFO - 11/16/20 13:42:18 - 2:20:15 - Average concat_loss: 0.14518706739374732 at global step: 250
INFO - 11/16/20 13:42:18 - 2:20:15 - Average concat_num_examples: 455.36 at global step: 250
INFO - 11/16/20 13:42:18 - 2:20:15 - Average concat_pos_m_neg_m_loss: 0.0 at global step: 250
INFO - 11/16/20 13:42:18 - 2:20:15 - Average concat_pos_m_neg_e_loss: 0.0 at global step: 250
INFO - 11/16/20 13:42:18 - 2:20:15 - Average concat_pos_e_neg_m_loss: 0.0 at global step: 250
INFO - 11/16/20 13:42:18 - 2:20:15 - Average concat_pos_e_neg_e_loss: 0.14518706739374732 at global step: 250
INFO - 11/16/20 13:42:18 - 2:20:15 - Average concat_pos_m_neg_m_num_examples: 0.0 at global step: 250
INFO - 11/16/20 13:42:18 - 2:20:15 - Average concat_pos_m_neg_e_num_examples: 0.0 at global step: 250
INFO - 11/16/20 13:42:18 - 2:20:15 - Average concat_pos_e_neg_m_num_examples: 0.0 at global step: 250
INFO - 11/16/20 13:42:18 - 2:20:15 - Average concat_pos_e_neg_e_num_examples: 455.36 at global step: 250
INFO - 11/16/20 13:42:18 - 2:20:15 - Using m-e edges for training
INFO - 11/16/20 13:55:42 - 2:33:40 - Average concat_loss: 0.13484665120815875 at global step: 275
INFO - 11/16/20 13:55:42 - 2:33:40 - Average concat_num_examples: 426.88 at global step: 275
INFO - 11/16/20 13:55:42 - 2:33:40 - Average concat_pos_m_neg_m_loss: 0.0 at global step: 275
INFO - 11/16/20 13:55:42 - 2:33:40 - Average concat_pos_m_neg_e_loss: 0.0 at global step: 275
INFO - 11/16/20 13:55:42 - 2:33:40 - Average concat_pos_e_neg_m_loss: 0.0 at global step: 275
INFO - 11/16/20 13:55:42 - 2:33:40 - Average concat_pos_e_neg_e_loss: 0.13484665120815875 at global step: 275
INFO - 11/16/20 13:55:42 - 2:33:40 - Average concat_pos_m_neg_m_num_examples: 0.0 at global step: 275
INFO - 11/16/20 13:55:42 - 2:33:40 - Average concat_pos_m_neg_e_num_examples: 0.0 at global step: 275
INFO - 11/16/20 13:55:42 - 2:33:40 - Average concat_pos_e_neg_m_num_examples: 0.0 at global step: 275
INFO - 11/16/20 13:55:42 - 2:33:40 - Average concat_pos_e_neg_e_num_examples: 426.88 at global step: 275
INFO - 11/16/20 13:55:42 - 2:33:40 - Using m-e edges for training
INFO - 11/16/20 14:08:36 - 2:46:34 - Average concat_loss: 0.13569507390353705 at global step: 300
INFO - 11/16/20 14:08:36 - 2:46:34 - Average concat_num_examples: 409.92 at global step: 300
INFO - 11/16/20 14:08:36 - 2:46:34 - Average concat_pos_m_neg_m_loss: 0.0 at global step: 300
INFO - 11/16/20 14:08:36 - 2:46:34 - Average concat_pos_m_neg_e_loss: 0.0 at global step: 300
INFO - 11/16/20 14:08:36 - 2:46:34 - Average concat_pos_e_neg_m_loss: 0.0 at global step: 300
INFO - 11/16/20 14:08:36 - 2:46:34 - Average concat_pos_e_neg_e_loss: 0.13569507390353705 at global step: 300
INFO - 11/16/20 14:08:36 - 2:46:34 - Average concat_pos_m_neg_m_num_examples: 0.0 at global step: 300
INFO - 11/16/20 14:08:36 - 2:46:34 - Average concat_pos_m_neg_e_num_examples: 0.0 at global step: 300
INFO - 11/16/20 14:08:36 - 2:46:34 - Average concat_pos_e_neg_m_num_examples: 0.0 at global step: 300
INFO - 11/16/20 14:08:36 - 2:46:34 - Average concat_pos_e_neg_e_num_examples: 409.92 at global step: 300
INFO - 11/16/20 14:08:36 - 2:46:34 - Using m-e edges for training
INFO - 11/16/20 14:22:52 - 3:00:50 - Average concat_loss: 0.1091680410710532 at global step: 325
INFO - 11/16/20 14:22:52 - 3:00:50 - Average concat_num_examples: 444.0 at global step: 325
INFO - 11/16/20 14:22:52 - 3:00:50 - Average concat_pos_m_neg_m_loss: 0.0 at global step: 325
INFO - 11/16/20 14:22:52 - 3:00:50 - Average concat_pos_m_neg_e_loss: 0.0 at global step: 325
INFO - 11/16/20 14:22:52 - 3:00:50 - Average concat_pos_e_neg_m_loss: 0.0 at global step: 325
INFO - 11/16/20 14:22:52 - 3:00:50 - Average concat_pos_e_neg_e_loss: 0.1091680410710532 at global step: 325
INFO - 11/16/20 14:22:52 - 3:00:50 - Average concat_pos_m_neg_m_num_examples: 0.0 at global step: 325
INFO - 11/16/20 14:22:52 - 3:00:50 - Average concat_pos_m_neg_e_num_examples: 0.0 at global step: 325
INFO - 11/16/20 14:22:52 - 3:00:50 - Average concat_pos_e_neg_m_num_examples: 0.0 at global step: 325
INFO - 11/16/20 14:22:52 - 3:00:50 - Average concat_pos_e_neg_e_num_examples: 444.0 at global step: 325
INFO - 11/16/20 14:22:52 - 3:00:50 - Using m-e edges for training
INFO - 11/16/20 14:36:07 - 3:14:04 - Average concat_loss: 0.11858801909918794 at global step: 350
INFO - 11/16/20 14:36:07 - 3:14:04 - Average concat_num_examples: 410.72 at global step: 350
INFO - 11/16/20 14:36:07 - 3:14:04 - Average concat_pos_m_neg_m_loss: 0.0 at global step: 350
INFO - 11/16/20 14:36:07 - 3:14:04 - Average concat_pos_m_neg_e_loss: 0.0 at global step: 350
INFO - 11/16/20 14:36:07 - 3:14:04 - Average concat_pos_e_neg_m_loss: 0.0 at global step: 350
INFO - 11/16/20 14:36:07 - 3:14:04 - Average concat_pos_e_neg_e_loss: 0.11858801909918794 at global step: 350
INFO - 11/16/20 14:36:07 - 3:14:04 - Average concat_pos_m_neg_m_num_examples: 0.0 at global step: 350
INFO - 11/16/20 14:36:07 - 3:14:04 - Average concat_pos_m_neg_e_num_examples: 0.0 at global step: 350
INFO - 11/16/20 14:36:07 - 3:14:04 - Average concat_pos_e_neg_m_num_examples: 0.0 at global step: 350
INFO - 11/16/20 14:36:07 - 3:14:04 - Average concat_pos_e_neg_e_num_examples: 410.72 at global step: 350
INFO - 11/16/20 14:36:07 - 3:14:04 - Using m-e edges for training
INFO - 11/16/20 14:50:10 - 3:28:08 - Average concat_loss: 0.13549765908919598 at global step: 375
INFO - 11/16/20 14:50:10 - 3:28:08 - Average concat_num_examples: 434.08 at global step: 375
INFO - 11/16/20 14:50:10 - 3:28:08 - Average concat_pos_m_neg_m_loss: 0.0 at global step: 375
INFO - 11/16/20 14:50:10 - 3:28:08 - Average concat_pos_m_neg_e_loss: 0.0 at global step: 375
INFO - 11/16/20 14:50:10 - 3:28:08 - Average concat_pos_e_neg_m_loss: 0.0 at global step: 375
INFO - 11/16/20 14:50:10 - 3:28:08 - Average concat_pos_e_neg_e_loss: 0.13549765908919598 at global step: 375
INFO - 11/16/20 14:50:10 - 3:28:08 - Average concat_pos_m_neg_m_num_examples: 0.0 at global step: 375
INFO - 11/16/20 14:50:10 - 3:28:08 - Average concat_pos_m_neg_e_num_examples: 0.0 at global step: 375
INFO - 11/16/20 14:50:10 - 3:28:08 - Average concat_pos_e_neg_m_num_examples: 0.0 at global step: 375
INFO - 11/16/20 14:50:10 - 3:28:08 - Average concat_pos_e_neg_e_num_examples: 434.08 at global step: 375
INFO - 11/16/20 14:50:10 - 3:28:08 - Using m-e edges for training
INFO - 11/16/20 15:04:22 - 3:42:20 - Average concat_loss: 0.09847876881790338 at global step: 400
INFO - 11/16/20 15:04:22 - 3:42:20 - Average concat_num_examples: 445.44 at global step: 400
INFO - 11/16/20 15:04:22 - 3:42:20 - Average concat_pos_m_neg_m_loss: 0.0 at global step: 400
INFO - 11/16/20 15:04:22 - 3:42:20 - Average concat_pos_m_neg_e_loss: 0.0 at global step: 400
INFO - 11/16/20 15:04:22 - 3:42:20 - Average concat_pos_e_neg_m_loss: 0.0 at global step: 400
INFO - 11/16/20 15:04:22 - 3:42:20 - Average concat_pos_e_neg_e_loss: 0.09847876881790338 at global step: 400
INFO - 11/16/20 15:04:22 - 3:42:20 - Average concat_pos_m_neg_m_num_examples: 0.0 at global step: 400
INFO - 11/16/20 15:04:22 - 3:42:20 - Average concat_pos_m_neg_e_num_examples: 0.0 at global step: 400
INFO - 11/16/20 15:04:22 - 3:42:20 - Average concat_pos_e_neg_m_num_examples: 0.0 at global step: 400
INFO - 11/16/20 15:04:22 - 3:42:20 - Average concat_pos_e_neg_e_num_examples: 445.44 at global step: 400
INFO - 11/16/20 15:04:22 - 3:42:20 - Using m-e edges for training
INFO - 11/16/20 15:17:30 - 3:55:28 - Average concat_loss: 0.1025054394569043 at global step: 425
INFO - 11/16/20 15:17:30 - 3:55:28 - Average concat_num_examples: 410.24 at global step: 425
INFO - 11/16/20 15:17:30 - 3:55:28 - Average concat_pos_m_neg_m_loss: 0.0 at global step: 425
INFO - 11/16/20 15:17:30 - 3:55:28 - Average concat_pos_m_neg_e_loss: 0.0 at global step: 425
INFO - 11/16/20 15:17:30 - 3:55:28 - Average concat_pos_e_neg_m_loss: 0.0 at global step: 425
INFO - 11/16/20 15:17:30 - 3:55:28 - Average concat_pos_e_neg_e_loss: 0.1025054394569043 at global step: 425
INFO - 11/16/20 15:17:30 - 3:55:28 - Average concat_pos_m_neg_m_num_examples: 0.0 at global step: 425
INFO - 11/16/20 15:17:30 - 3:55:28 - Average concat_pos_m_neg_e_num_examples: 0.0 at global step: 425
INFO - 11/16/20 15:17:30 - 3:55:28 - Average concat_pos_e_neg_m_num_examples: 0.0 at global step: 425
INFO - 11/16/20 15:17:30 - 3:55:28 - Average concat_pos_e_neg_e_num_examples: 410.24 at global step: 425
INFO - 11/16/20 15:17:30 - 3:55:28 - Using m-e edges for training
INFO - 11/16/20 15:29:41 - 4:07:39 - Configuration saved in /mnt/nfs/scratch1/rangell/lerac/coref_entity_linking/experiments/BC5CDR-d/cluster_linking/exp_0_m-e/checkpoint-448/affinity_model_model/m_e_model/config.json
INFO - 11/16/20 15:29:46 - 4:07:44 - Model weights saved in /mnt/nfs/scratch1/rangell/lerac/coref_entity_linking/experiments/BC5CDR-d/cluster_linking/exp_0_m-e/checkpoint-448/affinity_model_model/m_e_model/pytorch_model.bin
INFO - 11/16/20 15:29:46 - 4:07:44 - Configuration saved in /mnt/nfs/scratch1/rangell/lerac/coref_entity_linking/experiments/BC5CDR-d/cluster_linking/exp_0_m-e/checkpoint-448/affinity_model_model/m_m_model/config.json
INFO - 11/16/20 15:29:54 - 4:07:51 - Model weights saved in /mnt/nfs/scratch1/rangell/lerac/coref_entity_linking/experiments/BC5CDR-d/cluster_linking/exp_0_m-e/checkpoint-448/affinity_model_model/m_m_model/pytorch_model.bin
INFO - 11/16/20 15:29:54 - 4:07:51 - ********** [END] epoch: 1 **********
INFO - 11/16/20 15:29:54 - 4:07:51 - ********** [START] epoch: 2 **********
INFO - 11/16/20 15:29:54 - 4:07:51 - num_batches: 224
INFO - 11/16/20 15:31:00 - 4:08:57 - Average concat_loss: 0.09759088569762349 at global step: 450
INFO - 11/16/20 15:31:00 - 4:08:57 - Average concat_num_examples: 416.64 at global step: 450
INFO - 11/16/20 15:31:00 - 4:08:57 - Average concat_pos_m_neg_m_loss: 0.0 at global step: 450
INFO - 11/16/20 15:31:00 - 4:08:57 - Average concat_pos_m_neg_e_loss: 0.0 at global step: 450
INFO - 11/16/20 15:31:00 - 4:08:57 - Average concat_pos_e_neg_m_loss: 0.0 at global step: 450
INFO - 11/16/20 15:31:00 - 4:08:57 - Average concat_pos_e_neg_e_loss: 0.09759088569762349 at global step: 450
INFO - 11/16/20 15:31:00 - 4:08:57 - Average concat_pos_m_neg_m_num_examples: 0.0 at global step: 450
INFO - 11/16/20 15:31:00 - 4:08:57 - Average concat_pos_m_neg_e_num_examples: 0.0 at global step: 450
INFO - 11/16/20 15:31:00 - 4:08:57 - Average concat_pos_e_neg_m_num_examples: 0.0 at global step: 450
INFO - 11/16/20 15:31:00 - 4:08:57 - Average concat_pos_e_neg_e_num_examples: 416.64 at global step: 450
INFO - 11/16/20 15:31:00 - 4:08:57 - Using m-e edges for training
INFO - 11/16/20 15:44:09 - 4:22:07 - Average concat_loss: 0.07279578932359693 at global step: 475
INFO - 11/16/20 15:44:09 - 4:22:07 - Average concat_num_examples: 416.16 at global step: 475
INFO - 11/16/20 15:44:09 - 4:22:07 - Average concat_pos_m_neg_m_loss: 0.0 at global step: 475
INFO - 11/16/20 15:44:09 - 4:22:07 - Average concat_pos_m_neg_e_loss: 0.0 at global step: 475
INFO - 11/16/20 15:44:09 - 4:22:07 - Average concat_pos_e_neg_m_loss: 0.0 at global step: 475
INFO - 11/16/20 15:44:09 - 4:22:07 - Average concat_pos_e_neg_e_loss: 0.07279578932359693 at global step: 475
INFO - 11/16/20 15:44:09 - 4:22:07 - Average concat_pos_m_neg_m_num_examples: 0.0 at global step: 475
INFO - 11/16/20 15:44:09 - 4:22:07 - Average concat_pos_m_neg_e_num_examples: 0.0 at global step: 475
INFO - 11/16/20 15:44:09 - 4:22:07 - Average concat_pos_e_neg_m_num_examples: 0.0 at global step: 475
INFO - 11/16/20 15:44:09 - 4:22:07 - Average concat_pos_e_neg_e_num_examples: 416.16 at global step: 475
INFO - 11/16/20 15:44:09 - 4:22:07 - Using m-e edges for training
INFO - 11/16/20 15:56:27 - 4:34:25 - Average concat_loss: 0.07839564403432889 at global step: 500
INFO - 11/16/20 15:56:27 - 4:34:25 - Average concat_num_examples: 390.56 at global step: 500
INFO - 11/16/20 15:56:27 - 4:34:25 - Average concat_pos_m_neg_m_loss: 0.0 at global step: 500
INFO - 11/16/20 15:56:27 - 4:34:25 - Average concat_pos_m_neg_e_loss: 0.0 at global step: 500
INFO - 11/16/20 15:56:27 - 4:34:25 - Average concat_pos_e_neg_m_loss: 0.0 at global step: 500
INFO - 11/16/20 15:56:27 - 4:34:25 - Average concat_pos_e_neg_e_loss: 0.07839564403432889 at global step: 500
INFO - 11/16/20 15:56:27 - 4:34:25 - Average concat_pos_m_neg_m_num_examples: 0.0 at global step: 500
INFO - 11/16/20 15:56:27 - 4:34:25 - Average concat_pos_m_neg_e_num_examples: 0.0 at global step: 500
INFO - 11/16/20 15:56:27 - 4:34:25 - Average concat_pos_e_neg_m_num_examples: 0.0 at global step: 500
INFO - 11/16/20 15:56:27 - 4:34:25 - Average concat_pos_e_neg_e_num_examples: 390.56 at global step: 500
INFO - 11/16/20 15:56:27 - 4:34:25 - Using m-e edges for training
INFO - 11/16/20 16:10:44 - 4:48:42 - Average concat_loss: 0.08387076773978583 at global step: 525
INFO - 11/16/20 16:10:44 - 4:48:42 - Average concat_num_examples: 444.96 at global step: 525
INFO - 11/16/20 16:10:44 - 4:48:42 - Average concat_pos_m_neg_m_loss: 0.0 at global step: 525
INFO - 11/16/20 16:10:44 - 4:48:42 - Average concat_pos_m_neg_e_loss: 0.0 at global step: 525
INFO - 11/16/20 16:10:44 - 4:48:42 - Average concat_pos_e_neg_m_loss: 0.0 at global step: 525
INFO - 11/16/20 16:10:44 - 4:48:42 - Average concat_pos_e_neg_e_loss: 0.08387076773978583 at global step: 525
INFO - 11/16/20 16:10:44 - 4:48:42 - Average concat_pos_m_neg_m_num_examples: 0.0 at global step: 525
INFO - 11/16/20 16:10:44 - 4:48:42 - Average concat_pos_m_neg_e_num_examples: 0.0 at global step: 525
INFO - 11/16/20 16:10:44 - 4:48:42 - Average concat_pos_e_neg_m_num_examples: 0.0 at global step: 525
INFO - 11/16/20 16:10:44 - 4:48:42 - Average concat_pos_e_neg_e_num_examples: 444.96 at global step: 525
INFO - 11/16/20 16:10:44 - 4:48:42 - Using m-e edges for training
INFO - 11/16/20 16:24:40 - 5:02:38 - Average concat_loss: 0.08491439350557659 at global step: 550
INFO - 11/16/20 16:24:40 - 5:02:38 - Average concat_num_examples: 438.4 at global step: 550
INFO - 11/16/20 16:24:40 - 5:02:38 - Average concat_pos_m_neg_m_loss: 0.0 at global step: 550
INFO - 11/16/20 16:24:40 - 5:02:38 - Average concat_pos_m_neg_e_loss: 0.0 at global step: 550
INFO - 11/16/20 16:24:40 - 5:02:38 - Average concat_pos_e_neg_m_loss: 0.0 at global step: 550
INFO - 11/16/20 16:24:40 - 5:02:38 - Average concat_pos_e_neg_e_loss: 0.08491439350557659 at global step: 550
INFO - 11/16/20 16:24:40 - 5:02:38 - Average concat_pos_m_neg_m_num_examples: 0.0 at global step: 550
INFO - 11/16/20 16:24:40 - 5:02:38 - Average concat_pos_m_neg_e_num_examples: 0.0 at global step: 550
INFO - 11/16/20 16:24:40 - 5:02:38 - Average concat_pos_e_neg_m_num_examples: 0.0 at global step: 550
INFO - 11/16/20 16:24:40 - 5:02:38 - Average concat_pos_e_neg_e_num_examples: 438.4 at global step: 550
INFO - 11/16/20 16:24:40 - 5:02:38 - Using m-e edges for training
INFO - 11/16/20 16:38:11 - 5:16:08 - Average concat_loss: 0.07324282187559779 at global step: 575
INFO - 11/16/20 16:38:11 - 5:16:08 - Average concat_num_examples: 423.68 at global step: 575
INFO - 11/16/20 16:38:11 - 5:16:08 - Average concat_pos_m_neg_m_loss: 0.0 at global step: 575
INFO - 11/16/20 16:38:11 - 5:16:08 - Average concat_pos_m_neg_e_loss: 0.0 at global step: 575
INFO - 11/16/20 16:38:11 - 5:16:08 - Average concat_pos_e_neg_m_loss: 0.0 at global step: 575
INFO - 11/16/20 16:38:11 - 5:16:08 - Average concat_pos_e_neg_e_loss: 0.07324282187559779 at global step: 575
INFO - 11/16/20 16:38:11 - 5:16:08 - Average concat_pos_m_neg_m_num_examples: 0.0 at global step: 575
INFO - 11/16/20 16:38:11 - 5:16:08 - Average concat_pos_m_neg_e_num_examples: 0.0 at global step: 575
INFO - 11/16/20 16:38:11 - 5:16:08 - Average concat_pos_e_neg_m_num_examples: 0.0 at global step: 575
INFO - 11/16/20 16:38:11 - 5:16:08 - Average concat_pos_e_neg_e_num_examples: 423.68 at global step: 575
INFO - 11/16/20 16:38:11 - 5:16:08 - Using m-e edges for training
