INFO - 11/12/20 12:07:05 - 0:00:00 - ============ Initialized logger ============
INFO - 11/12/20 12:07:05 - 0:00:00 - adam_epsilon: 1e-08
                                     alpha: None
                                     available_entities: candidates_only
                                     cache_dir: 
                                     clustering_domain: within_doc
                                     command: python src/main.py --local_rank=0 --data_dir '/local/coref_entity_linking/data/BC5CDR/' --model_type 'bert' --model_name_or_path 'models/biobert_v1.1_pubmed/' --task_name 'cluster_linking' --output_dir '/mnt/nfs/scratch1/rangell/lerac/coref_entity_linking/experiments/BC5CDR/cluster_linking/exp_0_m-m/' --log_dir '/mnt/nfs/scratch1/rangell/lerac/coref_entity_linking/logs/' --do_train --max_seq_length '128' --seq_embed_dim '128' --embed_pooling_strategy 'pool_highlighted_outputs' --concat_pooling_strategy 'pool_highlighted_outputs' --clustering_domain 'within_doc' --available_entities 'candidates_only' --mention_negatives 'random' --training_method 'triplet_max_margin' --pair_gen_method 'mst' --training_edges_considered 'm-m' --k '128' --num_train_negs '24' --margin '0.7' --warmup_steps '100' --learning_rate '5e-5' --max_grad_norm '1.0' --num_clusters_per_macro_batch '16' --per_gpu_train_batch_size '16' --per_gpu_infer_batch_size '256' --num_train_epochs '3' --logging_steps '25' --knn_refresh_steps '-1' --train_domains 'train' 'entity_documents' --val_domains 'val' 'entity_documents'
                                     concat_pooling_strategy: pool_highlighted_outputs
                                     config_name: 
                                     data_dir: /local/coref_entity_linking/data/BC5CDR/
                                     device: cuda:0
                                     disable_logging: False
                                     do_lower_case: False
                                     do_test: False
                                     do_train: True
                                     do_train_eval: False
                                     do_val: False
                                     dump_coref_candidate_sets: False
                                     embed_pooling_strategy: pool_highlighted_outputs
                                     eval_all_checkpoints: False
                                     eval_coref_threshold: None
                                     evaluate_during_training: False
                                     fp16: False
                                     fp16_opt_level: O1
                                     git_hash: 2dd0b2150425e0a921cc73c894ca7a11ba6be66b
                                     gradient_accumulation_steps: 1
                                     k: 128
                                     knn_refresh_steps: -1
                                     learning_rate: 5e-05
                                     local_rank: 0
                                     log_dir: /mnt/nfs/scratch1/rangell/lerac/coref_entity_linking/logs/
                                     logging_steps: 25
                                     margin: 0.7
                                     max_grad_norm: 1.0
                                     max_seq_length: 128
                                     max_steps: -1
                                     mention_negatives: random
                                     model_name_or_path: models/biobert_v1.1_pubmed/
                                     model_type: bert
                                     n_gpu: 1
                                     no_cuda: False
                                     num_candidates: 64
                                     num_candidates_per_example: 16
                                     num_clusters_per_macro_batch: 16
                                     num_context_codes: 4
                                     num_dataloader_workers: 0
                                     num_train_epochs: 3
                                     num_train_negs: 24
                                     output_dir: /mnt/nfs/scratch1/rangell/lerac/coref_entity_linking/experiments/BC5CDR/cluster_linking/exp_0_m-m/
                                     overwrite_cache: False
                                     overwrite_output_dir: False
                                     pair_gen_method: mst
                                     per_gpu_infer_batch_size: 256
                                     per_gpu_train_batch_size: 16
                                     sample_size: None
                                     save_steps: 50
                                     seed: 42
                                     seq_embed_dim: 128
                                     server_ip: 
                                     server_port: 
                                     task_name: cluster_linking
                                     test_domains: None
                                     test_mention_entity_scores: None
                                     tiny_experiment: False
                                     tokenizer_name: 
                                     train_domains: ['train', 'entity_documents']
                                     train_mention_entity_scores: None
                                     trained_model_dir: None
                                     training_edges_considered: m-m
                                     training_method: triplet_max_margin
                                     val_domains: ['val', 'entity_documents']
                                     val_mention_entity_scores: None
                                     warmup_steps: 100
                                     weight_decay: 0.0
                                     world_size: 4
INFO - 11/12/20 12:07:05 - 0:00:00 - The experiment will be stored in /mnt/nfs/scratch1/rangell/lerac/coref_entity_linking/experiments/BC5CDR/cluster_linking/exp_0_m-m/
                                     
INFO - 11/12/20 12:07:05 - 0:00:00 - Running command: python src/main.py --local_rank=0 --data_dir '/local/coref_entity_linking/data/BC5CDR/' --model_type 'bert' --model_name_or_path 'models/biobert_v1.1_pubmed/' --task_name 'cluster_linking' --output_dir '/mnt/nfs/scratch1/rangell/lerac/coref_entity_linking/experiments/BC5CDR/cluster_linking/exp_0_m-m/' --log_dir '/mnt/nfs/scratch1/rangell/lerac/coref_entity_linking/logs/' --do_train --max_seq_length '128' --seq_embed_dim '128' --embed_pooling_strategy 'pool_highlighted_outputs' --concat_pooling_strategy 'pool_highlighted_outputs' --clustering_domain 'within_doc' --available_entities 'candidates_only' --mention_negatives 'random' --training_method 'triplet_max_margin' --pair_gen_method 'mst' --training_edges_considered 'm-m' --k '128' --num_train_negs '24' --margin '0.7' --warmup_steps '100' --learning_rate '5e-5' --max_grad_norm '1.0' --num_clusters_per_macro_batch '16' --per_gpu_train_batch_size '16' --per_gpu_infer_batch_size '256' --num_train_epochs '3' --logging_steps '25' --knn_refresh_steps '-1' --train_domains 'train' 'entity_documents' --val_domains 'val' 'entity_documents'
                                     
WARNING - 11/12/20 12:07:05 - 0:00:00 - Process rank: 0, device: cuda:0, n_gpu: 1, distributed training: True, 16-bits training: False
INFO - 11/12/20 12:07:05 - 0:00:00 - Creating models.
WARNING - 11/12/20 12:07:05 - 0:00:00 - Process rank: 1, device: cuda:1, n_gpu: 1, distributed training: True, 16-bits training: False
WARNING - 11/12/20 12:07:05 - 0:00:00 - Process rank: 3, device: cuda:3, n_gpu: 1, distributed training: True, 16-bits training: False
WARNING - 11/12/20 12:07:05 - 0:00:00 - Process rank: 2, device: cuda:2, n_gpu: 1, distributed training: True, 16-bits training: False
INFO - 11/12/20 12:07:05 - 0:00:00 - loading configuration file models/biobert_v1.1_pubmed/config.json
INFO - 11/12/20 12:07:05 - 0:00:00 - Model config BertConfig {
                                       "attention_probs_dropout_prob": 0.1,
                                       "finetuning_task": "cluster_linking",
                                       "hidden_act": "gelu",
                                       "hidden_dropout_prob": 0.1,
                                       "hidden_size": 768,
                                       "initializer_range": 0.02,
                                       "intermediate_size": 3072,
                                       "layer_norm_eps": 1e-12,
                                       "max_position_embeddings": 512,
                                       "model_type": "bert",
                                       "num_attention_heads": 12,
                                       "num_hidden_layers": 12,
                                       "pad_token_id": 0,
                                       "type_vocab_size": 2,
                                       "vocab_size": 28996
                                     }
                                     
INFO - 11/12/20 12:07:05 - 0:00:00 - Model name 'models/biobert_v1.1_pubmed/' not found in model shortcut name list (bert-base-uncased, bert-large-uncased, bert-base-cased, bert-large-cased, bert-base-multilingual-uncased, bert-base-multilingual-cased, bert-base-chinese, bert-base-german-cased, bert-large-uncased-whole-word-masking, bert-large-cased-whole-word-masking, bert-large-uncased-whole-word-masking-finetuned-squad, bert-large-cased-whole-word-masking-finetuned-squad, bert-base-cased-finetuned-mrpc, bert-base-german-dbmdz-cased, bert-base-german-dbmdz-uncased, TurkuNLP/bert-base-finnish-cased-v1, TurkuNLP/bert-base-finnish-uncased-v1, wietsedv/bert-base-dutch-cased). Assuming 'models/biobert_v1.1_pubmed/' is a path, a model identifier, or url to a directory containing tokenizer files.
INFO - 11/12/20 12:07:05 - 0:00:00 - Didn't find file models/biobert_v1.1_pubmed/added_tokens.json. We won't load it.
INFO - 11/12/20 12:07:05 - 0:00:00 - Didn't find file models/biobert_v1.1_pubmed/special_tokens_map.json. We won't load it.
INFO - 11/12/20 12:07:05 - 0:00:00 - Didn't find file models/biobert_v1.1_pubmed/tokenizer_config.json. We won't load it.
INFO - 11/12/20 12:07:05 - 0:00:00 - loading file models/biobert_v1.1_pubmed/vocab.txt
INFO - 11/12/20 12:07:05 - 0:00:00 - loading file None
INFO - 11/12/20 12:07:05 - 0:00:00 - loading file None
INFO - 11/12/20 12:07:05 - 0:00:00 - loading file None
INFO - 11/12/20 12:07:05 - 0:00:00 - loading weights file models/biobert_v1.1_pubmed/pytorch_model.bin
INFO - 11/12/20 12:07:09 - 0:00:05 - Weights of BertSequenceScoringModel not initialized from pretrained model: ['concatenation_cls_layer1.weight', 'concatenation_cls_layer1.bias', 'concatenation_cls_layer2.weight', 'concatenation_cls_layer2.bias']
INFO - 11/12/20 12:07:09 - 0:00:05 - Weights from pretrained model not used in BertSequenceScoringModel: ['cls.predictions.bias', 'cls.predictions.transform.dense.weight', 'cls.predictions.transform.dense.bias', 'cls.predictions.transform.LayerNorm.weight', 'cls.predictions.transform.LayerNorm.bias', 'cls.predictions.decoder.weight', 'cls.seq_relationship.weight', 'cls.seq_relationship.bias']
INFO - 11/12/20 12:07:09 - 0:00:05 - loading weights file models/biobert_v1.1_pubmed/pytorch_model.bin
INFO - 11/12/20 12:07:13 - 0:00:09 - Weights of BertSequenceScoringModel not initialized from pretrained model: ['concatenation_pool_layer1.weight', 'concatenation_pool_layer1.bias', 'concatenation_pool_layer2.weight', 'concatenation_pool_layer2.bias', 'concatenation_pool_layer3.weight', 'concatenation_pool_layer3.bias']
INFO - 11/12/20 12:07:13 - 0:00:09 - Weights from pretrained model not used in BertSequenceScoringModel: ['cls.predictions.bias', 'cls.predictions.transform.dense.weight', 'cls.predictions.transform.dense.bias', 'cls.predictions.transform.LayerNorm.weight', 'cls.predictions.transform.LayerNorm.bias', 'cls.predictions.decoder.weight', 'cls.seq_relationship.weight', 'cls.seq_relationship.bias']
INFO - 11/12/20 12:07:13 - 0:00:09 - Creating metadata and dataset...
INFO - 11/12/20 12:10:10 - 0:03:06 - Done.
INFO - 11/12/20 12:10:11 - 0:03:06 - Loading cached metadata and dataset.
INFO - 11/12/20 12:10:15 - 0:03:11 - Training/evaluation parameters Namespace(adam_epsilon=1e-08, alpha=None, available_entities='candidates_only', cache_dir='', clustering_domain='within_doc', command="python src/main.py --local_rank=0 --data_dir '/local/coref_entity_linking/data/BC5CDR/' --model_type 'bert' --model_name_or_path 'models/biobert_v1.1_pubmed/' --task_name 'cluster_linking' --output_dir '/mnt/nfs/scratch1/rangell/lerac/coref_entity_linking/experiments/BC5CDR/cluster_linking/exp_0_m-m/' --log_dir '/mnt/nfs/scratch1/rangell/lerac/coref_entity_linking/logs/' --do_train --max_seq_length '128' --seq_embed_dim '128' --embed_pooling_strategy 'pool_highlighted_outputs' --concat_pooling_strategy 'pool_highlighted_outputs' --clustering_domain 'within_doc' --available_entities 'candidates_only' --mention_negatives 'random' --training_method 'triplet_max_margin' --pair_gen_method 'mst' --training_edges_considered 'm-m' --k '128' --num_train_negs '24' --margin '0.7' --warmup_steps '100' --learning_rate '5e-5' --max_grad_norm '1.0' --num_clusters_per_macro_batch '16' --per_gpu_train_batch_size '16' --per_gpu_infer_batch_size '256' --num_train_epochs '3' --logging_steps '25' --knn_refresh_steps '-1' --train_domains 'train' 'entity_documents' --val_domains 'val' 'entity_documents'", concat_pooling_strategy='pool_highlighted_outputs', config_name='', data_dir='/local/coref_entity_linking/data/BC5CDR/', device=device(type='cuda', index=0), disable_logging=False, do_lower_case=False, do_test=False, do_train=True, do_train_eval=False, do_val=False, dump_coref_candidate_sets=False, embed_pooling_strategy='pool_highlighted_outputs', eval_all_checkpoints=False, eval_coref_threshold=None, evaluate_during_training=False, fp16=False, fp16_opt_level='O1', git_hash='2dd0b2150425e0a921cc73c894ca7a11ba6be66b', gradient_accumulation_steps=1, infer_batch_size=256, k=128, knn_refresh_steps=-1, learning_rate=5e-05, local_rank=0, log_dir='/mnt/nfs/scratch1/rangell/lerac/coref_entity_linking/logs/', logging_steps=25, margin=0.7, max_grad_norm=1.0, max_seq_length=128, max_steps=-1, mention_negatives='random', model_name_or_path='models/biobert_v1.1_pubmed/', model_type='bert', n_gpu=1, no_cuda=False, num_candidates=64, num_candidates_per_example=16, num_clusters_per_macro_batch=16, num_context_codes=4, num_dataloader_workers=0, num_train_epochs=3, num_train_negs=24, output_dir='/mnt/nfs/scratch1/rangell/lerac/coref_entity_linking/experiments/BC5CDR/cluster_linking/exp_0_m-m/', overwrite_cache=False, overwrite_output_dir=False, pair_gen_method='mst', per_gpu_infer_batch_size=256, per_gpu_train_batch_size=16, sample_size=None, save_steps=50, seed=42, seq_embed_dim=128, server_ip='', server_port='', t_total=1194, task_name='cluster_linking', test_domains=None, test_mention_entity_scores=None, tiny_experiment=False, tokenizer=<transformers.tokenization_bert.BertTokenizer object at 0x2aab1e2a6b90>, tokenizer_name='', train_batch_size=16, train_cache_dir='/local/coref_entity_linking/data/BC5CDR/cache/train', train_domains=['train', 'entity_documents'], train_mention_entity_scores=None, trained_model_dir=None, training_edges_considered='m-m', training_method='triplet_max_margin', val_domains=['val', 'entity_documents'], val_mention_entity_scores=None, warmup_steps=100, weight_decay=0.0, world_size=4)
INFO - 11/12/20 12:10:15 - 0:03:11 - Creating sub-trainers.
INFO - 11/12/20 12:10:15 - 0:03:11 - Successfully created trainer object
INFO - 11/12/20 12:10:15 - 0:03:11 - Starting training...
INFO - 11/12/20 12:10:15 - 0:03:11 - ********** [START] epoch: 0 **********
INFO - 11/12/20 12:10:15 - 0:03:11 - num_batches: 398
INFO - 11/12/20 12:28:45 - 0:21:40 - Average concat_loss: 0.698886341540736 at global step: 25
INFO - 11/12/20 12:28:45 - 0:21:40 - Average concat_num_examples: 431.84 at global step: 25
INFO - 11/12/20 12:28:45 - 0:21:40 - Average concat_pos_m_neg_m_loss: 0.698886341540736 at global step: 25
INFO - 11/12/20 12:28:45 - 0:21:40 - Average concat_pos_m_neg_e_loss: 0.0 at global step: 25
INFO - 11/12/20 12:28:45 - 0:21:40 - Average concat_pos_e_neg_m_loss: 0.0 at global step: 25
INFO - 11/12/20 12:28:45 - 0:21:40 - Average concat_pos_e_neg_e_loss: 0.0 at global step: 25
INFO - 11/12/20 12:28:45 - 0:21:40 - Average concat_pos_m_neg_m_num_examples: 431.84 at global step: 25
INFO - 11/12/20 12:28:45 - 0:21:40 - Average concat_pos_m_neg_e_num_examples: 0.0 at global step: 25
INFO - 11/12/20 12:28:45 - 0:21:40 - Average concat_pos_e_neg_m_num_examples: 0.0 at global step: 25
INFO - 11/12/20 12:28:45 - 0:21:40 - Average concat_pos_e_neg_e_num_examples: 0.0 at global step: 25
INFO - 11/12/20 12:28:45 - 0:21:40 - Using m-m edges for training
INFO - 11/12/20 12:46:31 - 0:39:27 - Average concat_loss: 0.6552485292622037 at global step: 50
INFO - 11/12/20 12:46:31 - 0:39:27 - Average concat_num_examples: 415.68 at global step: 50
INFO - 11/12/20 12:46:31 - 0:39:27 - Average concat_pos_m_neg_m_loss: 0.6552485292622037 at global step: 50
INFO - 11/12/20 12:46:31 - 0:39:27 - Average concat_pos_m_neg_e_loss: 0.0 at global step: 50
INFO - 11/12/20 12:46:31 - 0:39:27 - Average concat_pos_e_neg_m_loss: 0.0 at global step: 50
INFO - 11/12/20 12:46:31 - 0:39:27 - Average concat_pos_e_neg_e_loss: 0.0 at global step: 50
INFO - 11/12/20 12:46:31 - 0:39:27 - Average concat_pos_m_neg_m_num_examples: 415.68 at global step: 50
INFO - 11/12/20 12:46:31 - 0:39:27 - Average concat_pos_m_neg_e_num_examples: 0.0 at global step: 50
INFO - 11/12/20 12:46:31 - 0:39:27 - Average concat_pos_e_neg_m_num_examples: 0.0 at global step: 50
INFO - 11/12/20 12:46:31 - 0:39:27 - Average concat_pos_e_neg_e_num_examples: 0.0 at global step: 50
INFO - 11/12/20 12:46:31 - 0:39:27 - Using m-m edges for training
INFO - 11/12/20 13:05:47 - 0:58:43 - Average concat_loss: 0.1749037356341659 at global step: 75
INFO - 11/12/20 13:05:48 - 0:58:43 - Average concat_num_examples: 456.8 at global step: 75
INFO - 11/12/20 13:05:48 - 0:58:43 - Average concat_pos_m_neg_m_loss: 0.1749037356341659 at global step: 75
INFO - 11/12/20 13:05:48 - 0:58:43 - Average concat_pos_m_neg_e_loss: 0.0 at global step: 75
INFO - 11/12/20 13:05:48 - 0:58:43 - Average concat_pos_e_neg_m_loss: 0.0 at global step: 75
INFO - 11/12/20 13:05:48 - 0:58:43 - Average concat_pos_e_neg_e_loss: 0.0 at global step: 75
INFO - 11/12/20 13:05:48 - 0:58:43 - Average concat_pos_m_neg_m_num_examples: 456.8 at global step: 75
INFO - 11/12/20 13:05:48 - 0:58:43 - Average concat_pos_m_neg_e_num_examples: 0.0 at global step: 75
INFO - 11/12/20 13:05:48 - 0:58:43 - Average concat_pos_e_neg_m_num_examples: 0.0 at global step: 75
INFO - 11/12/20 13:05:48 - 0:58:43 - Average concat_pos_e_neg_e_num_examples: 0.0 at global step: 75
INFO - 11/12/20 13:05:48 - 0:58:43 - Using m-m edges for training
INFO - 11/12/20 13:22:26 - 1:15:22 - Average concat_loss: 0.05312072375501795 at global step: 100
INFO - 11/12/20 13:22:26 - 1:15:22 - Average concat_num_examples: 385.92 at global step: 100
INFO - 11/12/20 13:22:26 - 1:15:22 - Average concat_pos_m_neg_m_loss: 0.05312072375501795 at global step: 100
INFO - 11/12/20 13:22:26 - 1:15:22 - Average concat_pos_m_neg_e_loss: 0.0 at global step: 100
INFO - 11/12/20 13:22:26 - 1:15:22 - Average concat_pos_e_neg_m_loss: 0.0 at global step: 100
INFO - 11/12/20 13:22:26 - 1:15:22 - Average concat_pos_e_neg_e_loss: 0.0 at global step: 100
INFO - 11/12/20 13:22:26 - 1:15:22 - Average concat_pos_m_neg_m_num_examples: 385.92 at global step: 100
INFO - 11/12/20 13:22:26 - 1:15:22 - Average concat_pos_m_neg_e_num_examples: 0.0 at global step: 100
INFO - 11/12/20 13:22:26 - 1:15:22 - Average concat_pos_e_neg_m_num_examples: 0.0 at global step: 100
INFO - 11/12/20 13:22:26 - 1:15:22 - Average concat_pos_e_neg_e_num_examples: 0.0 at global step: 100
INFO - 11/12/20 13:22:26 - 1:15:22 - Using m-m edges for training
INFO - 11/12/20 13:39:13 - 1:32:08 - Average concat_loss: 0.039737353515159515 at global step: 125
INFO - 11/12/20 13:39:13 - 1:32:08 - Average concat_num_examples: 381.12 at global step: 125
INFO - 11/12/20 13:39:13 - 1:32:08 - Average concat_pos_m_neg_m_loss: 0.039737353515159515 at global step: 125
INFO - 11/12/20 13:39:13 - 1:32:08 - Average concat_pos_m_neg_e_loss: 0.0 at global step: 125
INFO - 11/12/20 13:39:13 - 1:32:08 - Average concat_pos_e_neg_m_loss: 0.0 at global step: 125
INFO - 11/12/20 13:39:13 - 1:32:08 - Average concat_pos_e_neg_e_loss: 0.0 at global step: 125
INFO - 11/12/20 13:39:13 - 1:32:08 - Average concat_pos_m_neg_m_num_examples: 381.12 at global step: 125
INFO - 11/12/20 13:39:13 - 1:32:08 - Average concat_pos_m_neg_e_num_examples: 0.0 at global step: 125
INFO - 11/12/20 13:39:13 - 1:32:08 - Average concat_pos_e_neg_m_num_examples: 0.0 at global step: 125
INFO - 11/12/20 13:39:13 - 1:32:08 - Average concat_pos_e_neg_e_num_examples: 0.0 at global step: 125
INFO - 11/12/20 13:39:13 - 1:32:08 - Using m-m edges for training
INFO - 11/12/20 13:57:33 - 1:50:28 - Average concat_loss: 0.04299215261952463 at global step: 150
INFO - 11/12/20 13:57:33 - 1:50:28 - Average concat_num_examples: 425.6 at global step: 150
INFO - 11/12/20 13:57:33 - 1:50:28 - Average concat_pos_m_neg_m_loss: 0.04299215261952463 at global step: 150
INFO - 11/12/20 13:57:33 - 1:50:28 - Average concat_pos_m_neg_e_loss: 0.0 at global step: 150
INFO - 11/12/20 13:57:33 - 1:50:28 - Average concat_pos_e_neg_m_loss: 0.0 at global step: 150
INFO - 11/12/20 13:57:33 - 1:50:28 - Average concat_pos_e_neg_e_loss: 0.0 at global step: 150
INFO - 11/12/20 13:57:33 - 1:50:28 - Average concat_pos_m_neg_m_num_examples: 425.6 at global step: 150
INFO - 11/12/20 13:57:33 - 1:50:28 - Average concat_pos_m_neg_e_num_examples: 0.0 at global step: 150
INFO - 11/12/20 13:57:33 - 1:50:28 - Average concat_pos_e_neg_m_num_examples: 0.0 at global step: 150
INFO - 11/12/20 13:57:33 - 1:50:28 - Average concat_pos_e_neg_e_num_examples: 0.0 at global step: 150
INFO - 11/12/20 13:57:33 - 1:50:28 - Using m-m edges for training
INFO - 11/12/20 14:16:21 - 2:09:16 - Average concat_loss: 0.04143226950374453 at global step: 175
INFO - 11/12/20 14:16:21 - 2:09:16 - Average concat_num_examples: 442.56 at global step: 175
INFO - 11/12/20 14:16:21 - 2:09:16 - Average concat_pos_m_neg_m_loss: 0.04143226950374453 at global step: 175
INFO - 11/12/20 14:16:21 - 2:09:16 - Average concat_pos_m_neg_e_loss: 0.0 at global step: 175
INFO - 11/12/20 14:16:21 - 2:09:16 - Average concat_pos_e_neg_m_loss: 0.0 at global step: 175
INFO - 11/12/20 14:16:21 - 2:09:16 - Average concat_pos_e_neg_e_loss: 0.0 at global step: 175
INFO - 11/12/20 14:16:21 - 2:09:16 - Average concat_pos_m_neg_m_num_examples: 442.56 at global step: 175
INFO - 11/12/20 14:16:21 - 2:09:16 - Average concat_pos_m_neg_e_num_examples: 0.0 at global step: 175
INFO - 11/12/20 14:16:21 - 2:09:16 - Average concat_pos_e_neg_m_num_examples: 0.0 at global step: 175
INFO - 11/12/20 14:16:21 - 2:09:16 - Average concat_pos_e_neg_e_num_examples: 0.0 at global step: 175
INFO - 11/12/20 14:16:21 - 2:09:16 - Using m-m edges for training
INFO - 11/12/20 14:34:50 - 2:27:45 - Average concat_loss: 0.034255649389214396 at global step: 200
INFO - 11/12/20 14:34:50 - 2:27:45 - Average concat_num_examples: 433.6 at global step: 200
INFO - 11/12/20 14:34:50 - 2:27:45 - Average concat_pos_m_neg_m_loss: 0.034255649389214396 at global step: 200
INFO - 11/12/20 14:34:50 - 2:27:45 - Average concat_pos_m_neg_e_loss: 0.0 at global step: 200
INFO - 11/12/20 14:34:50 - 2:27:45 - Average concat_pos_e_neg_m_loss: 0.0 at global step: 200
INFO - 11/12/20 14:34:50 - 2:27:45 - Average concat_pos_e_neg_e_loss: 0.0 at global step: 200
INFO - 11/12/20 14:34:50 - 2:27:45 - Average concat_pos_m_neg_m_num_examples: 433.6 at global step: 200
INFO - 11/12/20 14:34:50 - 2:27:45 - Average concat_pos_m_neg_e_num_examples: 0.0 at global step: 200
INFO - 11/12/20 14:34:50 - 2:27:45 - Average concat_pos_e_neg_m_num_examples: 0.0 at global step: 200
INFO - 11/12/20 14:34:50 - 2:27:45 - Average concat_pos_e_neg_e_num_examples: 0.0 at global step: 200
INFO - 11/12/20 14:34:50 - 2:27:45 - Using m-m edges for training
INFO - 11/12/20 14:50:40 - 2:43:36 - Average concat_loss: 0.02310812052772888 at global step: 225
INFO - 11/12/20 14:50:40 - 2:43:36 - Average concat_num_examples: 356.0 at global step: 225
INFO - 11/12/20 14:50:40 - 2:43:36 - Average concat_pos_m_neg_m_loss: 0.02310812052772888 at global step: 225
INFO - 11/12/20 14:50:40 - 2:43:36 - Average concat_pos_m_neg_e_loss: 0.0 at global step: 225
INFO - 11/12/20 14:50:40 - 2:43:36 - Average concat_pos_e_neg_m_loss: 0.0 at global step: 225
INFO - 11/12/20 14:50:40 - 2:43:36 - Average concat_pos_e_neg_e_loss: 0.0 at global step: 225
INFO - 11/12/20 14:50:40 - 2:43:36 - Average concat_pos_m_neg_m_num_examples: 356.0 at global step: 225
INFO - 11/12/20 14:50:40 - 2:43:36 - Average concat_pos_m_neg_e_num_examples: 0.0 at global step: 225
INFO - 11/12/20 14:50:40 - 2:43:36 - Average concat_pos_e_neg_m_num_examples: 0.0 at global step: 225
INFO - 11/12/20 14:50:40 - 2:43:36 - Average concat_pos_e_neg_e_num_examples: 0.0 at global step: 225
INFO - 11/12/20 14:50:40 - 2:43:36 - Using m-m edges for training
INFO - 11/12/20 15:10:17 - 3:03:13 - Average concat_loss: 0.029218991078879774 at global step: 250
INFO - 11/12/20 15:10:17 - 3:03:13 - Average concat_num_examples: 466.24 at global step: 250
INFO - 11/12/20 15:10:17 - 3:03:13 - Average concat_pos_m_neg_m_loss: 0.029218991078879774 at global step: 250
INFO - 11/12/20 15:10:17 - 3:03:13 - Average concat_pos_m_neg_e_loss: 0.0 at global step: 250
INFO - 11/12/20 15:10:17 - 3:03:13 - Average concat_pos_e_neg_m_loss: 0.0 at global step: 250
INFO - 11/12/20 15:10:17 - 3:03:13 - Average concat_pos_e_neg_e_loss: 0.0 at global step: 250
INFO - 11/12/20 15:10:17 - 3:03:13 - Average concat_pos_m_neg_m_num_examples: 466.24 at global step: 250
INFO - 11/12/20 15:10:17 - 3:03:13 - Average concat_pos_m_neg_e_num_examples: 0.0 at global step: 250
INFO - 11/12/20 15:10:17 - 3:03:13 - Average concat_pos_e_neg_m_num_examples: 0.0 at global step: 250
INFO - 11/12/20 15:10:17 - 3:03:13 - Average concat_pos_e_neg_e_num_examples: 0.0 at global step: 250
INFO - 11/12/20 15:10:17 - 3:03:13 - Using m-m edges for training
INFO - 11/12/20 15:27:55 - 3:20:50 - Average concat_loss: 0.02066781055563399 at global step: 275
INFO - 11/12/20 15:27:55 - 3:20:50 - Average concat_num_examples: 416.0 at global step: 275
INFO - 11/12/20 15:27:55 - 3:20:50 - Average concat_pos_m_neg_m_loss: 0.02066781055563399 at global step: 275
INFO - 11/12/20 15:27:55 - 3:20:50 - Average concat_pos_m_neg_e_loss: 0.0 at global step: 275
INFO - 11/12/20 15:27:55 - 3:20:50 - Average concat_pos_e_neg_m_loss: 0.0 at global step: 275
INFO - 11/12/20 15:27:55 - 3:20:50 - Average concat_pos_e_neg_e_loss: 0.0 at global step: 275
INFO - 11/12/20 15:27:55 - 3:20:50 - Average concat_pos_m_neg_m_num_examples: 416.0 at global step: 275
INFO - 11/12/20 15:27:55 - 3:20:50 - Average concat_pos_m_neg_e_num_examples: 0.0 at global step: 275
INFO - 11/12/20 15:27:55 - 3:20:50 - Average concat_pos_e_neg_m_num_examples: 0.0 at global step: 275
INFO - 11/12/20 15:27:55 - 3:20:50 - Average concat_pos_e_neg_e_num_examples: 0.0 at global step: 275
INFO - 11/12/20 15:27:55 - 3:20:50 - Using m-m edges for training
INFO - 11/12/20 15:43:56 - 3:36:52 - Average concat_loss: 0.027145777669649974 at global step: 300
INFO - 11/12/20 15:43:56 - 3:36:52 - Average concat_num_examples: 360.8 at global step: 300
INFO - 11/12/20 15:43:56 - 3:36:52 - Average concat_pos_m_neg_m_loss: 0.027145777669649974 at global step: 300
INFO - 11/12/20 15:43:56 - 3:36:52 - Average concat_pos_m_neg_e_loss: 0.0 at global step: 300
INFO - 11/12/20 15:43:56 - 3:36:52 - Average concat_pos_e_neg_m_loss: 0.0 at global step: 300
INFO - 11/12/20 15:43:56 - 3:36:52 - Average concat_pos_e_neg_e_loss: 0.0 at global step: 300
INFO - 11/12/20 15:43:56 - 3:36:52 - Average concat_pos_m_neg_m_num_examples: 360.8 at global step: 300
INFO - 11/12/20 15:43:56 - 3:36:52 - Average concat_pos_m_neg_e_num_examples: 0.0 at global step: 300
INFO - 11/12/20 15:43:56 - 3:36:52 - Average concat_pos_e_neg_m_num_examples: 0.0 at global step: 300
INFO - 11/12/20 15:43:56 - 3:36:52 - Average concat_pos_e_neg_e_num_examples: 0.0 at global step: 300
INFO - 11/12/20 15:43:56 - 3:36:52 - Using m-m edges for training
INFO - 11/12/20 16:01:50 - 3:54:46 - Average concat_loss: 0.020772706686868692 at global step: 325
INFO - 11/12/20 16:01:50 - 3:54:46 - Average concat_num_examples: 423.36 at global step: 325
INFO - 11/12/20 16:01:50 - 3:54:46 - Average concat_pos_m_neg_m_loss: 0.020772706686868692 at global step: 325
INFO - 11/12/20 16:01:50 - 3:54:46 - Average concat_pos_m_neg_e_loss: 0.0 at global step: 325
INFO - 11/12/20 16:01:50 - 3:54:46 - Average concat_pos_e_neg_m_loss: 0.0 at global step: 325
INFO - 11/12/20 16:01:50 - 3:54:46 - Average concat_pos_e_neg_e_loss: 0.0 at global step: 325
INFO - 11/12/20 16:01:50 - 3:54:46 - Average concat_pos_m_neg_m_num_examples: 423.36 at global step: 325
INFO - 11/12/20 16:01:50 - 3:54:46 - Average concat_pos_m_neg_e_num_examples: 0.0 at global step: 325
INFO - 11/12/20 16:01:50 - 3:54:46 - Average concat_pos_e_neg_m_num_examples: 0.0 at global step: 325
INFO - 11/12/20 16:01:50 - 3:54:46 - Average concat_pos_e_neg_e_num_examples: 0.0 at global step: 325
INFO - 11/12/20 16:01:50 - 3:54:46 - Using m-m edges for training
INFO - 11/12/20 16:18:52 - 4:11:48 - Average concat_loss: 0.01608506271231379 at global step: 350
INFO - 11/12/20 16:18:52 - 4:11:48 - Average concat_num_examples: 390.56 at global step: 350
INFO - 11/12/20 16:18:52 - 4:11:48 - Average concat_pos_m_neg_m_loss: 0.01608506271231379 at global step: 350
INFO - 11/12/20 16:18:52 - 4:11:48 - Average concat_pos_m_neg_e_loss: 0.0 at global step: 350
INFO - 11/12/20 16:18:52 - 4:11:48 - Average concat_pos_e_neg_m_loss: 0.0 at global step: 350
INFO - 11/12/20 16:18:52 - 4:11:48 - Average concat_pos_e_neg_e_loss: 0.0 at global step: 350
INFO - 11/12/20 16:18:52 - 4:11:48 - Average concat_pos_m_neg_m_num_examples: 390.56 at global step: 350
INFO - 11/12/20 16:18:52 - 4:11:48 - Average concat_pos_m_neg_e_num_examples: 0.0 at global step: 350
INFO - 11/12/20 16:18:52 - 4:11:48 - Average concat_pos_e_neg_m_num_examples: 0.0 at global step: 350
INFO - 11/12/20 16:18:52 - 4:11:48 - Average concat_pos_e_neg_e_num_examples: 0.0 at global step: 350
INFO - 11/12/20 16:18:52 - 4:11:48 - Using m-m edges for training
INFO - 11/12/20 16:34:19 - 4:27:15 - Average concat_loss: 0.012600777934747424 at global step: 375
INFO - 11/12/20 16:34:19 - 4:27:15 - Average concat_num_examples: 350.56 at global step: 375
INFO - 11/12/20 16:34:19 - 4:27:15 - Average concat_pos_m_neg_m_loss: 0.012600777934747424 at global step: 375
INFO - 11/12/20 16:34:19 - 4:27:15 - Average concat_pos_m_neg_e_loss: 0.0 at global step: 375
INFO - 11/12/20 16:34:19 - 4:27:15 - Average concat_pos_e_neg_m_loss: 0.0 at global step: 375
INFO - 11/12/20 16:34:19 - 4:27:15 - Average concat_pos_e_neg_e_loss: 0.0 at global step: 375
INFO - 11/12/20 16:34:19 - 4:27:15 - Average concat_pos_m_neg_m_num_examples: 350.56 at global step: 375
INFO - 11/12/20 16:34:19 - 4:27:15 - Average concat_pos_m_neg_e_num_examples: 0.0 at global step: 375
INFO - 11/12/20 16:34:19 - 4:27:15 - Average concat_pos_e_neg_m_num_examples: 0.0 at global step: 375
INFO - 11/12/20 16:34:19 - 4:27:15 - Average concat_pos_e_neg_e_num_examples: 0.0 at global step: 375
INFO - 11/12/20 16:34:19 - 4:27:15 - Using m-m edges for training
INFO - 11/12/20 16:50:17 - 4:43:13 - Configuration saved in /mnt/nfs/scratch1/rangell/lerac/coref_entity_linking/experiments/BC5CDR/cluster_linking/exp_0_m-m/checkpoint-398/affinity_model_model/m_e_model/config.json
INFO - 11/12/20 16:50:41 - 4:43:37 - Model weights saved in /mnt/nfs/scratch1/rangell/lerac/coref_entity_linking/experiments/BC5CDR/cluster_linking/exp_0_m-m/checkpoint-398/affinity_model_model/m_e_model/pytorch_model.bin
INFO - 11/12/20 16:50:41 - 4:43:37 - Configuration saved in /mnt/nfs/scratch1/rangell/lerac/coref_entity_linking/experiments/BC5CDR/cluster_linking/exp_0_m-m/checkpoint-398/affinity_model_model/m_m_model/config.json
INFO - 11/12/20 16:51:09 - 4:44:05 - Model weights saved in /mnt/nfs/scratch1/rangell/lerac/coref_entity_linking/experiments/BC5CDR/cluster_linking/exp_0_m-m/checkpoint-398/affinity_model_model/m_m_model/pytorch_model.bin
INFO - 11/12/20 16:51:09 - 4:44:05 - ********** [END] epoch: 0 **********
INFO - 11/12/20 16:51:09 - 4:44:05 - ********** [START] epoch: 1 **********
INFO - 11/12/20 16:51:09 - 4:44:05 - num_batches: 398
INFO - 11/12/20 16:52:34 - 4:45:30 - Average concat_loss: 0.017493257999480552 at global step: 400
INFO - 11/12/20 16:52:34 - 4:45:30 - Average concat_num_examples: 399.68 at global step: 400
INFO - 11/12/20 16:52:34 - 4:45:30 - Average concat_pos_m_neg_m_loss: 0.017493257999480552 at global step: 400
INFO - 11/12/20 16:52:34 - 4:45:30 - Average concat_pos_m_neg_e_loss: 0.0 at global step: 400
INFO - 11/12/20 16:52:34 - 4:45:30 - Average concat_pos_e_neg_m_loss: 0.0 at global step: 400
INFO - 11/12/20 16:52:34 - 4:45:30 - Average concat_pos_e_neg_e_loss: 0.0 at global step: 400
INFO - 11/12/20 16:52:34 - 4:45:30 - Average concat_pos_m_neg_m_num_examples: 399.68 at global step: 400
INFO - 11/12/20 16:52:34 - 4:45:30 - Average concat_pos_m_neg_e_num_examples: 0.0 at global step: 400
INFO - 11/12/20 16:52:34 - 4:45:30 - Average concat_pos_e_neg_m_num_examples: 0.0 at global step: 400
INFO - 11/12/20 16:52:34 - 4:45:30 - Average concat_pos_e_neg_e_num_examples: 0.0 at global step: 400
INFO - 11/12/20 16:52:34 - 4:45:30 - Using m-m edges for training
INFO - 11/12/20 17:09:28 - 5:02:24 - Average concat_loss: 0.008128599438158553 at global step: 425
INFO - 11/12/20 17:09:28 - 5:02:24 - Average concat_num_examples: 388.0 at global step: 425
INFO - 11/12/20 17:09:28 - 5:02:24 - Average concat_pos_m_neg_m_loss: 0.008128599438158553 at global step: 425
INFO - 11/12/20 17:09:28 - 5:02:24 - Average concat_pos_m_neg_e_loss: 0.0 at global step: 425
INFO - 11/12/20 17:09:28 - 5:02:24 - Average concat_pos_e_neg_m_loss: 0.0 at global step: 425
INFO - 11/12/20 17:09:28 - 5:02:24 - Average concat_pos_e_neg_e_loss: 0.0 at global step: 425
INFO - 11/12/20 17:09:28 - 5:02:24 - Average concat_pos_m_neg_m_num_examples: 388.0 at global step: 425
INFO - 11/12/20 17:09:28 - 5:02:24 - Average concat_pos_m_neg_e_num_examples: 0.0 at global step: 425
INFO - 11/12/20 17:09:28 - 5:02:24 - Average concat_pos_e_neg_m_num_examples: 0.0 at global step: 425
INFO - 11/12/20 17:09:28 - 5:02:24 - Average concat_pos_e_neg_e_num_examples: 0.0 at global step: 425
INFO - 11/12/20 17:09:28 - 5:02:24 - Using m-m edges for training
INFO - 11/12/20 17:27:08 - 5:20:03 - Average concat_loss: 0.010213992226965738 at global step: 450
INFO - 11/12/20 17:27:08 - 5:20:03 - Average concat_num_examples: 412.64 at global step: 450
INFO - 11/12/20 17:27:08 - 5:20:03 - Average concat_pos_m_neg_m_loss: 0.010213992226965738 at global step: 450
INFO - 11/12/20 17:27:08 - 5:20:03 - Average concat_pos_m_neg_e_loss: 0.0 at global step: 450
INFO - 11/12/20 17:27:08 - 5:20:03 - Average concat_pos_e_neg_m_loss: 0.0 at global step: 450
INFO - 11/12/20 17:27:08 - 5:20:03 - Average concat_pos_e_neg_e_loss: 0.0 at global step: 450
INFO - 11/12/20 17:27:08 - 5:20:03 - Average concat_pos_m_neg_m_num_examples: 412.64 at global step: 450
INFO - 11/12/20 17:27:08 - 5:20:03 - Average concat_pos_m_neg_e_num_examples: 0.0 at global step: 450
INFO - 11/12/20 17:27:08 - 5:20:03 - Average concat_pos_e_neg_m_num_examples: 0.0 at global step: 450
INFO - 11/12/20 17:27:08 - 5:20:03 - Average concat_pos_e_neg_e_num_examples: 0.0 at global step: 450
INFO - 11/12/20 17:27:08 - 5:20:03 - Using m-m edges for training
INFO - 11/12/20 17:44:42 - 5:37:37 - Average concat_loss: 0.009740965116600282 at global step: 475
INFO - 11/12/20 17:44:42 - 5:37:37 - Average concat_num_examples: 398.88 at global step: 475
INFO - 11/12/20 17:44:42 - 5:37:37 - Average concat_pos_m_neg_m_loss: 0.009740965116600282 at global step: 475
INFO - 11/12/20 17:44:42 - 5:37:37 - Average concat_pos_m_neg_e_loss: 0.0 at global step: 475
INFO - 11/12/20 17:44:42 - 5:37:37 - Average concat_pos_e_neg_m_loss: 0.0 at global step: 475
INFO - 11/12/20 17:44:42 - 5:37:37 - Average concat_pos_e_neg_e_loss: 0.0 at global step: 475
INFO - 11/12/20 17:44:42 - 5:37:37 - Average concat_pos_m_neg_m_num_examples: 398.88 at global step: 475
INFO - 11/12/20 17:44:42 - 5:37:37 - Average concat_pos_m_neg_e_num_examples: 0.0 at global step: 475
INFO - 11/12/20 17:44:42 - 5:37:37 - Average concat_pos_e_neg_m_num_examples: 0.0 at global step: 475
INFO - 11/12/20 17:44:42 - 5:37:37 - Average concat_pos_e_neg_e_num_examples: 0.0 at global step: 475
INFO - 11/12/20 17:44:42 - 5:37:37 - Using m-m edges for training
INFO - 11/12/20 18:03:20 - 5:56:15 - Average concat_loss: 0.007827680914004105 at global step: 500
INFO - 11/12/20 18:03:20 - 5:56:15 - Average concat_num_examples: 432.8 at global step: 500
INFO - 11/12/20 18:03:20 - 5:56:15 - Average concat_pos_m_neg_m_loss: 0.007827680914004105 at global step: 500
INFO - 11/12/20 18:03:20 - 5:56:15 - Average concat_pos_m_neg_e_loss: 0.0 at global step: 500
INFO - 11/12/20 18:03:20 - 5:56:15 - Average concat_pos_e_neg_m_loss: 0.0 at global step: 500
INFO - 11/12/20 18:03:20 - 5:56:15 - Average concat_pos_e_neg_e_loss: 0.0 at global step: 500
INFO - 11/12/20 18:03:20 - 5:56:15 - Average concat_pos_m_neg_m_num_examples: 432.8 at global step: 500
INFO - 11/12/20 18:03:20 - 5:56:15 - Average concat_pos_m_neg_e_num_examples: 0.0 at global step: 500
INFO - 11/12/20 18:03:20 - 5:56:15 - Average concat_pos_e_neg_m_num_examples: 0.0 at global step: 500
INFO - 11/12/20 18:03:20 - 5:56:15 - Average concat_pos_e_neg_e_num_examples: 0.0 at global step: 500
INFO - 11/12/20 18:03:20 - 5:56:15 - Using m-m edges for training
INFO - 11/12/20 18:19:49 - 6:12:45 - Average concat_loss: 0.01947700126693636 at global step: 525
INFO - 11/12/20 18:19:49 - 6:12:45 - Average concat_num_examples: 376.48 at global step: 525
INFO - 11/12/20 18:19:49 - 6:12:45 - Average concat_pos_m_neg_m_loss: 0.01947700126693636 at global step: 525
INFO - 11/12/20 18:19:49 - 6:12:45 - Average concat_pos_m_neg_e_loss: 0.0 at global step: 525
INFO - 11/12/20 18:19:49 - 6:12:45 - Average concat_pos_e_neg_m_loss: 0.0 at global step: 525
INFO - 11/12/20 18:19:49 - 6:12:45 - Average concat_pos_e_neg_e_loss: 0.0 at global step: 525
INFO - 11/12/20 18:19:49 - 6:12:45 - Average concat_pos_m_neg_m_num_examples: 376.48 at global step: 525
INFO - 11/12/20 18:19:49 - 6:12:45 - Average concat_pos_m_neg_e_num_examples: 0.0 at global step: 525
INFO - 11/12/20 18:19:49 - 6:12:45 - Average concat_pos_e_neg_m_num_examples: 0.0 at global step: 525
INFO - 11/12/20 18:19:49 - 6:12:45 - Average concat_pos_e_neg_e_num_examples: 0.0 at global step: 525
INFO - 11/12/20 18:19:49 - 6:12:45 - Using m-m edges for training
INFO - 11/12/20 18:37:52 - 6:30:47 - Average concat_loss: 0.009072816339602153 at global step: 550
INFO - 11/12/20 18:37:52 - 6:30:47 - Average concat_num_examples: 417.28 at global step: 550
INFO - 11/12/20 18:37:52 - 6:30:47 - Average concat_pos_m_neg_m_loss: 0.009072816339602153 at global step: 550
INFO - 11/12/20 18:37:52 - 6:30:47 - Average concat_pos_m_neg_e_loss: 0.0 at global step: 550
INFO - 11/12/20 18:37:52 - 6:30:47 - Average concat_pos_e_neg_m_loss: 0.0 at global step: 550
INFO - 11/12/20 18:37:52 - 6:30:47 - Average concat_pos_e_neg_e_loss: 0.0 at global step: 550
INFO - 11/12/20 18:37:52 - 6:30:47 - Average concat_pos_m_neg_m_num_examples: 417.28 at global step: 550
INFO - 11/12/20 18:37:52 - 6:30:47 - Average concat_pos_m_neg_e_num_examples: 0.0 at global step: 550
INFO - 11/12/20 18:37:52 - 6:30:47 - Average concat_pos_e_neg_m_num_examples: 0.0 at global step: 550
INFO - 11/12/20 18:37:52 - 6:30:47 - Average concat_pos_e_neg_e_num_examples: 0.0 at global step: 550
INFO - 11/12/20 18:37:52 - 6:30:47 - Using m-m edges for training
INFO - 11/12/20 18:55:15 - 6:48:11 - Average concat_loss: 0.006974927463298819 at global step: 575
INFO - 11/12/20 18:55:15 - 6:48:11 - Average concat_num_examples: 398.56 at global step: 575
INFO - 11/12/20 18:55:15 - 6:48:11 - Average concat_pos_m_neg_m_loss: 0.006974927463298819 at global step: 575
INFO - 11/12/20 18:55:15 - 6:48:11 - Average concat_pos_m_neg_e_loss: 0.0 at global step: 575
INFO - 11/12/20 18:55:15 - 6:48:11 - Average concat_pos_e_neg_m_loss: 0.0 at global step: 575
INFO - 11/12/20 18:55:15 - 6:48:11 - Average concat_pos_e_neg_e_loss: 0.0 at global step: 575
INFO - 11/12/20 18:55:15 - 6:48:11 - Average concat_pos_m_neg_m_num_examples: 398.56 at global step: 575
INFO - 11/12/20 18:55:15 - 6:48:11 - Average concat_pos_m_neg_e_num_examples: 0.0 at global step: 575
INFO - 11/12/20 18:55:15 - 6:48:11 - Average concat_pos_e_neg_m_num_examples: 0.0 at global step: 575
INFO - 11/12/20 18:55:15 - 6:48:11 - Average concat_pos_e_neg_e_num_examples: 0.0 at global step: 575
INFO - 11/12/20 18:55:15 - 6:48:11 - Using m-m edges for training
INFO - 11/12/20 19:12:05 - 7:05:01 - Average concat_loss: 0.012816840836577805 at global step: 600
INFO - 11/12/20 19:12:05 - 7:05:01 - Average concat_num_examples: 386.24 at global step: 600
INFO - 11/12/20 19:12:05 - 7:05:01 - Average concat_pos_m_neg_m_loss: 0.012816840836577805 at global step: 600
INFO - 11/12/20 19:12:05 - 7:05:01 - Average concat_pos_m_neg_e_loss: 0.0 at global step: 600
INFO - 11/12/20 19:12:05 - 7:05:01 - Average concat_pos_e_neg_m_loss: 0.0 at global step: 600
INFO - 11/12/20 19:12:05 - 7:05:01 - Average concat_pos_e_neg_e_loss: 0.0 at global step: 600
INFO - 11/12/20 19:12:05 - 7:05:01 - Average concat_pos_m_neg_m_num_examples: 386.24 at global step: 600
INFO - 11/12/20 19:12:05 - 7:05:01 - Average concat_pos_m_neg_e_num_examples: 0.0 at global step: 600
INFO - 11/12/20 19:12:05 - 7:05:01 - Average concat_pos_e_neg_m_num_examples: 0.0 at global step: 600
INFO - 11/12/20 19:12:05 - 7:05:01 - Average concat_pos_e_neg_e_num_examples: 0.0 at global step: 600
INFO - 11/12/20 19:12:05 - 7:05:01 - Using m-m edges for training
INFO - 11/12/20 19:29:21 - 7:22:17 - Average concat_loss: 0.01146999754489038 at global step: 625
INFO - 11/12/20 19:29:21 - 7:22:17 - Average concat_num_examples: 405.6 at global step: 625
INFO - 11/12/20 19:29:21 - 7:22:17 - Average concat_pos_m_neg_m_loss: 0.01146999754489038 at global step: 625
INFO - 11/12/20 19:29:21 - 7:22:17 - Average concat_pos_m_neg_e_loss: 0.0 at global step: 625
INFO - 11/12/20 19:29:21 - 7:22:17 - Average concat_pos_e_neg_m_loss: 0.0 at global step: 625
INFO - 11/12/20 19:29:21 - 7:22:17 - Average concat_pos_e_neg_e_loss: 0.0 at global step: 625
INFO - 11/12/20 19:29:21 - 7:22:17 - Average concat_pos_m_neg_m_num_examples: 405.6 at global step: 625
INFO - 11/12/20 19:29:21 - 7:22:17 - Average concat_pos_m_neg_e_num_examples: 0.0 at global step: 625
INFO - 11/12/20 19:29:21 - 7:22:17 - Average concat_pos_e_neg_m_num_examples: 0.0 at global step: 625
INFO - 11/12/20 19:29:21 - 7:22:17 - Average concat_pos_e_neg_e_num_examples: 0.0 at global step: 625
INFO - 11/12/20 19:29:21 - 7:22:17 - Using m-m edges for training
INFO - 11/12/20 19:48:15 - 7:41:11 - Average concat_loss: 0.008476408634903357 at global step: 650
INFO - 11/12/20 19:48:15 - 7:41:11 - Average concat_num_examples: 443.2 at global step: 650
INFO - 11/12/20 19:48:15 - 7:41:11 - Average concat_pos_m_neg_m_loss: 0.008476408634903357 at global step: 650
INFO - 11/12/20 19:48:15 - 7:41:11 - Average concat_pos_m_neg_e_loss: 0.0 at global step: 650
INFO - 11/12/20 19:48:15 - 7:41:11 - Average concat_pos_e_neg_m_loss: 0.0 at global step: 650
INFO - 11/12/20 19:48:15 - 7:41:11 - Average concat_pos_e_neg_e_loss: 0.0 at global step: 650
INFO - 11/12/20 19:48:15 - 7:41:11 - Average concat_pos_m_neg_m_num_examples: 443.2 at global step: 650
INFO - 11/12/20 19:48:15 - 7:41:11 - Average concat_pos_m_neg_e_num_examples: 0.0 at global step: 650
INFO - 11/12/20 19:48:15 - 7:41:11 - Average concat_pos_e_neg_m_num_examples: 0.0 at global step: 650
INFO - 11/12/20 19:48:15 - 7:41:11 - Average concat_pos_e_neg_e_num_examples: 0.0 at global step: 650
INFO - 11/12/20 19:48:15 - 7:41:11 - Using m-m edges for training
INFO - 11/12/20 20:06:18 - 7:59:13 - Average concat_loss: 0.010418631807949545 at global step: 675
INFO - 11/12/20 20:06:18 - 7:59:13 - Average concat_num_examples: 424.0 at global step: 675
INFO - 11/12/20 20:06:18 - 7:59:13 - Average concat_pos_m_neg_m_loss: 0.010418631807949545 at global step: 675
INFO - 11/12/20 20:06:18 - 7:59:13 - Average concat_pos_m_neg_e_loss: 0.0 at global step: 675
INFO - 11/12/20 20:06:18 - 7:59:13 - Average concat_pos_e_neg_m_loss: 0.0 at global step: 675
INFO - 11/12/20 20:06:18 - 7:59:13 - Average concat_pos_e_neg_e_loss: 0.0 at global step: 675
INFO - 11/12/20 20:06:18 - 7:59:13 - Average concat_pos_m_neg_m_num_examples: 424.0 at global step: 675
INFO - 11/12/20 20:06:18 - 7:59:13 - Average concat_pos_m_neg_e_num_examples: 0.0 at global step: 675
INFO - 11/12/20 20:06:18 - 7:59:13 - Average concat_pos_e_neg_m_num_examples: 0.0 at global step: 675
INFO - 11/12/20 20:06:18 - 7:59:13 - Average concat_pos_e_neg_e_num_examples: 0.0 at global step: 675
INFO - 11/12/20 20:06:18 - 7:59:13 - Using m-m edges for training
INFO - 11/12/20 20:24:07 - 8:17:03 - Average concat_loss: 0.015436326744589437 at global step: 700
INFO - 11/12/20 20:24:08 - 8:17:03 - Average concat_num_examples: 416.96 at global step: 700
INFO - 11/12/20 20:24:08 - 8:17:03 - Average concat_pos_m_neg_m_loss: 0.015436326744589437 at global step: 700
INFO - 11/12/20 20:24:08 - 8:17:03 - Average concat_pos_m_neg_e_loss: 0.0 at global step: 700
INFO - 11/12/20 20:24:08 - 8:17:03 - Average concat_pos_e_neg_m_loss: 0.0 at global step: 700
INFO - 11/12/20 20:24:08 - 8:17:03 - Average concat_pos_e_neg_e_loss: 0.0 at global step: 700
INFO - 11/12/20 20:24:08 - 8:17:03 - Average concat_pos_m_neg_m_num_examples: 416.96 at global step: 700
INFO - 11/12/20 20:24:08 - 8:17:03 - Average concat_pos_m_neg_e_num_examples: 0.0 at global step: 700
INFO - 11/12/20 20:24:08 - 8:17:03 - Average concat_pos_e_neg_m_num_examples: 0.0 at global step: 700
INFO - 11/12/20 20:24:08 - 8:17:03 - Average concat_pos_e_neg_e_num_examples: 0.0 at global step: 700
INFO - 11/12/20 20:24:08 - 8:17:03 - Using m-m edges for training
INFO - 11/12/20 20:42:28 - 8:35:24 - Average concat_loss: 0.014131497101134647 at global step: 725
INFO - 11/12/20 20:42:28 - 8:35:24 - Average concat_num_examples: 426.72 at global step: 725
INFO - 11/12/20 20:42:28 - 8:35:24 - Average concat_pos_m_neg_m_loss: 0.014131497101134647 at global step: 725
INFO - 11/12/20 20:42:28 - 8:35:24 - Average concat_pos_m_neg_e_loss: 0.0 at global step: 725
INFO - 11/12/20 20:42:28 - 8:35:24 - Average concat_pos_e_neg_m_loss: 0.0 at global step: 725
INFO - 11/12/20 20:42:28 - 8:35:24 - Average concat_pos_e_neg_e_loss: 0.0 at global step: 725
INFO - 11/12/20 20:42:28 - 8:35:24 - Average concat_pos_m_neg_m_num_examples: 426.72 at global step: 725
INFO - 11/12/20 20:42:28 - 8:35:24 - Average concat_pos_m_neg_e_num_examples: 0.0 at global step: 725
INFO - 11/12/20 20:42:28 - 8:35:24 - Average concat_pos_e_neg_m_num_examples: 0.0 at global step: 725
INFO - 11/12/20 20:42:28 - 8:35:24 - Average concat_pos_e_neg_e_num_examples: 0.0 at global step: 725
INFO - 11/12/20 20:42:28 - 8:35:24 - Using m-m edges for training
INFO - 11/12/20 20:59:32 - 8:52:27 - Average concat_loss: 0.007218531733379973 at global step: 750
INFO - 11/12/20 20:59:32 - 8:52:28 - Average concat_num_examples: 395.2 at global step: 750
INFO - 11/12/20 20:59:32 - 8:52:28 - Average concat_pos_m_neg_m_loss: 0.007218531733379973 at global step: 750
INFO - 11/12/20 20:59:32 - 8:52:28 - Average concat_pos_m_neg_e_loss: 0.0 at global step: 750
INFO - 11/12/20 20:59:32 - 8:52:28 - Average concat_pos_e_neg_m_loss: 0.0 at global step: 750
INFO - 11/12/20 20:59:32 - 8:52:28 - Average concat_pos_e_neg_e_loss: 0.0 at global step: 750
INFO - 11/12/20 20:59:32 - 8:52:28 - Average concat_pos_m_neg_m_num_examples: 395.2 at global step: 750
INFO - 11/12/20 20:59:32 - 8:52:28 - Average concat_pos_m_neg_e_num_examples: 0.0 at global step: 750
INFO - 11/12/20 20:59:32 - 8:52:28 - Average concat_pos_e_neg_m_num_examples: 0.0 at global step: 750
INFO - 11/12/20 20:59:32 - 8:52:28 - Average concat_pos_e_neg_e_num_examples: 0.0 at global step: 750
INFO - 11/12/20 20:59:32 - 8:52:28 - Using m-m edges for training
INFO - 11/12/20 21:17:19 - 9:10:15 - Average concat_loss: 0.019010389327176882 at global step: 775
INFO - 11/12/20 21:17:19 - 9:10:15 - Average concat_num_examples: 415.84 at global step: 775
INFO - 11/12/20 21:17:19 - 9:10:15 - Average concat_pos_m_neg_m_loss: 0.019010389327176882 at global step: 775
INFO - 11/12/20 21:17:19 - 9:10:15 - Average concat_pos_m_neg_e_loss: 0.0 at global step: 775
INFO - 11/12/20 21:17:19 - 9:10:15 - Average concat_pos_e_neg_m_loss: 0.0 at global step: 775
INFO - 11/12/20 21:17:19 - 9:10:15 - Average concat_pos_e_neg_e_loss: 0.0 at global step: 775
INFO - 11/12/20 21:17:19 - 9:10:15 - Average concat_pos_m_neg_m_num_examples: 415.84 at global step: 775
INFO - 11/12/20 21:17:19 - 9:10:15 - Average concat_pos_m_neg_e_num_examples: 0.0 at global step: 775
INFO - 11/12/20 21:17:19 - 9:10:15 - Average concat_pos_e_neg_m_num_examples: 0.0 at global step: 775
INFO - 11/12/20 21:17:19 - 9:10:15 - Average concat_pos_e_neg_e_num_examples: 0.0 at global step: 775
INFO - 11/12/20 21:17:19 - 9:10:15 - Using m-m edges for training
INFO - 11/12/20 21:32:01 - 9:24:56 - Configuration saved in /mnt/nfs/scratch1/rangell/lerac/coref_entity_linking/experiments/BC5CDR/cluster_linking/exp_0_m-m/checkpoint-796/affinity_model_model/m_e_model/config.json
INFO - 11/12/20 21:32:19 - 9:25:14 - Model weights saved in /mnt/nfs/scratch1/rangell/lerac/coref_entity_linking/experiments/BC5CDR/cluster_linking/exp_0_m-m/checkpoint-796/affinity_model_model/m_e_model/pytorch_model.bin
INFO - 11/12/20 21:32:21 - 9:25:16 - Configuration saved in /mnt/nfs/scratch1/rangell/lerac/coref_entity_linking/experiments/BC5CDR/cluster_linking/exp_0_m-m/checkpoint-796/affinity_model_model/m_m_model/config.json
INFO - 11/12/20 21:32:36 - 9:25:31 - Model weights saved in /mnt/nfs/scratch1/rangell/lerac/coref_entity_linking/experiments/BC5CDR/cluster_linking/exp_0_m-m/checkpoint-796/affinity_model_model/m_m_model/pytorch_model.bin
INFO - 11/12/20 21:32:40 - 9:25:35 - ********** [END] epoch: 1 **********
INFO - 11/12/20 21:32:40 - 9:25:35 - ********** [START] epoch: 2 **********
INFO - 11/12/20 21:32:40 - 9:25:35 - num_batches: 398
INFO - 11/12/20 21:35:14 - 9:28:10 - Average concat_loss: 0.007885176951359391 at global step: 800
INFO - 11/12/20 21:35:15 - 9:28:10 - Average concat_num_examples: 388.64 at global step: 800
INFO - 11/12/20 21:35:15 - 9:28:10 - Average concat_pos_m_neg_m_loss: 0.007885176951359391 at global step: 800
INFO - 11/12/20 21:35:15 - 9:28:10 - Average concat_pos_m_neg_e_loss: 0.0 at global step: 800
INFO - 11/12/20 21:35:15 - 9:28:10 - Average concat_pos_e_neg_m_loss: 0.0 at global step: 800
INFO - 11/12/20 21:35:15 - 9:28:10 - Average concat_pos_e_neg_e_loss: 0.0 at global step: 800
INFO - 11/12/20 21:35:15 - 9:28:10 - Average concat_pos_m_neg_m_num_examples: 388.64 at global step: 800
INFO - 11/12/20 21:35:15 - 9:28:10 - Average concat_pos_m_neg_e_num_examples: 0.0 at global step: 800
INFO - 11/12/20 21:35:15 - 9:28:10 - Average concat_pos_e_neg_m_num_examples: 0.0 at global step: 800
INFO - 11/12/20 21:35:15 - 9:28:10 - Average concat_pos_e_neg_e_num_examples: 0.0 at global step: 800
INFO - 11/12/20 21:35:15 - 9:28:10 - Using m-m edges for training
INFO - 11/12/20 21:53:16 - 9:46:11 - Average concat_loss: 0.0035029979285594415 at global step: 825
INFO - 11/12/20 21:53:16 - 9:46:12 - Average concat_num_examples: 413.76 at global step: 825
INFO - 11/12/20 21:53:16 - 9:46:12 - Average concat_pos_m_neg_m_loss: 0.0035029979285594415 at global step: 825
INFO - 11/12/20 21:53:16 - 9:46:12 - Average concat_pos_m_neg_e_loss: 0.0 at global step: 825
INFO - 11/12/20 21:53:16 - 9:46:12 - Average concat_pos_e_neg_m_loss: 0.0 at global step: 825
INFO - 11/12/20 21:53:16 - 9:46:12 - Average concat_pos_e_neg_e_loss: 0.0 at global step: 825
INFO - 11/12/20 21:53:16 - 9:46:12 - Average concat_pos_m_neg_m_num_examples: 413.76 at global step: 825
INFO - 11/12/20 21:53:16 - 9:46:12 - Average concat_pos_m_neg_e_num_examples: 0.0 at global step: 825
INFO - 11/12/20 21:53:16 - 9:46:12 - Average concat_pos_e_neg_m_num_examples: 0.0 at global step: 825
INFO - 11/12/20 21:53:16 - 9:46:12 - Average concat_pos_e_neg_e_num_examples: 0.0 at global step: 825
INFO - 11/12/20 21:53:16 - 9:46:12 - Using m-m edges for training
INFO - 11/12/20 22:12:38 - 10:05:33 - Average concat_loss: 0.0013053020163087028 at global step: 850
INFO - 11/12/20 22:12:38 - 10:05:34 - Average concat_num_examples: 454.08 at global step: 850
INFO - 11/12/20 22:12:38 - 10:05:34 - Average concat_pos_m_neg_m_loss: 0.0013053020163087028 at global step: 850
INFO - 11/12/20 22:12:38 - 10:05:34 - Average concat_pos_m_neg_e_loss: 0.0 at global step: 850
INFO - 11/12/20 22:12:38 - 10:05:34 - Average concat_pos_e_neg_m_loss: 0.0 at global step: 850
INFO - 11/12/20 22:12:38 - 10:05:34 - Average concat_pos_e_neg_e_loss: 0.0 at global step: 850
INFO - 11/12/20 22:12:38 - 10:05:34 - Average concat_pos_m_neg_m_num_examples: 454.08 at global step: 850
INFO - 11/12/20 22:12:38 - 10:05:34 - Average concat_pos_m_neg_e_num_examples: 0.0 at global step: 850
INFO - 11/12/20 22:12:38 - 10:05:34 - Average concat_pos_e_neg_m_num_examples: 0.0 at global step: 850
INFO - 11/12/20 22:12:38 - 10:05:34 - Average concat_pos_e_neg_e_num_examples: 0.0 at global step: 850
INFO - 11/12/20 22:12:38 - 10:05:34 - Using m-m edges for training
INFO - 11/12/20 22:30:38 - 10:23:34 - Average concat_loss: 0.0018226549407219421 at global step: 875
INFO - 11/12/20 22:30:39 - 10:23:34 - Average concat_num_examples: 424.16 at global step: 875
INFO - 11/12/20 22:30:39 - 10:23:34 - Average concat_pos_m_neg_m_loss: 0.0018226549407219421 at global step: 875
INFO - 11/12/20 22:30:39 - 10:23:34 - Average concat_pos_m_neg_e_loss: 0.0 at global step: 875
INFO - 11/12/20 22:30:39 - 10:23:34 - Average concat_pos_e_neg_m_loss: 0.0 at global step: 875
INFO - 11/12/20 22:30:39 - 10:23:34 - Average concat_pos_e_neg_e_loss: 0.0 at global step: 875
INFO - 11/12/20 22:30:39 - 10:23:34 - Average concat_pos_m_neg_m_num_examples: 424.16 at global step: 875
INFO - 11/12/20 22:30:39 - 10:23:34 - Average concat_pos_m_neg_e_num_examples: 0.0 at global step: 875
INFO - 11/12/20 22:30:39 - 10:23:34 - Average concat_pos_e_neg_m_num_examples: 0.0 at global step: 875
INFO - 11/12/20 22:30:39 - 10:23:34 - Average concat_pos_e_neg_e_num_examples: 0.0 at global step: 875
INFO - 11/12/20 22:30:39 - 10:23:34 - Using m-m edges for training
INFO - 11/12/20 22:49:45 - 10:42:39 - Average concat_loss: 0.0006035059590743959 at global step: 900
INFO - 11/12/20 22:49:45 - 10:42:41 - Average concat_num_examples: 448.48 at global step: 900
INFO - 11/12/20 22:49:45 - 10:42:41 - Average concat_pos_m_neg_m_loss: 0.0006035059590743959 at global step: 900
INFO - 11/12/20 22:49:45 - 10:42:41 - Average concat_pos_m_neg_e_loss: 0.0 at global step: 900
INFO - 11/12/20 22:49:45 - 10:42:41 - Average concat_pos_e_neg_m_loss: 0.0 at global step: 900
INFO - 11/12/20 22:49:45 - 10:42:41 - Average concat_pos_e_neg_e_loss: 0.0 at global step: 900
INFO - 11/12/20 22:49:45 - 10:42:41 - Average concat_pos_m_neg_m_num_examples: 448.48 at global step: 900
INFO - 11/12/20 22:49:45 - 10:42:41 - Average concat_pos_m_neg_e_num_examples: 0.0 at global step: 900
INFO - 11/12/20 22:49:45 - 10:42:41 - Average concat_pos_e_neg_m_num_examples: 0.0 at global step: 900
INFO - 11/12/20 22:49:45 - 10:42:41 - Average concat_pos_e_neg_e_num_examples: 0.0 at global step: 900
INFO - 11/12/20 22:49:45 - 10:42:41 - Using m-m edges for training
INFO - 11/12/20 23:07:08 - 11:00:03 - Average concat_loss: 0.005399246056010899 at global step: 925
INFO - 11/12/20 23:07:08 - 11:00:03 - Average concat_num_examples: 404.16 at global step: 925
INFO - 11/12/20 23:07:08 - 11:00:03 - Average concat_pos_m_neg_m_loss: 0.005399246056010899 at global step: 925
INFO - 11/12/20 23:07:08 - 11:00:03 - Average concat_pos_m_neg_e_loss: 0.0 at global step: 925
INFO - 11/12/20 23:07:08 - 11:00:03 - Average concat_pos_e_neg_m_loss: 0.0 at global step: 925
INFO - 11/12/20 23:07:08 - 11:00:03 - Average concat_pos_e_neg_e_loss: 0.0 at global step: 925
INFO - 11/12/20 23:07:08 - 11:00:03 - Average concat_pos_m_neg_m_num_examples: 404.16 at global step: 925
INFO - 11/12/20 23:07:08 - 11:00:03 - Average concat_pos_m_neg_e_num_examples: 0.0 at global step: 925
INFO - 11/12/20 23:07:08 - 11:00:03 - Average concat_pos_e_neg_m_num_examples: 0.0 at global step: 925
INFO - 11/12/20 23:07:08 - 11:00:03 - Average concat_pos_e_neg_e_num_examples: 0.0 at global step: 925
INFO - 11/12/20 23:07:08 - 11:00:03 - Using m-m edges for training
INFO - 11/12/20 23:26:11 - 11:19:07 - Average concat_loss: 0.0009075940487945959 at global step: 950
INFO - 11/12/20 23:26:11 - 11:19:07 - Average concat_num_examples: 447.68 at global step: 950
INFO - 11/12/20 23:26:11 - 11:19:07 - Average concat_pos_m_neg_m_loss: 0.0009075940487945959 at global step: 950
INFO - 11/12/20 23:26:11 - 11:19:07 - Average concat_pos_m_neg_e_loss: 0.0 at global step: 950
INFO - 11/12/20 23:26:11 - 11:19:07 - Average concat_pos_e_neg_m_loss: 0.0 at global step: 950
INFO - 11/12/20 23:26:11 - 11:19:07 - Average concat_pos_e_neg_e_loss: 0.0 at global step: 950
INFO - 11/12/20 23:26:11 - 11:19:07 - Average concat_pos_m_neg_m_num_examples: 447.68 at global step: 950
INFO - 11/12/20 23:26:11 - 11:19:07 - Average concat_pos_m_neg_e_num_examples: 0.0 at global step: 950
INFO - 11/12/20 23:26:11 - 11:19:07 - Average concat_pos_e_neg_m_num_examples: 0.0 at global step: 950
INFO - 11/12/20 23:26:11 - 11:19:07 - Average concat_pos_e_neg_e_num_examples: 0.0 at global step: 950
INFO - 11/12/20 23:26:11 - 11:19:07 - Using m-m edges for training
INFO - 11/12/20 23:42:53 - 11:35:48 - Average concat_loss: 0.0027055006162968413 at global step: 975
INFO - 11/12/20 23:42:53 - 11:35:48 - Average concat_num_examples: 375.84 at global step: 975
INFO - 11/12/20 23:42:53 - 11:35:48 - Average concat_pos_m_neg_m_loss: 0.0027055006162968413 at global step: 975
INFO - 11/12/20 23:42:53 - 11:35:48 - Average concat_pos_m_neg_e_loss: 0.0 at global step: 975
INFO - 11/12/20 23:42:53 - 11:35:48 - Average concat_pos_e_neg_m_loss: 0.0 at global step: 975
INFO - 11/12/20 23:42:53 - 11:35:48 - Average concat_pos_e_neg_e_loss: 0.0 at global step: 975
INFO - 11/12/20 23:42:53 - 11:35:48 - Average concat_pos_m_neg_m_num_examples: 375.84 at global step: 975
INFO - 11/12/20 23:42:53 - 11:35:48 - Average concat_pos_m_neg_e_num_examples: 0.0 at global step: 975
INFO - 11/12/20 23:42:53 - 11:35:48 - Average concat_pos_e_neg_m_num_examples: 0.0 at global step: 975
INFO - 11/12/20 23:42:53 - 11:35:48 - Average concat_pos_e_neg_e_num_examples: 0.0 at global step: 975
INFO - 11/12/20 23:42:53 - 11:35:48 - Using m-m edges for training
INFO - 11/13/20 00:00:05 - 11:53:01 - Average concat_loss: 0.004946059768644378 at global step: 1000
INFO - 11/13/20 00:00:05 - 11:53:01 - Average concat_num_examples: 400.16 at global step: 1000
INFO - 11/13/20 00:00:05 - 11:53:01 - Average concat_pos_m_neg_m_loss: 0.004946059768644378 at global step: 1000
INFO - 11/13/20 00:00:05 - 11:53:01 - Average concat_pos_m_neg_e_loss: 0.0 at global step: 1000
INFO - 11/13/20 00:00:05 - 11:53:01 - Average concat_pos_e_neg_m_loss: 0.0 at global step: 1000
INFO - 11/13/20 00:00:05 - 11:53:01 - Average concat_pos_e_neg_e_loss: 0.0 at global step: 1000
INFO - 11/13/20 00:00:05 - 11:53:01 - Average concat_pos_m_neg_m_num_examples: 400.16 at global step: 1000
INFO - 11/13/20 00:00:05 - 11:53:01 - Average concat_pos_m_neg_e_num_examples: 0.0 at global step: 1000
INFO - 11/13/20 00:00:05 - 11:53:01 - Average concat_pos_e_neg_m_num_examples: 0.0 at global step: 1000
INFO - 11/13/20 00:00:05 - 11:53:01 - Average concat_pos_e_neg_e_num_examples: 0.0 at global step: 1000
INFO - 11/13/20 00:00:05 - 11:53:01 - Using m-m edges for training
INFO - 11/13/20 00:18:37 - 12:11:32 - Average concat_loss: 0.0035208406754985546 at global step: 1025
INFO - 11/13/20 00:18:37 - 12:11:33 - Average concat_num_examples: 435.36 at global step: 1025
INFO - 11/13/20 00:18:37 - 12:11:33 - Average concat_pos_m_neg_m_loss: 0.0035208406754985546 at global step: 1025
INFO - 11/13/20 00:18:37 - 12:11:33 - Average concat_pos_m_neg_e_loss: 0.0 at global step: 1025
INFO - 11/13/20 00:18:37 - 12:11:33 - Average concat_pos_e_neg_m_loss: 0.0 at global step: 1025
INFO - 11/13/20 00:18:37 - 12:11:33 - Average concat_pos_e_neg_e_loss: 0.0 at global step: 1025
INFO - 11/13/20 00:18:37 - 12:11:33 - Average concat_pos_m_neg_m_num_examples: 435.36 at global step: 1025
INFO - 11/13/20 00:18:37 - 12:11:33 - Average concat_pos_m_neg_e_num_examples: 0.0 at global step: 1025
INFO - 11/13/20 00:18:37 - 12:11:33 - Average concat_pos_e_neg_m_num_examples: 0.0 at global step: 1025
INFO - 11/13/20 00:18:37 - 12:11:33 - Average concat_pos_e_neg_e_num_examples: 0.0 at global step: 1025
INFO - 11/13/20 00:18:37 - 12:11:33 - Using m-m edges for training
INFO - 11/13/20 00:34:18 - 12:27:13 - Average concat_loss: 0.003583559954434033 at global step: 1050
INFO - 11/13/20 00:34:18 - 12:27:14 - Average concat_num_examples: 355.52 at global step: 1050
INFO - 11/13/20 00:34:18 - 12:27:14 - Average concat_pos_m_neg_m_loss: 0.003583559954434033 at global step: 1050
INFO - 11/13/20 00:34:18 - 12:27:14 - Average concat_pos_m_neg_e_loss: 0.0 at global step: 1050
INFO - 11/13/20 00:34:18 - 12:27:14 - Average concat_pos_e_neg_m_loss: 0.0 at global step: 1050
INFO - 11/13/20 00:34:18 - 12:27:14 - Average concat_pos_e_neg_e_loss: 0.0 at global step: 1050
INFO - 11/13/20 00:34:18 - 12:27:14 - Average concat_pos_m_neg_m_num_examples: 355.52 at global step: 1050
INFO - 11/13/20 00:34:18 - 12:27:14 - Average concat_pos_m_neg_e_num_examples: 0.0 at global step: 1050
INFO - 11/13/20 00:34:18 - 12:27:14 - Average concat_pos_e_neg_m_num_examples: 0.0 at global step: 1050
INFO - 11/13/20 00:34:18 - 12:27:14 - Average concat_pos_e_neg_e_num_examples: 0.0 at global step: 1050
INFO - 11/13/20 00:34:18 - 12:27:14 - Using m-m edges for training
INFO - 11/13/20 00:50:40 - 12:43:35 - Average concat_loss: 0.0028084121281965217 at global step: 1075
INFO - 11/13/20 00:50:42 - 12:43:37 - Average concat_num_examples: 367.2 at global step: 1075
INFO - 11/13/20 00:50:42 - 12:43:37 - Average concat_pos_m_neg_m_loss: 0.0028084121281965217 at global step: 1075
INFO - 11/13/20 00:50:42 - 12:43:37 - Average concat_pos_m_neg_e_loss: 0.0 at global step: 1075
INFO - 11/13/20 00:50:42 - 12:43:37 - Average concat_pos_e_neg_m_loss: 0.0 at global step: 1075
INFO - 11/13/20 00:50:42 - 12:43:37 - Average concat_pos_e_neg_e_loss: 0.0 at global step: 1075
INFO - 11/13/20 00:50:42 - 12:43:37 - Average concat_pos_m_neg_m_num_examples: 367.2 at global step: 1075
INFO - 11/13/20 00:50:42 - 12:43:37 - Average concat_pos_m_neg_e_num_examples: 0.0 at global step: 1075
INFO - 11/13/20 00:50:42 - 12:43:37 - Average concat_pos_e_neg_m_num_examples: 0.0 at global step: 1075
INFO - 11/13/20 00:50:42 - 12:43:37 - Average concat_pos_e_neg_e_num_examples: 0.0 at global step: 1075
INFO - 11/13/20 00:50:42 - 12:43:37 - Using m-m edges for training
INFO - 11/13/20 01:07:57 - 13:00:52 - Average concat_loss: 0.00322392251126282 at global step: 1100
INFO - 11/13/20 01:07:57 - 13:00:52 - Average concat_num_examples: 395.04 at global step: 1100
INFO - 11/13/20 01:07:57 - 13:00:52 - Average concat_pos_m_neg_m_loss: 0.00322392251126282 at global step: 1100
INFO - 11/13/20 01:07:57 - 13:00:52 - Average concat_pos_m_neg_e_loss: 0.0 at global step: 1100
INFO - 11/13/20 01:07:57 - 13:00:52 - Average concat_pos_e_neg_m_loss: 0.0 at global step: 1100
INFO - 11/13/20 01:07:57 - 13:00:52 - Average concat_pos_e_neg_e_loss: 0.0 at global step: 1100
INFO - 11/13/20 01:07:57 - 13:00:52 - Average concat_pos_m_neg_m_num_examples: 395.04 at global step: 1100
INFO - 11/13/20 01:07:57 - 13:00:52 - Average concat_pos_m_neg_e_num_examples: 0.0 at global step: 1100
INFO - 11/13/20 01:07:57 - 13:00:52 - Average concat_pos_e_neg_m_num_examples: 0.0 at global step: 1100
INFO - 11/13/20 01:07:57 - 13:00:52 - Average concat_pos_e_neg_e_num_examples: 0.0 at global step: 1100
INFO - 11/13/20 01:07:57 - 13:00:52 - Using m-m edges for training
INFO - 11/13/20 01:26:09 - 13:19:04 - Average concat_loss: 0.009264258289484602 at global step: 1125
INFO - 11/13/20 01:26:09 - 13:19:04 - Average concat_num_examples: 425.12 at global step: 1125
INFO - 11/13/20 01:26:09 - 13:19:04 - Average concat_pos_m_neg_m_loss: 0.009264258289484602 at global step: 1125
INFO - 11/13/20 01:26:09 - 13:19:04 - Average concat_pos_m_neg_e_loss: 0.0 at global step: 1125
INFO - 11/13/20 01:26:09 - 13:19:04 - Average concat_pos_e_neg_m_loss: 0.0 at global step: 1125
INFO - 11/13/20 01:26:09 - 13:19:04 - Average concat_pos_e_neg_e_loss: 0.0 at global step: 1125
INFO - 11/13/20 01:26:09 - 13:19:04 - Average concat_pos_m_neg_m_num_examples: 425.12 at global step: 1125
INFO - 11/13/20 01:26:09 - 13:19:04 - Average concat_pos_m_neg_e_num_examples: 0.0 at global step: 1125
INFO - 11/13/20 01:26:09 - 13:19:04 - Average concat_pos_e_neg_m_num_examples: 0.0 at global step: 1125
INFO - 11/13/20 01:26:09 - 13:19:04 - Average concat_pos_e_neg_e_num_examples: 0.0 at global step: 1125
INFO - 11/13/20 01:26:09 - 13:19:04 - Using m-m edges for training
INFO - 11/13/20 01:42:36 - 13:35:32 - Average concat_loss: 0.00861171096160233 at global step: 1150
INFO - 11/13/20 01:42:36 - 13:35:32 - Average concat_num_examples: 379.84 at global step: 1150
INFO - 11/13/20 01:42:36 - 13:35:32 - Average concat_pos_m_neg_m_loss: 0.00861171096160233 at global step: 1150
INFO - 11/13/20 01:42:36 - 13:35:32 - Average concat_pos_m_neg_e_loss: 0.0 at global step: 1150
INFO - 11/13/20 01:42:36 - 13:35:32 - Average concat_pos_e_neg_m_loss: 0.0 at global step: 1150
INFO - 11/13/20 01:42:36 - 13:35:32 - Average concat_pos_e_neg_e_loss: 0.0 at global step: 1150
INFO - 11/13/20 01:42:36 - 13:35:32 - Average concat_pos_m_neg_m_num_examples: 379.84 at global step: 1150
INFO - 11/13/20 01:42:36 - 13:35:32 - Average concat_pos_m_neg_e_num_examples: 0.0 at global step: 1150
INFO - 11/13/20 01:42:36 - 13:35:32 - Average concat_pos_e_neg_m_num_examples: 0.0 at global step: 1150
INFO - 11/13/20 01:42:36 - 13:35:32 - Average concat_pos_e_neg_e_num_examples: 0.0 at global step: 1150
INFO - 11/13/20 01:42:36 - 13:35:32 - Using m-m edges for training
INFO - 11/13/20 02:00:34 - 13:53:30 - Average concat_loss: 0.0021699198776200922 at global step: 1175
INFO - 11/13/20 02:00:34 - 13:53:30 - Average concat_num_examples: 413.92 at global step: 1175
INFO - 11/13/20 02:00:34 - 13:53:30 - Average concat_pos_m_neg_m_loss: 0.0021699198776200922 at global step: 1175
INFO - 11/13/20 02:00:34 - 13:53:30 - Average concat_pos_m_neg_e_loss: 0.0 at global step: 1175
INFO - 11/13/20 02:00:34 - 13:53:30 - Average concat_pos_e_neg_m_loss: 0.0 at global step: 1175
INFO - 11/13/20 02:00:34 - 13:53:30 - Average concat_pos_e_neg_e_loss: 0.0 at global step: 1175
INFO - 11/13/20 02:00:34 - 13:53:30 - Average concat_pos_m_neg_m_num_examples: 413.92 at global step: 1175
INFO - 11/13/20 02:00:34 - 13:53:30 - Average concat_pos_m_neg_e_num_examples: 0.0 at global step: 1175
INFO - 11/13/20 02:00:34 - 13:53:30 - Average concat_pos_e_neg_m_num_examples: 0.0 at global step: 1175
INFO - 11/13/20 02:00:34 - 13:53:30 - Average concat_pos_e_neg_e_num_examples: 0.0 at global step: 1175
INFO - 11/13/20 02:00:34 - 13:53:30 - Using m-m edges for training
INFO - 11/13/20 02:13:39 - 14:06:35 - Configuration saved in /mnt/nfs/scratch1/rangell/lerac/coref_entity_linking/experiments/BC5CDR/cluster_linking/exp_0_m-m/checkpoint-1194/affinity_model_model/m_e_model/config.json
INFO - 11/13/20 02:13:59 - 14:06:54 - Model weights saved in /mnt/nfs/scratch1/rangell/lerac/coref_entity_linking/experiments/BC5CDR/cluster_linking/exp_0_m-m/checkpoint-1194/affinity_model_model/m_e_model/pytorch_model.bin
INFO - 11/13/20 02:14:02 - 14:06:58 - Configuration saved in /mnt/nfs/scratch1/rangell/lerac/coref_entity_linking/experiments/BC5CDR/cluster_linking/exp_0_m-m/checkpoint-1194/affinity_model_model/m_m_model/config.json
INFO - 11/13/20 02:14:43 - 14:07:39 - Model weights saved in /mnt/nfs/scratch1/rangell/lerac/coref_entity_linking/experiments/BC5CDR/cluster_linking/exp_0_m-m/checkpoint-1194/affinity_model_model/m_m_model/pytorch_model.bin
INFO - 11/13/20 02:14:44 - 14:07:40 - ********** [END] epoch: 2 **********
INFO - 11/13/20 02:14:44 - 14:07:40 - Training complete
