WARNING - 11/15/20 19:46:58 - 0:00:00 - Process rank: 3, device: cuda:3, n_gpu: 1, distributed training: True, 16-bits training: False
INFO - 11/15/20 19:46:58 - 0:00:00 - ============ Initialized logger ============
WARNING - 11/15/20 19:46:58 - 0:00:00 - Process rank: 1, device: cuda:1, n_gpu: 1, distributed training: True, 16-bits training: False
INFO - 11/15/20 19:46:58 - 0:00:00 - adam_epsilon: 1e-08
                                     alpha: None
                                     available_entities: candidates_only
                                     cache_dir: 
                                     clustering_domain: within_doc
                                     command: python src/main.py --local_rank=0 --data_dir '/local/coref_entity_linking/data/BC5CDR-c/' --model_type 'bert' --model_name_or_path 'models/biobert_v1.1_pubmed/' --task_name 'cluster_linking' --output_dir '/mnt/nfs/scratch1/rangell/lerac/coref_entity_linking/experiments/BC5CDR-c/cluster_linking/exp_0_m-e/' --log_dir '/mnt/nfs/scratch1/rangell/lerac/coref_entity_linking/logs/' --do_train --max_seq_length '128' --seq_embed_dim '128' --embed_pooling_strategy 'pool_highlighted_outputs' --concat_pooling_strategy 'pool_highlighted_outputs' --clustering_domain 'within_doc' --available_entities 'candidates_only' --mention_negatives 'random' --training_method 'triplet_max_margin' --pair_gen_method 'mst' --training_edges_considered 'm-e' --k '128' --num_train_negs '24' --margin '0.7' --warmup_steps '100' --learning_rate '5e-5' --max_grad_norm '1.0' --num_clusters_per_macro_batch '16' --per_gpu_train_batch_size '16' --per_gpu_infer_batch_size '256' --num_train_epochs '5' --logging_steps '25' --knn_refresh_steps '-1' --train_domains 'train' 'entity_documents' --val_domains 'val' 'entity_documents'
                                     concat_pooling_strategy: pool_highlighted_outputs
                                     config_name: 
                                     data_dir: /local/coref_entity_linking/data/BC5CDR-c/
                                     device: cuda:0
                                     disable_logging: False
                                     do_lower_case: False
                                     do_test: False
                                     do_train: True
                                     do_train_eval: False
                                     do_val: False
                                     dump_coref_candidate_sets: False
                                     embed_pooling_strategy: pool_highlighted_outputs
                                     eval_all_checkpoints: False
                                     eval_coref_threshold: None
                                     evaluate_during_training: False
                                     fp16: False
                                     fp16_opt_level: O1
                                     git_hash: eac0eb1432d3e5d5697f972ba9f55260a6a71f7d
                                     gradient_accumulation_steps: 1
                                     k: 128
                                     knn_refresh_steps: -1
                                     learning_rate: 5e-05
                                     local_rank: 0
                                     log_dir: /mnt/nfs/scratch1/rangell/lerac/coref_entity_linking/logs/
                                     logging_steps: 25
                                     margin: 0.7
                                     max_grad_norm: 1.0
                                     max_seq_length: 128
                                     max_steps: -1
                                     mention_negatives: random
                                     model_name_or_path: models/biobert_v1.1_pubmed/
                                     model_type: bert
                                     n_gpu: 1
                                     no_cuda: False
                                     num_candidates: 64
                                     num_candidates_per_example: 16
                                     num_clusters_per_macro_batch: 16
                                     num_context_codes: 4
                                     num_dataloader_workers: 0
                                     num_train_epochs: 5
                                     num_train_negs: 24
                                     output_dir: /mnt/nfs/scratch1/rangell/lerac/coref_entity_linking/experiments/BC5CDR-c/cluster_linking/exp_0_m-e/
                                     overwrite_cache: False
                                     overwrite_output_dir: False
                                     pair_gen_method: mst
                                     per_gpu_infer_batch_size: 256
                                     per_gpu_train_batch_size: 16
                                     sample_size: None
                                     save_steps: 50
                                     seed: 42
                                     seq_embed_dim: 128
                                     server_ip: 
                                     server_port: 
                                     task_name: cluster_linking
                                     test_domains: None
                                     test_mention_entity_scores: None
                                     tiny_experiment: False
                                     tokenizer_name: 
                                     train_domains: ['train', 'entity_documents']
                                     train_mention_entity_scores: None
                                     trained_model_dir: None
                                     training_edges_considered: m-e
                                     training_method: triplet_max_margin
                                     val_domains: ['val', 'entity_documents']
                                     val_mention_entity_scores: None
                                     warmup_steps: 100
                                     weight_decay: 0.0
                                     world_size: 4
INFO - 11/15/20 19:46:58 - 0:00:00 - The experiment will be stored in /mnt/nfs/scratch1/rangell/lerac/coref_entity_linking/experiments/BC5CDR-c/cluster_linking/exp_0_m-e/
                                     
INFO - 11/15/20 19:46:58 - 0:00:00 - Running command: python src/main.py --local_rank=0 --data_dir '/local/coref_entity_linking/data/BC5CDR-c/' --model_type 'bert' --model_name_or_path 'models/biobert_v1.1_pubmed/' --task_name 'cluster_linking' --output_dir '/mnt/nfs/scratch1/rangell/lerac/coref_entity_linking/experiments/BC5CDR-c/cluster_linking/exp_0_m-e/' --log_dir '/mnt/nfs/scratch1/rangell/lerac/coref_entity_linking/logs/' --do_train --max_seq_length '128' --seq_embed_dim '128' --embed_pooling_strategy 'pool_highlighted_outputs' --concat_pooling_strategy 'pool_highlighted_outputs' --clustering_domain 'within_doc' --available_entities 'candidates_only' --mention_negatives 'random' --training_method 'triplet_max_margin' --pair_gen_method 'mst' --training_edges_considered 'm-e' --k '128' --num_train_negs '24' --margin '0.7' --warmup_steps '100' --learning_rate '5e-5' --max_grad_norm '1.0' --num_clusters_per_macro_batch '16' --per_gpu_train_batch_size '16' --per_gpu_infer_batch_size '256' --num_train_epochs '5' --logging_steps '25' --knn_refresh_steps '-1' --train_domains 'train' 'entity_documents' --val_domains 'val' 'entity_documents'
                                     
WARNING - 11/15/20 19:46:58 - 0:00:00 - Process rank: 0, device: cuda:0, n_gpu: 1, distributed training: True, 16-bits training: False
INFO - 11/15/20 19:46:58 - 0:00:00 - Creating models.
WARNING - 11/15/20 19:46:58 - 0:00:00 - Process rank: 2, device: cuda:2, n_gpu: 1, distributed training: True, 16-bits training: False
INFO - 11/15/20 19:46:58 - 0:00:00 - loading configuration file models/biobert_v1.1_pubmed/config.json
INFO - 11/15/20 19:46:58 - 0:00:00 - Model config BertConfig {
                                       "attention_probs_dropout_prob": 0.1,
                                       "finetuning_task": "cluster_linking",
                                       "hidden_act": "gelu",
                                       "hidden_dropout_prob": 0.1,
                                       "hidden_size": 768,
                                       "initializer_range": 0.02,
                                       "intermediate_size": 3072,
                                       "layer_norm_eps": 1e-12,
                                       "max_position_embeddings": 512,
                                       "model_type": "bert",
                                       "num_attention_heads": 12,
                                       "num_hidden_layers": 12,
                                       "pad_token_id": 0,
                                       "type_vocab_size": 2,
                                       "vocab_size": 28996
                                     }
                                     
INFO - 11/15/20 19:46:58 - 0:00:00 - Model name 'models/biobert_v1.1_pubmed/' not found in model shortcut name list (bert-base-uncased, bert-large-uncased, bert-base-cased, bert-large-cased, bert-base-multilingual-uncased, bert-base-multilingual-cased, bert-base-chinese, bert-base-german-cased, bert-large-uncased-whole-word-masking, bert-large-cased-whole-word-masking, bert-large-uncased-whole-word-masking-finetuned-squad, bert-large-cased-whole-word-masking-finetuned-squad, bert-base-cased-finetuned-mrpc, bert-base-german-dbmdz-cased, bert-base-german-dbmdz-uncased, TurkuNLP/bert-base-finnish-cased-v1, TurkuNLP/bert-base-finnish-uncased-v1, wietsedv/bert-base-dutch-cased). Assuming 'models/biobert_v1.1_pubmed/' is a path, a model identifier, or url to a directory containing tokenizer files.
INFO - 11/15/20 19:46:58 - 0:00:00 - Didn't find file models/biobert_v1.1_pubmed/added_tokens.json. We won't load it.
INFO - 11/15/20 19:46:58 - 0:00:00 - Didn't find file models/biobert_v1.1_pubmed/special_tokens_map.json. We won't load it.
INFO - 11/15/20 19:46:58 - 0:00:00 - Didn't find file models/biobert_v1.1_pubmed/tokenizer_config.json. We won't load it.
INFO - 11/15/20 19:46:58 - 0:00:00 - loading file models/biobert_v1.1_pubmed/vocab.txt
INFO - 11/15/20 19:46:58 - 0:00:00 - loading file None
INFO - 11/15/20 19:46:58 - 0:00:00 - loading file None
INFO - 11/15/20 19:46:58 - 0:00:00 - loading file None
INFO - 11/15/20 19:46:58 - 0:00:00 - loading weights file models/biobert_v1.1_pubmed/pytorch_model.bin
INFO - 11/15/20 19:47:02 - 0:00:04 - Weights of BertSequenceScoringModel not initialized from pretrained model: ['concatenation_cls_layer1.weight', 'concatenation_cls_layer1.bias', 'concatenation_cls_layer2.weight', 'concatenation_cls_layer2.bias']
INFO - 11/15/20 19:47:02 - 0:00:04 - Weights from pretrained model not used in BertSequenceScoringModel: ['cls.predictions.bias', 'cls.predictions.transform.dense.weight', 'cls.predictions.transform.dense.bias', 'cls.predictions.transform.LayerNorm.weight', 'cls.predictions.transform.LayerNorm.bias', 'cls.predictions.decoder.weight', 'cls.seq_relationship.weight', 'cls.seq_relationship.bias']
INFO - 11/15/20 19:47:02 - 0:00:04 - loading weights file models/biobert_v1.1_pubmed/pytorch_model.bin
INFO - 11/15/20 19:47:07 - 0:00:09 - Weights of BertSequenceScoringModel not initialized from pretrained model: ['concatenation_pool_layer1.weight', 'concatenation_pool_layer1.bias', 'concatenation_pool_layer2.weight', 'concatenation_pool_layer2.bias', 'concatenation_pool_layer3.weight', 'concatenation_pool_layer3.bias']
INFO - 11/15/20 19:47:07 - 0:00:09 - Weights from pretrained model not used in BertSequenceScoringModel: ['cls.predictions.bias', 'cls.predictions.transform.dense.weight', 'cls.predictions.transform.dense.bias', 'cls.predictions.transform.LayerNorm.weight', 'cls.predictions.transform.LayerNorm.bias', 'cls.predictions.decoder.weight', 'cls.seq_relationship.weight', 'cls.seq_relationship.bias']
INFO - 11/15/20 19:47:07 - 0:00:09 - Creating metadata and dataset...
INFO - 11/15/20 19:49:30 - 0:02:32 - Done.
INFO - 11/15/20 19:49:30 - 0:02:32 - Loading cached metadata and dataset.
INFO - 11/15/20 19:49:35 - 0:02:37 - Training/evaluation parameters Namespace(adam_epsilon=1e-08, alpha=None, available_entities='candidates_only', cache_dir='', clustering_domain='within_doc', command="python src/main.py --local_rank=0 --data_dir '/local/coref_entity_linking/data/BC5CDR-c/' --model_type 'bert' --model_name_or_path 'models/biobert_v1.1_pubmed/' --task_name 'cluster_linking' --output_dir '/mnt/nfs/scratch1/rangell/lerac/coref_entity_linking/experiments/BC5CDR-c/cluster_linking/exp_0_m-e/' --log_dir '/mnt/nfs/scratch1/rangell/lerac/coref_entity_linking/logs/' --do_train --max_seq_length '128' --seq_embed_dim '128' --embed_pooling_strategy 'pool_highlighted_outputs' --concat_pooling_strategy 'pool_highlighted_outputs' --clustering_domain 'within_doc' --available_entities 'candidates_only' --mention_negatives 'random' --training_method 'triplet_max_margin' --pair_gen_method 'mst' --training_edges_considered 'm-e' --k '128' --num_train_negs '24' --margin '0.7' --warmup_steps '100' --learning_rate '5e-5' --max_grad_norm '1.0' --num_clusters_per_macro_batch '16' --per_gpu_train_batch_size '16' --per_gpu_infer_batch_size '256' --num_train_epochs '5' --logging_steps '25' --knn_refresh_steps '-1' --train_domains 'train' 'entity_documents' --val_domains 'val' 'entity_documents'", concat_pooling_strategy='pool_highlighted_outputs', config_name='', data_dir='/local/coref_entity_linking/data/BC5CDR-c/', device=device(type='cuda', index=0), disable_logging=False, do_lower_case=False, do_test=False, do_train=True, do_train_eval=False, do_val=False, dump_coref_candidate_sets=False, embed_pooling_strategy='pool_highlighted_outputs', eval_all_checkpoints=False, eval_coref_threshold=None, evaluate_during_training=False, fp16=False, fp16_opt_level='O1', git_hash='eac0eb1432d3e5d5697f972ba9f55260a6a71f7d', gradient_accumulation_steps=1, infer_batch_size=256, k=128, knn_refresh_steps=-1, learning_rate=5e-05, local_rank=0, log_dir='/mnt/nfs/scratch1/rangell/lerac/coref_entity_linking/logs/', logging_steps=25, margin=0.7, max_grad_norm=1.0, max_seq_length=128, max_steps=-1, mention_negatives='random', model_name_or_path='models/biobert_v1.1_pubmed/', model_type='bert', n_gpu=1, no_cuda=False, num_candidates=64, num_candidates_per_example=16, num_clusters_per_macro_batch=16, num_context_codes=4, num_dataloader_workers=0, num_train_epochs=5, num_train_negs=24, output_dir='/mnt/nfs/scratch1/rangell/lerac/coref_entity_linking/experiments/BC5CDR-c/cluster_linking/exp_0_m-e/', overwrite_cache=False, overwrite_output_dir=False, pair_gen_method='mst', per_gpu_infer_batch_size=256, per_gpu_train_batch_size=16, sample_size=None, save_steps=50, seed=42, seq_embed_dim=128, server_ip='', server_port='', t_total=860, task_name='cluster_linking', test_domains=None, test_mention_entity_scores=None, tiny_experiment=False, tokenizer=<transformers.tokenization_bert.BertTokenizer object at 0x2aab1e2a5350>, tokenizer_name='', train_batch_size=16, train_cache_dir='/local/coref_entity_linking/data/BC5CDR-c/cache/train', train_domains=['train', 'entity_documents'], train_mention_entity_scores=None, trained_model_dir=None, training_edges_considered='m-e', training_method='triplet_max_margin', val_domains=['val', 'entity_documents'], val_mention_entity_scores=None, warmup_steps=100, weight_decay=0.0, world_size=4)
INFO - 11/15/20 19:49:35 - 0:02:37 - Creating sub-trainers.
INFO - 11/15/20 19:49:35 - 0:02:37 - Successfully created trainer object
INFO - 11/15/20 19:49:35 - 0:02:37 - Starting training...
INFO - 11/15/20 19:49:35 - 0:02:37 - ********** [START] epoch: 0 **********
INFO - 11/15/20 19:49:35 - 0:02:37 - num_batches: 172
INFO - 11/15/20 20:11:58 - 0:25:00 - Average concat_loss: 0.6987316416607221 at global step: 25
INFO - 11/15/20 20:11:58 - 0:25:00 - Average concat_num_examples: 672.96 at global step: 25
INFO - 11/15/20 20:11:58 - 0:25:00 - Average concat_pos_m_neg_m_loss: 0.0 at global step: 25
INFO - 11/15/20 20:11:58 - 0:25:00 - Average concat_pos_m_neg_e_loss: 0.0 at global step: 25
INFO - 11/15/20 20:11:58 - 0:25:00 - Average concat_pos_e_neg_m_loss: 0.0 at global step: 25
INFO - 11/15/20 20:11:58 - 0:25:00 - Average concat_pos_e_neg_e_loss: 0.6987316416607221 at global step: 25
INFO - 11/15/20 20:11:58 - 0:25:00 - Average concat_pos_m_neg_m_num_examples: 0.0 at global step: 25
INFO - 11/15/20 20:11:58 - 0:25:00 - Average concat_pos_m_neg_e_num_examples: 0.0 at global step: 25
INFO - 11/15/20 20:11:58 - 0:25:00 - Average concat_pos_e_neg_m_num_examples: 0.0 at global step: 25
INFO - 11/15/20 20:11:58 - 0:25:00 - Average concat_pos_e_neg_e_num_examples: 672.96 at global step: 25
INFO - 11/15/20 20:11:58 - 0:25:00 - Using m-e edges for training
INFO - 11/15/20 20:34:58 - 0:48:00 - Average concat_loss: 0.5293647994636005 at global step: 50
INFO - 11/15/20 20:34:58 - 0:48:00 - Average concat_num_examples: 693.12 at global step: 50
INFO - 11/15/20 20:34:58 - 0:48:00 - Average concat_pos_m_neg_m_loss: 0.0 at global step: 50
INFO - 11/15/20 20:34:58 - 0:48:00 - Average concat_pos_m_neg_e_loss: 0.0 at global step: 50
INFO - 11/15/20 20:34:58 - 0:48:00 - Average concat_pos_e_neg_m_loss: 0.0 at global step: 50
INFO - 11/15/20 20:34:58 - 0:48:00 - Average concat_pos_e_neg_e_loss: 0.5293647994636005 at global step: 50
INFO - 11/15/20 20:34:58 - 0:48:00 - Average concat_pos_m_neg_m_num_examples: 0.0 at global step: 50
INFO - 11/15/20 20:34:58 - 0:48:00 - Average concat_pos_m_neg_e_num_examples: 0.0 at global step: 50
INFO - 11/15/20 20:34:58 - 0:48:00 - Average concat_pos_e_neg_m_num_examples: 0.0 at global step: 50
INFO - 11/15/20 20:34:58 - 0:48:00 - Average concat_pos_e_neg_e_num_examples: 693.12 at global step: 50
INFO - 11/15/20 20:34:58 - 0:48:00 - Using m-e edges for training
INFO - 11/15/20 20:56:49 - 1:09:51 - Average concat_loss: 0.2070166920302044 at global step: 75
INFO - 11/15/20 20:56:49 - 1:09:51 - Average concat_num_examples: 652.32 at global step: 75
INFO - 11/15/20 20:56:49 - 1:09:51 - Average concat_pos_m_neg_m_loss: 0.0 at global step: 75
INFO - 11/15/20 20:56:49 - 1:09:51 - Average concat_pos_m_neg_e_loss: 0.0 at global step: 75
INFO - 11/15/20 20:56:49 - 1:09:51 - Average concat_pos_e_neg_m_loss: 0.0 at global step: 75
INFO - 11/15/20 20:56:49 - 1:09:51 - Average concat_pos_e_neg_e_loss: 0.2070166920302044 at global step: 75
INFO - 11/15/20 20:56:49 - 1:09:51 - Average concat_pos_m_neg_m_num_examples: 0.0 at global step: 75
INFO - 11/15/20 20:56:49 - 1:09:51 - Average concat_pos_m_neg_e_num_examples: 0.0 at global step: 75
INFO - 11/15/20 20:56:49 - 1:09:51 - Average concat_pos_e_neg_m_num_examples: 0.0 at global step: 75
INFO - 11/15/20 20:56:49 - 1:09:51 - Average concat_pos_e_neg_e_num_examples: 652.32 at global step: 75
INFO - 11/15/20 20:56:49 - 1:09:51 - Using m-e edges for training
INFO - 11/15/20 21:18:57 - 1:31:59 - Average concat_loss: 0.16303236099636512 at global step: 100
INFO - 11/15/20 21:18:57 - 1:31:59 - Average concat_num_examples: 664.8 at global step: 100
INFO - 11/15/20 21:18:57 - 1:31:59 - Average concat_pos_m_neg_m_loss: 0.0 at global step: 100
INFO - 11/15/20 21:18:57 - 1:31:59 - Average concat_pos_m_neg_e_loss: 0.0 at global step: 100
INFO - 11/15/20 21:18:57 - 1:31:59 - Average concat_pos_e_neg_m_loss: 0.0 at global step: 100
INFO - 11/15/20 21:18:57 - 1:31:59 - Average concat_pos_e_neg_e_loss: 0.16303236099636512 at global step: 100
INFO - 11/15/20 21:18:57 - 1:31:59 - Average concat_pos_m_neg_m_num_examples: 0.0 at global step: 100
INFO - 11/15/20 21:18:57 - 1:31:59 - Average concat_pos_m_neg_e_num_examples: 0.0 at global step: 100
INFO - 11/15/20 21:18:57 - 1:31:59 - Average concat_pos_e_neg_m_num_examples: 0.0 at global step: 100
INFO - 11/15/20 21:18:57 - 1:31:59 - Average concat_pos_e_neg_e_num_examples: 664.8 at global step: 100
INFO - 11/15/20 21:18:57 - 1:31:59 - Using m-e edges for training
INFO - 11/15/20 21:42:08 - 1:55:10 - Average concat_loss: 0.12929598321373692 at global step: 125
INFO - 11/15/20 21:42:08 - 1:55:10 - Average concat_num_examples: 697.92 at global step: 125
INFO - 11/15/20 21:42:08 - 1:55:10 - Average concat_pos_m_neg_m_loss: 0.0 at global step: 125
INFO - 11/15/20 21:42:08 - 1:55:10 - Average concat_pos_m_neg_e_loss: 0.0 at global step: 125
INFO - 11/15/20 21:42:08 - 1:55:10 - Average concat_pos_e_neg_m_loss: 0.0 at global step: 125
INFO - 11/15/20 21:42:08 - 1:55:10 - Average concat_pos_e_neg_e_loss: 0.12929598321373692 at global step: 125
INFO - 11/15/20 21:42:08 - 1:55:10 - Average concat_pos_m_neg_m_num_examples: 0.0 at global step: 125
INFO - 11/15/20 21:42:08 - 1:55:10 - Average concat_pos_m_neg_e_num_examples: 0.0 at global step: 125
INFO - 11/15/20 21:42:08 - 1:55:10 - Average concat_pos_e_neg_m_num_examples: 0.0 at global step: 125
INFO - 11/15/20 21:42:08 - 1:55:10 - Average concat_pos_e_neg_e_num_examples: 697.92 at global step: 125
INFO - 11/15/20 21:42:08 - 1:55:10 - Using m-e edges for training
INFO - 11/15/20 22:05:57 - 2:18:59 - Average concat_loss: 0.10797837466855276 at global step: 150
INFO - 11/15/20 22:05:57 - 2:18:59 - Average concat_num_examples: 709.92 at global step: 150
INFO - 11/15/20 22:05:57 - 2:18:59 - Average concat_pos_m_neg_m_loss: 0.0 at global step: 150
INFO - 11/15/20 22:05:57 - 2:18:59 - Average concat_pos_m_neg_e_loss: 0.0 at global step: 150
INFO - 11/15/20 22:05:57 - 2:18:59 - Average concat_pos_e_neg_m_loss: 0.0 at global step: 150
INFO - 11/15/20 22:05:57 - 2:18:59 - Average concat_pos_e_neg_e_loss: 0.10797837466855276 at global step: 150
INFO - 11/15/20 22:05:57 - 2:18:59 - Average concat_pos_m_neg_m_num_examples: 0.0 at global step: 150
INFO - 11/15/20 22:05:57 - 2:18:59 - Average concat_pos_m_neg_e_num_examples: 0.0 at global step: 150
INFO - 11/15/20 22:05:57 - 2:18:59 - Average concat_pos_e_neg_m_num_examples: 0.0 at global step: 150
INFO - 11/15/20 22:05:57 - 2:18:59 - Average concat_pos_e_neg_e_num_examples: 709.92 at global step: 150
INFO - 11/15/20 22:05:57 - 2:18:59 - Using m-e edges for training
INFO - 11/15/20 22:24:52 - 2:37:54 - Configuration saved in /mnt/nfs/scratch1/rangell/lerac/coref_entity_linking/experiments/BC5CDR-c/cluster_linking/exp_0_m-e/checkpoint-172/affinity_model_model/m_e_model/config.json
INFO - 11/15/20 22:24:58 - 2:38:00 - Model weights saved in /mnt/nfs/scratch1/rangell/lerac/coref_entity_linking/experiments/BC5CDR-c/cluster_linking/exp_0_m-e/checkpoint-172/affinity_model_model/m_e_model/pytorch_model.bin
INFO - 11/15/20 22:24:58 - 2:38:00 - Configuration saved in /mnt/nfs/scratch1/rangell/lerac/coref_entity_linking/experiments/BC5CDR-c/cluster_linking/exp_0_m-e/checkpoint-172/affinity_model_model/m_m_model/config.json
INFO - 11/15/20 22:25:04 - 2:38:06 - Model weights saved in /mnt/nfs/scratch1/rangell/lerac/coref_entity_linking/experiments/BC5CDR-c/cluster_linking/exp_0_m-e/checkpoint-172/affinity_model_model/m_m_model/pytorch_model.bin
INFO - 11/15/20 22:25:04 - 2:38:06 - ********** [END] epoch: 0 **********
INFO - 11/15/20 22:25:04 - 2:38:06 - ********** [START] epoch: 1 **********
INFO - 11/15/20 22:25:04 - 2:38:06 - num_batches: 172
INFO - 11/15/20 22:28:00 - 2:41:02 - Average concat_loss: 0.06900970899924755 at global step: 175
INFO - 11/15/20 22:28:00 - 2:41:02 - Average concat_num_examples: 647.2 at global step: 175
INFO - 11/15/20 22:28:00 - 2:41:02 - Average concat_pos_m_neg_m_loss: 0.0 at global step: 175
INFO - 11/15/20 22:28:00 - 2:41:02 - Average concat_pos_m_neg_e_loss: 0.0 at global step: 175
INFO - 11/15/20 22:28:00 - 2:41:02 - Average concat_pos_e_neg_m_loss: 0.0 at global step: 175
INFO - 11/15/20 22:28:00 - 2:41:02 - Average concat_pos_e_neg_e_loss: 0.06900970899924755 at global step: 175
INFO - 11/15/20 22:28:00 - 2:41:02 - Average concat_pos_m_neg_m_num_examples: 0.0 at global step: 175
INFO - 11/15/20 22:28:00 - 2:41:02 - Average concat_pos_m_neg_e_num_examples: 0.0 at global step: 175
INFO - 11/15/20 22:28:00 - 2:41:02 - Average concat_pos_e_neg_m_num_examples: 0.0 at global step: 175
INFO - 11/15/20 22:28:00 - 2:41:02 - Average concat_pos_e_neg_e_num_examples: 647.2 at global step: 175
INFO - 11/15/20 22:28:00 - 2:41:02 - Using m-e edges for training
INFO - 11/15/20 22:50:26 - 3:03:28 - Average concat_loss: 0.05549420158511551 at global step: 200
INFO - 11/15/20 22:50:26 - 3:03:28 - Average concat_num_examples: 670.56 at global step: 200
INFO - 11/15/20 22:50:26 - 3:03:28 - Average concat_pos_m_neg_m_loss: 0.0 at global step: 200
INFO - 11/15/20 22:50:26 - 3:03:28 - Average concat_pos_m_neg_e_loss: 0.0 at global step: 200
INFO - 11/15/20 22:50:26 - 3:03:28 - Average concat_pos_e_neg_m_loss: 0.0 at global step: 200
INFO - 11/15/20 22:50:26 - 3:03:28 - Average concat_pos_e_neg_e_loss: 0.05549420158511551 at global step: 200
INFO - 11/15/20 22:50:26 - 3:03:28 - Average concat_pos_m_neg_m_num_examples: 0.0 at global step: 200
INFO - 11/15/20 22:50:26 - 3:03:28 - Average concat_pos_m_neg_e_num_examples: 0.0 at global step: 200
INFO - 11/15/20 22:50:26 - 3:03:28 - Average concat_pos_e_neg_m_num_examples: 0.0 at global step: 200
INFO - 11/15/20 22:50:26 - 3:03:28 - Average concat_pos_e_neg_e_num_examples: 670.56 at global step: 200
INFO - 11/15/20 22:50:26 - 3:03:28 - Using m-e edges for training
INFO - 11/15/20 23:13:08 - 3:26:10 - Average concat_loss: 0.045458146860540304 at global step: 225
INFO - 11/15/20 23:13:08 - 3:26:10 - Average concat_num_examples: 672.16 at global step: 225
INFO - 11/15/20 23:13:08 - 3:26:10 - Average concat_pos_m_neg_m_loss: 0.0 at global step: 225
INFO - 11/15/20 23:13:08 - 3:26:10 - Average concat_pos_m_neg_e_loss: 0.0 at global step: 225
INFO - 11/15/20 23:13:08 - 3:26:10 - Average concat_pos_e_neg_m_loss: 0.0 at global step: 225
INFO - 11/15/20 23:13:08 - 3:26:10 - Average concat_pos_e_neg_e_loss: 0.045458146860540304 at global step: 225
INFO - 11/15/20 23:13:08 - 3:26:10 - Average concat_pos_m_neg_m_num_examples: 0.0 at global step: 225
INFO - 11/15/20 23:13:08 - 3:26:10 - Average concat_pos_m_neg_e_num_examples: 0.0 at global step: 225
INFO - 11/15/20 23:13:08 - 3:26:10 - Average concat_pos_e_neg_m_num_examples: 0.0 at global step: 225
INFO - 11/15/20 23:13:08 - 3:26:10 - Average concat_pos_e_neg_e_num_examples: 672.16 at global step: 225
INFO - 11/15/20 23:13:08 - 3:26:10 - Using m-e edges for training
INFO - 11/15/20 23:35:21 - 3:48:23 - Average concat_loss: 0.0433754950813284 at global step: 250
INFO - 11/15/20 23:35:21 - 3:48:23 - Average concat_num_examples: 660.96 at global step: 250
INFO - 11/15/20 23:35:21 - 3:48:23 - Average concat_pos_m_neg_m_loss: 0.0 at global step: 250
INFO - 11/15/20 23:35:21 - 3:48:23 - Average concat_pos_m_neg_e_loss: 0.0 at global step: 250
INFO - 11/15/20 23:35:21 - 3:48:23 - Average concat_pos_e_neg_m_loss: 0.0 at global step: 250
INFO - 11/15/20 23:35:21 - 3:48:23 - Average concat_pos_e_neg_e_loss: 0.0433754950813284 at global step: 250
INFO - 11/15/20 23:35:21 - 3:48:23 - Average concat_pos_m_neg_m_num_examples: 0.0 at global step: 250
INFO - 11/15/20 23:35:21 - 3:48:23 - Average concat_pos_m_neg_e_num_examples: 0.0 at global step: 250
INFO - 11/15/20 23:35:21 - 3:48:23 - Average concat_pos_e_neg_m_num_examples: 0.0 at global step: 250
INFO - 11/15/20 23:35:21 - 3:48:23 - Average concat_pos_e_neg_e_num_examples: 660.96 at global step: 250
INFO - 11/15/20 23:35:21 - 3:48:23 - Using m-e edges for training
INFO - 11/15/20 23:58:25 - 4:11:27 - Average concat_loss: 0.031228200700882235 at global step: 275
INFO - 11/15/20 23:58:25 - 4:11:27 - Average concat_num_examples: 690.24 at global step: 275
INFO - 11/15/20 23:58:25 - 4:11:27 - Average concat_pos_m_neg_m_loss: 0.0 at global step: 275
INFO - 11/15/20 23:58:25 - 4:11:27 - Average concat_pos_m_neg_e_loss: 0.0 at global step: 275
INFO - 11/15/20 23:58:25 - 4:11:27 - Average concat_pos_e_neg_m_loss: 0.0 at global step: 275
INFO - 11/15/20 23:58:25 - 4:11:27 - Average concat_pos_e_neg_e_loss: 0.031228200700882235 at global step: 275
INFO - 11/15/20 23:58:25 - 4:11:27 - Average concat_pos_m_neg_m_num_examples: 0.0 at global step: 275
INFO - 11/15/20 23:58:25 - 4:11:27 - Average concat_pos_m_neg_e_num_examples: 0.0 at global step: 275
INFO - 11/15/20 23:58:25 - 4:11:27 - Average concat_pos_e_neg_m_num_examples: 0.0 at global step: 275
INFO - 11/15/20 23:58:25 - 4:11:27 - Average concat_pos_e_neg_e_num_examples: 690.24 at global step: 275
INFO - 11/15/20 23:58:25 - 4:11:27 - Using m-e edges for training
INFO - 11/16/20 00:22:52 - 4:35:54 - Average concat_loss: 0.04790805411468426 at global step: 300
INFO - 11/16/20 00:22:52 - 4:35:54 - Average concat_num_examples: 719.52 at global step: 300
INFO - 11/16/20 00:22:52 - 4:35:54 - Average concat_pos_m_neg_m_loss: 0.0 at global step: 300
INFO - 11/16/20 00:22:52 - 4:35:54 - Average concat_pos_m_neg_e_loss: 0.0 at global step: 300
INFO - 11/16/20 00:22:52 - 4:35:54 - Average concat_pos_e_neg_m_loss: 0.0 at global step: 300
INFO - 11/16/20 00:22:52 - 4:35:54 - Average concat_pos_e_neg_e_loss: 0.04790805411468426 at global step: 300
INFO - 11/16/20 00:22:52 - 4:35:54 - Average concat_pos_m_neg_m_num_examples: 0.0 at global step: 300
INFO - 11/16/20 00:22:52 - 4:35:54 - Average concat_pos_m_neg_e_num_examples: 0.0 at global step: 300
INFO - 11/16/20 00:22:52 - 4:35:54 - Average concat_pos_e_neg_m_num_examples: 0.0 at global step: 300
INFO - 11/16/20 00:22:52 - 4:35:54 - Average concat_pos_e_neg_e_num_examples: 719.52 at global step: 300
INFO - 11/16/20 00:22:52 - 4:35:54 - Using m-e edges for training
INFO - 11/16/20 00:45:37 - 4:58:39 - Average concat_loss: 0.0323682609098064 at global step: 325
INFO - 11/16/20 00:45:37 - 4:58:39 - Average concat_num_examples: 672.48 at global step: 325
INFO - 11/16/20 00:45:37 - 4:58:39 - Average concat_pos_m_neg_m_loss: 0.0 at global step: 325
INFO - 11/16/20 00:45:37 - 4:58:39 - Average concat_pos_m_neg_e_loss: 0.0 at global step: 325
INFO - 11/16/20 00:45:37 - 4:58:39 - Average concat_pos_e_neg_m_loss: 0.0 at global step: 325
INFO - 11/16/20 00:45:37 - 4:58:39 - Average concat_pos_e_neg_e_loss: 0.0323682609098064 at global step: 325
INFO - 11/16/20 00:45:37 - 4:58:39 - Average concat_pos_m_neg_m_num_examples: 0.0 at global step: 325
INFO - 11/16/20 00:45:37 - 4:58:39 - Average concat_pos_m_neg_e_num_examples: 0.0 at global step: 325
INFO - 11/16/20 00:45:37 - 4:58:39 - Average concat_pos_e_neg_m_num_examples: 0.0 at global step: 325
INFO - 11/16/20 00:45:37 - 4:58:39 - Average concat_pos_e_neg_e_num_examples: 672.48 at global step: 325
INFO - 11/16/20 00:45:37 - 4:58:39 - Using m-e edges for training
INFO - 11/16/20 01:01:49 - 5:14:51 - Configuration saved in /mnt/nfs/scratch1/rangell/lerac/coref_entity_linking/experiments/BC5CDR-c/cluster_linking/exp_0_m-e/checkpoint-344/affinity_model_model/m_e_model/config.json
INFO - 11/16/20 01:01:54 - 5:14:56 - Model weights saved in /mnt/nfs/scratch1/rangell/lerac/coref_entity_linking/experiments/BC5CDR-c/cluster_linking/exp_0_m-e/checkpoint-344/affinity_model_model/m_e_model/pytorch_model.bin
INFO - 11/16/20 01:01:54 - 5:14:56 - Configuration saved in /mnt/nfs/scratch1/rangell/lerac/coref_entity_linking/experiments/BC5CDR-c/cluster_linking/exp_0_m-e/checkpoint-344/affinity_model_model/m_m_model/config.json
INFO - 11/16/20 01:01:59 - 5:15:01 - Model weights saved in /mnt/nfs/scratch1/rangell/lerac/coref_entity_linking/experiments/BC5CDR-c/cluster_linking/exp_0_m-e/checkpoint-344/affinity_model_model/m_m_model/pytorch_model.bin
INFO - 11/16/20 01:01:59 - 5:15:01 - ********** [END] epoch: 1 **********
INFO - 11/16/20 01:01:59 - 5:15:01 - ********** [START] epoch: 2 **********
INFO - 11/16/20 01:01:59 - 5:15:01 - num_batches: 172
INFO - 11/16/20 01:07:16 - 5:20:19 - Average concat_loss: 0.028377517796490177 at global step: 350
INFO - 11/16/20 01:07:16 - 5:20:19 - Average concat_num_examples: 633.12 at global step: 350
INFO - 11/16/20 01:07:16 - 5:20:19 - Average concat_pos_m_neg_m_loss: 0.0 at global step: 350
INFO - 11/16/20 01:07:16 - 5:20:19 - Average concat_pos_m_neg_e_loss: 0.0 at global step: 350
INFO - 11/16/20 01:07:16 - 5:20:19 - Average concat_pos_e_neg_m_loss: 0.0 at global step: 350
INFO - 11/16/20 01:07:16 - 5:20:19 - Average concat_pos_e_neg_e_loss: 0.028377517796490177 at global step: 350
INFO - 11/16/20 01:07:16 - 5:20:19 - Average concat_pos_m_neg_m_num_examples: 0.0 at global step: 350
INFO - 11/16/20 01:07:16 - 5:20:19 - Average concat_pos_m_neg_e_num_examples: 0.0 at global step: 350
INFO - 11/16/20 01:07:16 - 5:20:19 - Average concat_pos_e_neg_m_num_examples: 0.0 at global step: 350
INFO - 11/16/20 01:07:16 - 5:20:19 - Average concat_pos_e_neg_e_num_examples: 633.12 at global step: 350
INFO - 11/16/20 01:07:16 - 5:20:19 - Using m-e edges for training
INFO - 11/16/20 01:32:09 - 5:45:11 - Average concat_loss: 0.013973365363328018 at global step: 375
INFO - 11/16/20 01:32:09 - 5:45:11 - Average concat_num_examples: 734.56 at global step: 375
INFO - 11/16/20 01:32:09 - 5:45:11 - Average concat_pos_m_neg_m_loss: 0.0 at global step: 375
INFO - 11/16/20 01:32:09 - 5:45:11 - Average concat_pos_m_neg_e_loss: 0.0 at global step: 375
INFO - 11/16/20 01:32:09 - 5:45:11 - Average concat_pos_e_neg_m_loss: 0.0 at global step: 375
INFO - 11/16/20 01:32:09 - 5:45:11 - Average concat_pos_e_neg_e_loss: 0.013973365363328018 at global step: 375
INFO - 11/16/20 01:32:09 - 5:45:11 - Average concat_pos_m_neg_m_num_examples: 0.0 at global step: 375
INFO - 11/16/20 01:32:09 - 5:45:11 - Average concat_pos_m_neg_e_num_examples: 0.0 at global step: 375
INFO - 11/16/20 01:32:09 - 5:45:11 - Average concat_pos_e_neg_m_num_examples: 0.0 at global step: 375
INFO - 11/16/20 01:32:09 - 5:45:11 - Average concat_pos_e_neg_e_num_examples: 734.56 at global step: 375
INFO - 11/16/20 01:32:09 - 5:45:11 - Using m-e edges for training
INFO - 11/16/20 01:53:46 - 6:06:48 - Average concat_loss: 0.025955844684686737 at global step: 400
INFO - 11/16/20 01:53:46 - 6:06:48 - Average concat_num_examples: 643.04 at global step: 400
INFO - 11/16/20 01:53:46 - 6:06:48 - Average concat_pos_m_neg_m_loss: 0.0 at global step: 400
INFO - 11/16/20 01:53:46 - 6:06:48 - Average concat_pos_m_neg_e_loss: 0.0 at global step: 400
INFO - 11/16/20 01:53:46 - 6:06:48 - Average concat_pos_e_neg_m_loss: 0.0 at global step: 400
INFO - 11/16/20 01:53:46 - 6:06:48 - Average concat_pos_e_neg_e_loss: 0.025955844684686737 at global step: 400
INFO - 11/16/20 01:53:46 - 6:06:48 - Average concat_pos_m_neg_m_num_examples: 0.0 at global step: 400
INFO - 11/16/20 01:53:46 - 6:06:48 - Average concat_pos_m_neg_e_num_examples: 0.0 at global step: 400
INFO - 11/16/20 01:53:46 - 6:06:48 - Average concat_pos_e_neg_m_num_examples: 0.0 at global step: 400
INFO - 11/16/20 01:53:46 - 6:06:48 - Average concat_pos_e_neg_e_num_examples: 643.04 at global step: 400
INFO - 11/16/20 01:53:46 - 6:06:48 - Using m-e edges for training
INFO - 11/16/20 02:16:50 - 6:29:52 - Average concat_loss: 0.01974874720604575 at global step: 425
INFO - 11/16/20 02:16:50 - 6:29:52 - Average concat_num_examples: 686.08 at global step: 425
INFO - 11/16/20 02:16:50 - 6:29:52 - Average concat_pos_m_neg_m_loss: 0.0 at global step: 425
INFO - 11/16/20 02:16:50 - 6:29:52 - Average concat_pos_m_neg_e_loss: 0.0 at global step: 425
INFO - 11/16/20 02:16:50 - 6:29:52 - Average concat_pos_e_neg_m_loss: 0.0 at global step: 425
INFO - 11/16/20 02:16:50 - 6:29:52 - Average concat_pos_e_neg_e_loss: 0.01974874720604575 at global step: 425
INFO - 11/16/20 02:16:50 - 6:29:52 - Average concat_pos_m_neg_m_num_examples: 0.0 at global step: 425
INFO - 11/16/20 02:16:50 - 6:29:52 - Average concat_pos_m_neg_e_num_examples: 0.0 at global step: 425
INFO - 11/16/20 02:16:50 - 6:29:52 - Average concat_pos_e_neg_m_num_examples: 0.0 at global step: 425
INFO - 11/16/20 02:16:50 - 6:29:52 - Average concat_pos_e_neg_e_num_examples: 686.08 at global step: 425
INFO - 11/16/20 02:16:50 - 6:29:52 - Using m-e edges for training
INFO - 11/16/20 02:39:09 - 6:52:11 - Average concat_loss: 0.017738013884292435 at global step: 450
INFO - 11/16/20 02:39:09 - 6:52:11 - Average concat_num_examples: 658.56 at global step: 450
INFO - 11/16/20 02:39:09 - 6:52:11 - Average concat_pos_m_neg_m_loss: 0.0 at global step: 450
INFO - 11/16/20 02:39:09 - 6:52:11 - Average concat_pos_m_neg_e_loss: 0.0 at global step: 450
INFO - 11/16/20 02:39:09 - 6:52:11 - Average concat_pos_e_neg_m_loss: 0.0 at global step: 450
INFO - 11/16/20 02:39:09 - 6:52:11 - Average concat_pos_e_neg_e_loss: 0.017738013884292435 at global step: 450
INFO - 11/16/20 02:39:09 - 6:52:11 - Average concat_pos_m_neg_m_num_examples: 0.0 at global step: 450
INFO - 11/16/20 02:39:09 - 6:52:11 - Average concat_pos_m_neg_e_num_examples: 0.0 at global step: 450
INFO - 11/16/20 02:39:09 - 6:52:11 - Average concat_pos_e_neg_m_num_examples: 0.0 at global step: 450
INFO - 11/16/20 02:39:09 - 6:52:11 - Average concat_pos_e_neg_e_num_examples: 658.56 at global step: 450
INFO - 11/16/20 02:39:09 - 6:52:11 - Using m-e edges for training
INFO - 11/16/20 03:03:40 - 7:16:42 - Average concat_loss: 0.014563305287439718 at global step: 475
INFO - 11/16/20 03:03:40 - 7:16:42 - Average concat_num_examples: 722.4 at global step: 475
INFO - 11/16/20 03:03:40 - 7:16:42 - Average concat_pos_m_neg_m_loss: 0.0 at global step: 475
INFO - 11/16/20 03:03:40 - 7:16:42 - Average concat_pos_m_neg_e_loss: 0.0 at global step: 475
INFO - 11/16/20 03:03:40 - 7:16:42 - Average concat_pos_e_neg_m_loss: 0.0 at global step: 475
INFO - 11/16/20 03:03:40 - 7:16:42 - Average concat_pos_e_neg_e_loss: 0.014563305287439718 at global step: 475
INFO - 11/16/20 03:03:40 - 7:16:42 - Average concat_pos_m_neg_m_num_examples: 0.0 at global step: 475
INFO - 11/16/20 03:03:40 - 7:16:42 - Average concat_pos_m_neg_e_num_examples: 0.0 at global step: 475
INFO - 11/16/20 03:03:40 - 7:16:42 - Average concat_pos_e_neg_m_num_examples: 0.0 at global step: 475
INFO - 11/16/20 03:03:40 - 7:16:42 - Average concat_pos_e_neg_e_num_examples: 722.4 at global step: 475
INFO - 11/16/20 03:03:40 - 7:16:42 - Using m-e edges for training
INFO - 11/16/20 03:26:14 - 7:39:16 - Average concat_loss: 0.01988320964246256 at global step: 500
INFO - 11/16/20 03:26:14 - 7:39:16 - Average concat_num_examples: 665.76 at global step: 500
INFO - 11/16/20 03:26:14 - 7:39:16 - Average concat_pos_m_neg_m_loss: 0.0 at global step: 500
INFO - 11/16/20 03:26:14 - 7:39:16 - Average concat_pos_m_neg_e_loss: 0.0 at global step: 500
INFO - 11/16/20 03:26:14 - 7:39:16 - Average concat_pos_e_neg_m_loss: 0.0 at global step: 500
INFO - 11/16/20 03:26:14 - 7:39:16 - Average concat_pos_e_neg_e_loss: 0.01988320964246256 at global step: 500
INFO - 11/16/20 03:26:14 - 7:39:16 - Average concat_pos_m_neg_m_num_examples: 0.0 at global step: 500
INFO - 11/16/20 03:26:14 - 7:39:16 - Average concat_pos_m_neg_e_num_examples: 0.0 at global step: 500
INFO - 11/16/20 03:26:14 - 7:39:16 - Average concat_pos_e_neg_m_num_examples: 0.0 at global step: 500
INFO - 11/16/20 03:26:14 - 7:39:16 - Average concat_pos_e_neg_e_num_examples: 665.76 at global step: 500
INFO - 11/16/20 03:26:14 - 7:39:16 - Using m-e edges for training
INFO - 11/16/20 03:39:01 - 7:52:03 - Configuration saved in /mnt/nfs/scratch1/rangell/lerac/coref_entity_linking/experiments/BC5CDR-c/cluster_linking/exp_0_m-e/checkpoint-516/affinity_model_model/m_e_model/config.json
INFO - 11/16/20 03:39:06 - 7:52:08 - Model weights saved in /mnt/nfs/scratch1/rangell/lerac/coref_entity_linking/experiments/BC5CDR-c/cluster_linking/exp_0_m-e/checkpoint-516/affinity_model_model/m_e_model/pytorch_model.bin
INFO - 11/16/20 03:39:06 - 7:52:08 - Configuration saved in /mnt/nfs/scratch1/rangell/lerac/coref_entity_linking/experiments/BC5CDR-c/cluster_linking/exp_0_m-e/checkpoint-516/affinity_model_model/m_m_model/config.json
INFO - 11/16/20 03:39:12 - 7:52:14 - Model weights saved in /mnt/nfs/scratch1/rangell/lerac/coref_entity_linking/experiments/BC5CDR-c/cluster_linking/exp_0_m-e/checkpoint-516/affinity_model_model/m_m_model/pytorch_model.bin
INFO - 11/16/20 03:39:12 - 7:52:14 - ********** [END] epoch: 2 **********
INFO - 11/16/20 03:39:12 - 7:52:14 - ********** [START] epoch: 3 **********
INFO - 11/16/20 03:39:12 - 7:52:14 - num_batches: 172
INFO - 11/16/20 03:47:26 - 8:00:29 - Average concat_loss: 0.019471838376836116 at global step: 525
INFO - 11/16/20 03:47:26 - 8:00:29 - Average concat_num_examples: 624.96 at global step: 525
INFO - 11/16/20 03:47:26 - 8:00:29 - Average concat_pos_m_neg_m_loss: 0.0 at global step: 525
INFO - 11/16/20 03:47:26 - 8:00:29 - Average concat_pos_m_neg_e_loss: 0.0 at global step: 525
INFO - 11/16/20 03:47:26 - 8:00:29 - Average concat_pos_e_neg_m_loss: 0.0 at global step: 525
INFO - 11/16/20 03:47:26 - 8:00:29 - Average concat_pos_e_neg_e_loss: 0.019471838376836116 at global step: 525
INFO - 11/16/20 03:47:26 - 8:00:29 - Average concat_pos_m_neg_m_num_examples: 0.0 at global step: 525
INFO - 11/16/20 03:47:26 - 8:00:29 - Average concat_pos_m_neg_e_num_examples: 0.0 at global step: 525
INFO - 11/16/20 03:47:26 - 8:00:29 - Average concat_pos_e_neg_m_num_examples: 0.0 at global step: 525
INFO - 11/16/20 03:47:26 - 8:00:29 - Average concat_pos_e_neg_e_num_examples: 624.96 at global step: 525
INFO - 11/16/20 03:47:26 - 8:00:29 - Using m-e edges for training
INFO - 11/16/20 04:08:22 - 8:21:24 - Average concat_loss: 0.01148499693054285 at global step: 550
INFO - 11/16/20 04:08:22 - 8:21:24 - Average concat_num_examples: 609.6 at global step: 550
INFO - 11/16/20 04:08:22 - 8:21:24 - Average concat_pos_m_neg_m_loss: 0.0 at global step: 550
INFO - 11/16/20 04:08:22 - 8:21:24 - Average concat_pos_m_neg_e_loss: 0.0 at global step: 550
INFO - 11/16/20 04:08:22 - 8:21:24 - Average concat_pos_e_neg_m_loss: 0.0 at global step: 550
INFO - 11/16/20 04:08:22 - 8:21:24 - Average concat_pos_e_neg_e_loss: 0.01148499693054285 at global step: 550
INFO - 11/16/20 04:08:22 - 8:21:24 - Average concat_pos_m_neg_m_num_examples: 0.0 at global step: 550
INFO - 11/16/20 04:08:22 - 8:21:24 - Average concat_pos_m_neg_e_num_examples: 0.0 at global step: 550
INFO - 11/16/20 04:08:22 - 8:21:24 - Average concat_pos_e_neg_m_num_examples: 0.0 at global step: 550
INFO - 11/16/20 04:08:22 - 8:21:24 - Average concat_pos_e_neg_e_num_examples: 609.6 at global step: 550
INFO - 11/16/20 04:08:22 - 8:21:24 - Using m-e edges for training
INFO - 11/16/20 04:30:56 - 8:43:58 - Average concat_loss: 0.00835263812961001 at global step: 575
INFO - 11/16/20 04:30:56 - 8:43:58 - Average concat_num_examples: 666.4 at global step: 575
INFO - 11/16/20 04:30:56 - 8:43:58 - Average concat_pos_m_neg_m_loss: 0.0 at global step: 575
INFO - 11/16/20 04:30:56 - 8:43:58 - Average concat_pos_m_neg_e_loss: 0.0 at global step: 575
INFO - 11/16/20 04:30:56 - 8:43:58 - Average concat_pos_e_neg_m_loss: 0.0 at global step: 575
INFO - 11/16/20 04:30:56 - 8:43:58 - Average concat_pos_e_neg_e_loss: 0.00835263812961001 at global step: 575
INFO - 11/16/20 04:30:56 - 8:43:58 - Average concat_pos_m_neg_m_num_examples: 0.0 at global step: 575
INFO - 11/16/20 04:30:56 - 8:43:58 - Average concat_pos_m_neg_e_num_examples: 0.0 at global step: 575
INFO - 11/16/20 04:30:56 - 8:43:58 - Average concat_pos_e_neg_m_num_examples: 0.0 at global step: 575
INFO - 11/16/20 04:30:56 - 8:43:58 - Average concat_pos_e_neg_e_num_examples: 666.4 at global step: 575
INFO - 11/16/20 04:30:56 - 8:43:58 - Using m-e edges for training
INFO - 11/16/20 04:53:44 - 9:06:46 - Average concat_loss: 0.013147354351075804 at global step: 600
INFO - 11/16/20 04:53:44 - 9:06:46 - Average concat_num_examples: 677.76 at global step: 600
INFO - 11/16/20 04:53:44 - 9:06:46 - Average concat_pos_m_neg_m_loss: 0.0 at global step: 600
INFO - 11/16/20 04:53:44 - 9:06:46 - Average concat_pos_m_neg_e_loss: 0.0 at global step: 600
INFO - 11/16/20 04:53:44 - 9:06:46 - Average concat_pos_e_neg_m_loss: 0.0 at global step: 600
INFO - 11/16/20 04:53:44 - 9:06:46 - Average concat_pos_e_neg_e_loss: 0.013147354351075804 at global step: 600
INFO - 11/16/20 04:53:44 - 9:06:46 - Average concat_pos_m_neg_m_num_examples: 0.0 at global step: 600
INFO - 11/16/20 04:53:44 - 9:06:46 - Average concat_pos_m_neg_e_num_examples: 0.0 at global step: 600
INFO - 11/16/20 04:53:44 - 9:06:46 - Average concat_pos_e_neg_m_num_examples: 0.0 at global step: 600
INFO - 11/16/20 04:53:44 - 9:06:46 - Average concat_pos_e_neg_e_num_examples: 677.76 at global step: 600
INFO - 11/16/20 04:53:44 - 9:06:46 - Using m-e edges for training
INFO - 11/16/20 05:16:24 - 9:29:26 - Average concat_loss: 0.010987142383352437 at global step: 625
INFO - 11/16/20 05:16:24 - 9:29:26 - Average concat_num_examples: 670.56 at global step: 625
INFO - 11/16/20 05:16:24 - 9:29:26 - Average concat_pos_m_neg_m_loss: 0.0 at global step: 625
INFO - 11/16/20 05:16:24 - 9:29:26 - Average concat_pos_m_neg_e_loss: 0.0 at global step: 625
INFO - 11/16/20 05:16:24 - 9:29:26 - Average concat_pos_e_neg_m_loss: 0.0 at global step: 625
INFO - 11/16/20 05:16:24 - 9:29:26 - Average concat_pos_e_neg_e_loss: 0.010987142383352437 at global step: 625
INFO - 11/16/20 05:16:24 - 9:29:26 - Average concat_pos_m_neg_m_num_examples: 0.0 at global step: 625
INFO - 11/16/20 05:16:24 - 9:29:26 - Average concat_pos_m_neg_e_num_examples: 0.0 at global step: 625
INFO - 11/16/20 05:16:24 - 9:29:26 - Average concat_pos_e_neg_m_num_examples: 0.0 at global step: 625
INFO - 11/16/20 05:16:24 - 9:29:26 - Average concat_pos_e_neg_e_num_examples: 670.56 at global step: 625
INFO - 11/16/20 05:16:24 - 9:29:26 - Using m-e edges for training
INFO - 11/16/20 05:40:52 - 9:53:54 - Average concat_loss: 0.010221081005787067 at global step: 650
INFO - 11/16/20 05:40:52 - 9:53:54 - Average concat_num_examples: 723.84 at global step: 650
INFO - 11/16/20 05:40:52 - 9:53:54 - Average concat_pos_m_neg_m_loss: 0.0 at global step: 650
INFO - 11/16/20 05:40:52 - 9:53:54 - Average concat_pos_m_neg_e_loss: 0.0 at global step: 650
INFO - 11/16/20 05:40:52 - 9:53:54 - Average concat_pos_e_neg_m_loss: 0.0 at global step: 650
INFO - 11/16/20 05:40:52 - 9:53:54 - Average concat_pos_e_neg_e_loss: 0.010221081005787067 at global step: 650
INFO - 11/16/20 05:40:52 - 9:53:54 - Average concat_pos_m_neg_m_num_examples: 0.0 at global step: 650
INFO - 11/16/20 05:40:52 - 9:53:54 - Average concat_pos_m_neg_e_num_examples: 0.0 at global step: 650
INFO - 11/16/20 05:40:52 - 9:53:54 - Average concat_pos_e_neg_m_num_examples: 0.0 at global step: 650
INFO - 11/16/20 05:40:52 - 9:53:54 - Average concat_pos_e_neg_e_num_examples: 723.84 at global step: 650
INFO - 11/16/20 05:40:52 - 9:53:54 - Using m-e edges for training
INFO - 11/16/20 06:04:22 - 10:17:25 - Average concat_loss: 0.003155536414893862 at global step: 675
INFO - 11/16/20 06:04:22 - 10:17:25 - Average concat_num_examples: 688.96 at global step: 675
INFO - 11/16/20 06:04:22 - 10:17:25 - Average concat_pos_m_neg_m_loss: 0.0 at global step: 675
INFO - 11/16/20 06:04:22 - 10:17:25 - Average concat_pos_m_neg_e_loss: 0.0 at global step: 675
INFO - 11/16/20 06:04:22 - 10:17:25 - Average concat_pos_e_neg_m_loss: 0.0 at global step: 675
INFO - 11/16/20 06:04:22 - 10:17:25 - Average concat_pos_e_neg_e_loss: 0.003155536414893862 at global step: 675
INFO - 11/16/20 06:04:22 - 10:17:25 - Average concat_pos_m_neg_m_num_examples: 0.0 at global step: 675
INFO - 11/16/20 06:04:22 - 10:17:25 - Average concat_pos_m_neg_e_num_examples: 0.0 at global step: 675
INFO - 11/16/20 06:04:22 - 10:17:25 - Average concat_pos_e_neg_m_num_examples: 0.0 at global step: 675
INFO - 11/16/20 06:04:22 - 10:17:25 - Average concat_pos_e_neg_e_num_examples: 688.96 at global step: 675
INFO - 11/16/20 06:04:22 - 10:17:25 - Using m-e edges for training
INFO - 11/16/20 06:16:48 - 10:29:50 - Configuration saved in /mnt/nfs/scratch1/rangell/lerac/coref_entity_linking/experiments/BC5CDR-c/cluster_linking/exp_0_m-e/checkpoint-688/affinity_model_model/m_e_model/config.json
INFO - 11/16/20 06:16:54 - 10:29:56 - Model weights saved in /mnt/nfs/scratch1/rangell/lerac/coref_entity_linking/experiments/BC5CDR-c/cluster_linking/exp_0_m-e/checkpoint-688/affinity_model_model/m_e_model/pytorch_model.bin
INFO - 11/16/20 06:16:54 - 10:29:56 - Configuration saved in /mnt/nfs/scratch1/rangell/lerac/coref_entity_linking/experiments/BC5CDR-c/cluster_linking/exp_0_m-e/checkpoint-688/affinity_model_model/m_m_model/config.json
INFO - 11/16/20 06:16:59 - 10:30:02 - Model weights saved in /mnt/nfs/scratch1/rangell/lerac/coref_entity_linking/experiments/BC5CDR-c/cluster_linking/exp_0_m-e/checkpoint-688/affinity_model_model/m_m_model/pytorch_model.bin
INFO - 11/16/20 06:17:00 - 10:30:02 - ********** [END] epoch: 3 **********
INFO - 11/16/20 06:17:00 - 10:30:02 - ********** [START] epoch: 4 **********
INFO - 11/16/20 06:17:00 - 10:30:02 - num_batches: 172
INFO - 11/16/20 06:28:06 - 10:41:08 - Average concat_loss: 0.004477337843750777 at global step: 700
INFO - 11/16/20 06:28:06 - 10:41:08 - Average concat_num_examples: 698.24 at global step: 700
INFO - 11/16/20 06:28:06 - 10:41:08 - Average concat_pos_m_neg_m_loss: 0.0 at global step: 700
INFO - 11/16/20 06:28:06 - 10:41:08 - Average concat_pos_m_neg_e_loss: 0.0 at global step: 700
INFO - 11/16/20 06:28:06 - 10:41:08 - Average concat_pos_e_neg_m_loss: 0.0 at global step: 700
INFO - 11/16/20 06:28:06 - 10:41:08 - Average concat_pos_e_neg_e_loss: 0.004477337843750777 at global step: 700
INFO - 11/16/20 06:28:06 - 10:41:08 - Average concat_pos_m_neg_m_num_examples: 0.0 at global step: 700
INFO - 11/16/20 06:28:06 - 10:41:08 - Average concat_pos_m_neg_e_num_examples: 0.0 at global step: 700
INFO - 11/16/20 06:28:06 - 10:41:08 - Average concat_pos_e_neg_m_num_examples: 0.0 at global step: 700
INFO - 11/16/20 06:28:06 - 10:41:08 - Average concat_pos_e_neg_e_num_examples: 698.24 at global step: 700
INFO - 11/16/20 06:28:06 - 10:41:08 - Using m-e edges for training
INFO - 11/16/20 06:51:21 - 11:04:23 - Average concat_loss: 0.0168065022289424 at global step: 725
INFO - 11/16/20 06:51:21 - 11:04:23 - Average concat_num_examples: 684.48 at global step: 725
INFO - 11/16/20 06:51:21 - 11:04:23 - Average concat_pos_m_neg_m_loss: 0.0 at global step: 725
INFO - 11/16/20 06:51:21 - 11:04:23 - Average concat_pos_m_neg_e_loss: 0.0 at global step: 725
INFO - 11/16/20 06:51:21 - 11:04:23 - Average concat_pos_e_neg_m_loss: 0.0 at global step: 725
INFO - 11/16/20 06:51:21 - 11:04:23 - Average concat_pos_e_neg_e_loss: 0.0168065022289424 at global step: 725
INFO - 11/16/20 06:51:21 - 11:04:23 - Average concat_pos_m_neg_m_num_examples: 0.0 at global step: 725
INFO - 11/16/20 06:51:21 - 11:04:23 - Average concat_pos_m_neg_e_num_examples: 0.0 at global step: 725
INFO - 11/16/20 06:51:21 - 11:04:23 - Average concat_pos_e_neg_m_num_examples: 0.0 at global step: 725
INFO - 11/16/20 06:51:21 - 11:04:23 - Average concat_pos_e_neg_e_num_examples: 684.48 at global step: 725
INFO - 11/16/20 06:51:21 - 11:04:23 - Using m-e edges for training
INFO - 11/16/20 07:12:48 - 11:25:50 - Average concat_loss: 0.004339783848932963 at global step: 750
INFO - 11/16/20 07:12:48 - 11:25:50 - Average concat_num_examples: 635.2 at global step: 750
INFO - 11/16/20 07:12:48 - 11:25:50 - Average concat_pos_m_neg_m_loss: 0.0 at global step: 750
INFO - 11/16/20 07:12:48 - 11:25:50 - Average concat_pos_m_neg_e_loss: 0.0 at global step: 750
INFO - 11/16/20 07:12:48 - 11:25:50 - Average concat_pos_e_neg_m_loss: 0.0 at global step: 750
INFO - 11/16/20 07:12:48 - 11:25:50 - Average concat_pos_e_neg_e_loss: 0.004339783848932963 at global step: 750
INFO - 11/16/20 07:12:48 - 11:25:50 - Average concat_pos_m_neg_m_num_examples: 0.0 at global step: 750
INFO - 11/16/20 07:12:48 - 11:25:50 - Average concat_pos_m_neg_e_num_examples: 0.0 at global step: 750
INFO - 11/16/20 07:12:48 - 11:25:50 - Average concat_pos_e_neg_m_num_examples: 0.0 at global step: 750
INFO - 11/16/20 07:12:48 - 11:25:50 - Average concat_pos_e_neg_e_num_examples: 635.2 at global step: 750
INFO - 11/16/20 07:12:48 - 11:25:50 - Using m-e edges for training
INFO - 11/16/20 07:35:55 - 11:48:57 - Average concat_loss: 0.002326223202587282 at global step: 775
INFO - 11/16/20 07:35:55 - 11:48:57 - Average concat_num_examples: 683.04 at global step: 775
INFO - 11/16/20 07:35:55 - 11:48:57 - Average concat_pos_m_neg_m_loss: 0.0 at global step: 775
INFO - 11/16/20 07:35:55 - 11:48:57 - Average concat_pos_m_neg_e_loss: 0.0 at global step: 775
INFO - 11/16/20 07:35:55 - 11:48:57 - Average concat_pos_e_neg_m_loss: 0.0 at global step: 775
INFO - 11/16/20 07:35:55 - 11:48:57 - Average concat_pos_e_neg_e_loss: 0.002326223202587282 at global step: 775
INFO - 11/16/20 07:35:55 - 11:48:57 - Average concat_pos_m_neg_m_num_examples: 0.0 at global step: 775
INFO - 11/16/20 07:35:55 - 11:48:57 - Average concat_pos_m_neg_e_num_examples: 0.0 at global step: 775
INFO - 11/16/20 07:35:55 - 11:48:57 - Average concat_pos_e_neg_m_num_examples: 0.0 at global step: 775
INFO - 11/16/20 07:35:55 - 11:48:57 - Average concat_pos_e_neg_e_num_examples: 683.04 at global step: 775
INFO - 11/16/20 07:35:55 - 11:48:57 - Using m-e edges for training
INFO - 11/16/20 07:58:24 - 12:11:26 - Average concat_loss: 0.007556980236827997 at global step: 800
INFO - 11/16/20 07:58:24 - 12:11:26 - Average concat_num_examples: 662.4 at global step: 800
INFO - 11/16/20 07:58:24 - 12:11:26 - Average concat_pos_m_neg_m_loss: 0.0 at global step: 800
INFO - 11/16/20 07:58:24 - 12:11:26 - Average concat_pos_m_neg_e_loss: 0.0 at global step: 800
INFO - 11/16/20 07:58:24 - 12:11:26 - Average concat_pos_e_neg_m_loss: 0.0 at global step: 800
INFO - 11/16/20 07:58:24 - 12:11:26 - Average concat_pos_e_neg_e_loss: 0.007556980236827997 at global step: 800
INFO - 11/16/20 07:58:24 - 12:11:26 - Average concat_pos_m_neg_m_num_examples: 0.0 at global step: 800
INFO - 11/16/20 07:58:24 - 12:11:26 - Average concat_pos_m_neg_e_num_examples: 0.0 at global step: 800
INFO - 11/16/20 07:58:24 - 12:11:26 - Average concat_pos_e_neg_m_num_examples: 0.0 at global step: 800
INFO - 11/16/20 07:58:24 - 12:11:26 - Average concat_pos_e_neg_e_num_examples: 662.4 at global step: 800
INFO - 11/16/20 07:58:24 - 12:11:26 - Using m-e edges for training
INFO - 11/16/20 08:22:31 - 12:35:33 - Average concat_loss: 0.006441122626009841 at global step: 825
INFO - 11/16/20 08:22:31 - 12:35:33 - Average concat_num_examples: 712.0 at global step: 825
INFO - 11/16/20 08:22:31 - 12:35:33 - Average concat_pos_m_neg_m_loss: 0.0 at global step: 825
INFO - 11/16/20 08:22:31 - 12:35:33 - Average concat_pos_m_neg_e_loss: 0.0 at global step: 825
INFO - 11/16/20 08:22:31 - 12:35:33 - Average concat_pos_e_neg_m_loss: 0.0 at global step: 825
INFO - 11/16/20 08:22:31 - 12:35:33 - Average concat_pos_e_neg_e_loss: 0.006441122626009841 at global step: 825
INFO - 11/16/20 08:22:31 - 12:35:33 - Average concat_pos_m_neg_m_num_examples: 0.0 at global step: 825
INFO - 11/16/20 08:22:31 - 12:35:33 - Average concat_pos_m_neg_e_num_examples: 0.0 at global step: 825
INFO - 11/16/20 08:22:31 - 12:35:33 - Average concat_pos_e_neg_m_num_examples: 0.0 at global step: 825
INFO - 11/16/20 08:22:31 - 12:35:33 - Average concat_pos_e_neg_e_num_examples: 712.0 at global step: 825
INFO - 11/16/20 08:22:31 - 12:35:33 - Using m-e edges for training
INFO - 11/16/20 08:45:53 - 12:58:55 - Average concat_loss: 0.0012351233720416346 at global step: 850
INFO - 11/16/20 08:45:53 - 12:58:55 - Average concat_num_examples: 686.4 at global step: 850
INFO - 11/16/20 08:45:53 - 12:58:55 - Average concat_pos_m_neg_m_loss: 0.0 at global step: 850
INFO - 11/16/20 08:45:53 - 12:58:55 - Average concat_pos_m_neg_e_loss: 0.0 at global step: 850
INFO - 11/16/20 08:45:53 - 12:58:55 - Average concat_pos_e_neg_m_loss: 0.0 at global step: 850
INFO - 11/16/20 08:45:53 - 12:58:55 - Average concat_pos_e_neg_e_loss: 0.0012351233720416346 at global step: 850
INFO - 11/16/20 08:45:53 - 12:58:55 - Average concat_pos_m_neg_m_num_examples: 0.0 at global step: 850
INFO - 11/16/20 08:45:53 - 12:58:55 - Average concat_pos_m_neg_e_num_examples: 0.0 at global step: 850
INFO - 11/16/20 08:45:53 - 12:58:55 - Average concat_pos_e_neg_m_num_examples: 0.0 at global step: 850
INFO - 11/16/20 08:45:53 - 12:58:55 - Average concat_pos_e_neg_e_num_examples: 686.4 at global step: 850
INFO - 11/16/20 08:45:53 - 12:58:55 - Using m-e edges for training
INFO - 11/16/20 08:54:35 - 13:07:37 - Configuration saved in /mnt/nfs/scratch1/rangell/lerac/coref_entity_linking/experiments/BC5CDR-c/cluster_linking/exp_0_m-e/checkpoint-860/affinity_model_model/m_e_model/config.json
INFO - 11/16/20 08:54:40 - 13:07:42 - Model weights saved in /mnt/nfs/scratch1/rangell/lerac/coref_entity_linking/experiments/BC5CDR-c/cluster_linking/exp_0_m-e/checkpoint-860/affinity_model_model/m_e_model/pytorch_model.bin
INFO - 11/16/20 08:54:40 - 13:07:42 - Configuration saved in /mnt/nfs/scratch1/rangell/lerac/coref_entity_linking/experiments/BC5CDR-c/cluster_linking/exp_0_m-e/checkpoint-860/affinity_model_model/m_m_model/config.json
INFO - 11/16/20 08:54:45 - 13:07:48 - Model weights saved in /mnt/nfs/scratch1/rangell/lerac/coref_entity_linking/experiments/BC5CDR-c/cluster_linking/exp_0_m-e/checkpoint-860/affinity_model_model/m_m_model/pytorch_model.bin
INFO - 11/16/20 08:54:46 - 13:07:48 - ********** [END] epoch: 4 **********
INFO - 11/16/20 08:54:46 - 13:07:48 - Training complete
